ARM GAS  C:\Users\Joshua\AppData\Local\Temp\cctS9dWZ.s 			page 1


   1              		.syntax unified
   2              		.cpu cortex-m3
   3              		.fpu softvfp
   4              		.eabi_attribute 20, 1
   5              		.eabi_attribute 21, 1
   6              		.eabi_attribute 23, 3
   7              		.eabi_attribute 24, 1
   8              		.eabi_attribute 25, 1
   9              		.eabi_attribute 26, 1
  10              		.eabi_attribute 30, 1
  11              		.eabi_attribute 34, 1
  12              		.eabi_attribute 18, 4
  13              		.thumb
  14              		.syntax unified
  15              		.file	"cymetadata.c"
  16              		.text
  17              	.Ltext0:
  18              		.cfi_sections	.debug_frame
  19              		.global	cy_metadata
  20              		.global	cy_meta_flashprotect
  21              		.global	cy_meta_wonvl
  22              		.global	cy_meta_custnvl
  23              		.global	cy_meta_configecc
  24              		.section	.cyconfigecc,"a",%progbits
  25              		.align	2
  26              		.type	cy_meta_configecc, %object
  27              		.size	cy_meta_configecc, 816
  28              	cy_meta_configecc:
  29 0000 02       		.byte	2
  30 0001 4F       		.byte	79
  31 0002 00       		.byte	0
  32 0003 40       		.byte	64
  33 0004 01       		.byte	1
  34 0005 52       		.byte	82
  35 0006 00       		.byte	0
  36 0007 40       		.byte	64
  37 0008 02       		.byte	2
  38 0009 5A       		.byte	90
  39 000a 00       		.byte	0
  40 000b 40       		.byte	64
  41 000c 03       		.byte	3
  42 000d 64       		.byte	100
  43 000e 00       		.byte	0
  44 000f 40       		.byte	64
  45 0010 4A       		.byte	74
  46 0011 02       		.byte	2
  47 0012 01       		.byte	1
  48 0013 40       		.byte	64
  49 0014 2E       		.byte	46
  50 0015 03       		.byte	3
  51 0016 01       		.byte	1
  52 0017 40       		.byte	64
  53 0018 03       		.byte	3
  54 0019 05       		.byte	5
  55 001a 01       		.byte	1
  56 001b 40       		.byte	64
  57 001c 04       		.byte	4
ARM GAS  C:\Users\Joshua\AppData\Local\Temp\cctS9dWZ.s 			page 2


  58 001d 06       		.byte	6
  59 001e 01       		.byte	1
  60 001f 40       		.byte	64
  61 0020 04       		.byte	4
  62 0021 07       		.byte	7
  63 0022 01       		.byte	1
  64 0023 40       		.byte	64
  65 0024 01       		.byte	1
  66 0025 09       		.byte	9
  67 0026 01       		.byte	1
  68 0027 40       		.byte	64
  69 0028 30       		.byte	48
  70 0029 0A       		.byte	10
  71 002a 01       		.byte	1
  72 002b 40       		.byte	64
  73 002c 12       		.byte	18
  74 002d 0B       		.byte	11
  75 002e 01       		.byte	1
  76 002f 40       		.byte	64
  77 0030 1F       		.byte	31
  78 0031 0C       		.byte	12
  79 0032 01       		.byte	1
  80 0033 40       		.byte	64
  81 0034 12       		.byte	18
  82 0035 0D       		.byte	13
  83 0036 01       		.byte	1
  84 0037 40       		.byte	64
  85 0038 01       		.byte	1
  86 0039 15       		.byte	21
  87 003a 01       		.byte	1
  88 003b 40       		.byte	64
  89 003c 01       		.byte	1
  90 003d 17       		.byte	23
  91 003e 01       		.byte	1
  92 003f 40       		.byte	64
  93 0040 01       		.byte	1
  94 0041 19       		.byte	25
  95 0042 01       		.byte	1
  96 0043 40       		.byte	64
  97 0044 01       		.byte	1
  98 0045 1B       		.byte	27
  99 0046 01       		.byte	1
 100 0047 40       		.byte	64
 101 0048 07       		.byte	7
 102 0049 40       		.byte	64
 103 004a 01       		.byte	1
 104 004b 40       		.byte	64
 105 004c 0C       		.byte	12
 106 004d 41       		.byte	65
 107 004e 01       		.byte	1
 108 004f 40       		.byte	64
 109 0050 07       		.byte	7
 110 0051 42       		.byte	66
 111 0052 01       		.byte	1
 112 0053 40       		.byte	64
 113 0054 07       		.byte	7
 114 0055 43       		.byte	67
ARM GAS  C:\Users\Joshua\AppData\Local\Temp\cctS9dWZ.s 			page 3


 115 0056 01       		.byte	1
 116 0057 40       		.byte	64
 117 0058 04       		.byte	4
 118 0059 44       		.byte	68
 119 005a 01       		.byte	1
 120 005b 40       		.byte	64
 121 005c 06       		.byte	6
 122 005d 45       		.byte	69
 123 005e 01       		.byte	1
 124 005f 40       		.byte	64
 125 0060 03       		.byte	3
 126 0061 46       		.byte	70
 127 0062 01       		.byte	1
 128 0063 40       		.byte	64
 129 0064 02       		.byte	2
 130 0065 47       		.byte	71
 131 0066 01       		.byte	1
 132 0067 40       		.byte	64
 133 0068 03       		.byte	3
 134 0069 48       		.byte	72
 135 006a 01       		.byte	1
 136 006b 40       		.byte	64
 137 006c 04       		.byte	4
 138 006d 49       		.byte	73
 139 006e 01       		.byte	1
 140 006f 40       		.byte	64
 141 0070 03       		.byte	3
 142 0071 4C       		.byte	76
 143 0072 01       		.byte	1
 144 0073 40       		.byte	64
 145 0074 02       		.byte	2
 146 0075 4D       		.byte	77
 147 0076 01       		.byte	1
 148 0077 40       		.byte	64
 149 0078 05       		.byte	5
 150 0079 50       		.byte	80
 151 007a 01       		.byte	1
 152 007b 40       		.byte	64
 153 007c 02       		.byte	2
 154 007d 51       		.byte	81
 155 007e 01       		.byte	1
 156 007f 40       		.byte	64
 157 0080 01       		.byte	1
 158 0081 80       		.byte	-128
 159 0082 0A       		.byte	10
 160 0083 27       		.byte	39
 161 0084 00       		.byte	0
 162 0085 08       		.byte	8
 163 0086 87       		.byte	-121
 164 0087 01       		.byte	1
 165 0088 8F       		.byte	-113
 166 0089 01       		.byte	1
 167 008a 22       		.byte	34
 168 008b C7       		.byte	-57
 169 008c 83       		.byte	-125
 170 008d 0D       		.byte	13
 171 008e 8C       		.byte	-116
ARM GAS  C:\Users\Joshua\AppData\Local\Temp\cctS9dWZ.s 			page 4


 172 008f 0D       		.byte	13
 173 0090 06       		.byte	6
 174 0091 01       		.byte	1
 175 0092 12       		.byte	18
 176 0093 02       		.byte	2
 177 0094 16       		.byte	22
 178 0095 04       		.byte	4
 179 0096 18       		.byte	24
 180 0097 02       		.byte	2
 181 0098 1A       		.byte	26
 182 0099 01       		.byte	1
 183 009a 2E       		.byte	46
 184 009b 04       		.byte	4
 185 009c 30       		.byte	48
 186 009d 03       		.byte	3
 187 009e 34       		.byte	52
 188 009f 04       		.byte	4
 189 00a0 3B       		.byte	59
 190 00a1 C0       		.byte	-64
 191 00a2 3E       		.byte	62
 192 00a3 10       		.byte	16
 193 00a4 40       		.byte	64
 194 00a5 64       		.byte	100
 195 00a6 45       		.byte	69
 196 00a7 02       		.byte	2
 197 00a8 48       		.byte	72
 198 00a9 01       		.byte	1
 199 00aa 49       		.byte	73
 200 00ab FF       		.byte	-1
 201 00ac 4A       		.byte	74
 202 00ad FF       		.byte	-1
 203 00ae 4B       		.byte	75
 204 00af FF       		.byte	-1
 205 00b0 58       		.byte	88
 206 00b1 04       		.byte	4
 207 00b2 59       		.byte	89
 208 00b3 08       		.byte	8
 209 00b4 5A       		.byte	90
 210 00b5 04       		.byte	4
 211 00b6 5B       		.byte	91
 212 00b7 04       		.byte	4
 213 00b8 5C       		.byte	92
 214 00b9 22       		.byte	34
 215 00ba 5D       		.byte	93
 216 00bb 02       		.byte	2
 217 00bc 5F       		.byte	95
 218 00bd 01       		.byte	1
 219 00be 60       		.byte	96
 220 00bf 80       		.byte	-128
 221 00c0 62       		.byte	98
 222 00c1 40       		.byte	64
 223 00c2 63       		.byte	99
 224 00c3 40       		.byte	64
 225 00c4 64       		.byte	100
 226 00c5 40       		.byte	64
 227 00c6 65       		.byte	101
 228 00c7 40       		.byte	64
ARM GAS  C:\Users\Joshua\AppData\Local\Temp\cctS9dWZ.s 			page 5


 229 00c8 66       		.byte	102
 230 00c9 80       		.byte	-128
 231 00ca 68       		.byte	104
 232 00cb 80       		.byte	-128
 233 00cc 6A       		.byte	106
 234 00cd 80       		.byte	-128
 235 00ce 6C       		.byte	108
 236 00cf 80       		.byte	-128
 237 00d0 6E       		.byte	110
 238 00d1 80       		.byte	-128
 239 00d2 80       		.byte	-128
 240 00d3 01       		.byte	1
 241 00d4 87       		.byte	-121
 242 00d5 01       		.byte	1
 243 00d6 92       		.byte	-110
 244 00d7 08       		.byte	8
 245 00d8 9A       		.byte	-102
 246 00d9 04       		.byte	4
 247 00da AA       		.byte	-86
 248 00db 07       		.byte	7
 249 00dc AB       		.byte	-85
 250 00dd 01       		.byte	1
 251 00de B0       		.byte	-80
 252 00df 01       		.byte	1
 253 00e0 B2       		.byte	-78
 254 00e1 04       		.byte	4
 255 00e2 B3       		.byte	-77
 256 00e3 01       		.byte	1
 257 00e4 B4       		.byte	-76
 258 00e5 08       		.byte	8
 259 00e6 B6       		.byte	-74
 260 00e7 02       		.byte	2
 261 00e8 BF       		.byte	-65
 262 00e9 04       		.byte	4
 263 00ea C0       		.byte	-64
 264 00eb 60       		.byte	96
 265 00ec C1       		.byte	-63
 266 00ed 03       		.byte	3
 267 00ee C5       		.byte	-59
 268 00ef D2       		.byte	-46
 269 00f0 C7       		.byte	-57
 270 00f1 01       		.byte	1
 271 00f2 C8       		.byte	-56
 272 00f3 13       		.byte	19
 273 00f4 C9       		.byte	-55
 274 00f5 FF       		.byte	-1
 275 00f6 CA       		.byte	-54
 276 00f7 FF       		.byte	-1
 277 00f8 CB       		.byte	-53
 278 00f9 FF       		.byte	-1
 279 00fa CD       		.byte	-51
 280 00fb A0       		.byte	-96
 281 00fc CF       		.byte	-49
 282 00fd 04       		.byte	4
 283 00fe D0       		.byte	-48
 284 00ff 18       		.byte	24
 285 0100 D2       		.byte	-46
ARM GAS  C:\Users\Joshua\AppData\Local\Temp\cctS9dWZ.s 			page 6


 286 0101 80       		.byte	-128
 287 0102 D4       		.byte	-44
 288 0103 05       		.byte	5
 289 0104 D8       		.byte	-40
 290 0105 04       		.byte	4
 291 0106 D9       		.byte	-39
 292 0107 04       		.byte	4
 293 0108 DA       		.byte	-38
 294 0109 04       		.byte	4
 295 010a DB       		.byte	-37
 296 010b 04       		.byte	4
 297 010c DC       		.byte	-36
 298 010d 03       		.byte	3
 299 010e DD       		.byte	-35
 300 010f 33       		.byte	51
 301 0110 DF       		.byte	-33
 302 0111 01       		.byte	1
 303 0112 E0       		.byte	-32
 304 0113 40       		.byte	64
 305 0114 E2       		.byte	-30
 306 0115 C0       		.byte	-64
 307 0116 E4       		.byte	-28
 308 0117 40       		.byte	64
 309 0118 E5       		.byte	-27
 310 0119 40       		.byte	64
 311 011a E6       		.byte	-26
 312 011b C0       		.byte	-64
 313 011c E8       		.byte	-24
 314 011d C0       		.byte	-64
 315 011e EA       		.byte	-22
 316 011f C0       		.byte	-64
 317 0120 EC       		.byte	-20
 318 0121 C0       		.byte	-64
 319 0122 EE       		.byte	-18
 320 0123 C0       		.byte	-64
 321 0124 03       		.byte	3
 322 0125 80       		.byte	-128
 323 0126 04       		.byte	4
 324 0127 08       		.byte	8
 325 0128 0A       		.byte	10
 326 0129 04       		.byte	4
 327 012a 0B       		.byte	11
 328 012b 40       		.byte	64
 329 012c 0D       		.byte	13
 330 012d 02       		.byte	2
 331 012e 0F       		.byte	15
 332 012f 28       		.byte	40
 333 0130 12       		.byte	18
 334 0131 08       		.byte	8
 335 0132 15       		.byte	21
 336 0133 40       		.byte	64
 337 0134 19       		.byte	25
 338 0135 10       		.byte	16
 339 0136 1A       		.byte	26
 340 0137 54       		.byte	84
 341 0138 1B       		.byte	27
 342 0139 80       		.byte	-128
ARM GAS  C:\Users\Joshua\AppData\Local\Temp\cctS9dWZ.s 			page 7


 343 013a 1D       		.byte	29
 344 013b 02       		.byte	2
 345 013c 1E       		.byte	30
 346 013d 08       		.byte	8
 347 013e 1F       		.byte	31
 348 013f 02       		.byte	2
 349 0140 22       		.byte	34
 350 0141 04       		.byte	4
 351 0142 25       		.byte	37
 352 0143 80       		.byte	-128
 353 0144 29       		.byte	41
 354 0145 10       		.byte	16
 355 0146 39       		.byte	57
 356 0147 08       		.byte	8
 357 0148 3B       		.byte	59
 358 0149 08       		.byte	8
 359 014a 41       		.byte	65
 360 014b 04       		.byte	4
 361 014c 45       		.byte	69
 362 014d 02       		.byte	2
 363 014e 49       		.byte	73
 364 014f 11       		.byte	17
 365 0150 4B       		.byte	75
 366 0151 08       		.byte	8
 367 0152 4C       		.byte	76
 368 0153 04       		.byte	4
 369 0154 4F       		.byte	79
 370 0155 08       		.byte	8
 371 0156 52       		.byte	82
 372 0157 08       		.byte	8
 373 0158 59       		.byte	89
 374 0159 01       		.byte	1
 375 015a 5A       		.byte	90
 376 015b 48       		.byte	72
 377 015c 6D       		.byte	109
 378 015d 40       		.byte	64
 379 015e 73       		.byte	115
 380 015f 40       		.byte	64
 381 0160 7F       		.byte	127
 382 0161 02       		.byte	2
 383 0162 80       		.byte	-128
 384 0163 04       		.byte	4
 385 0164 8E       		.byte	-114
 386 0165 04       		.byte	4
 387 0166 A5       		.byte	-91
 388 0167 80       		.byte	-128
 389 0168 B5       		.byte	-75
 390 0169 80       		.byte	-128
 391 016a C0       		.byte	-64
 392 016b 28       		.byte	40
 393 016c C2       		.byte	-62
 394 016d 7A       		.byte	122
 395 016e C4       		.byte	-60
 396 016f 82       		.byte	-126
 397 0170 CA       		.byte	-54
 398 0171 04       		.byte	4
 399 0172 CE       		.byte	-50
ARM GAS  C:\Users\Joshua\AppData\Local\Temp\cctS9dWZ.s 			page 8


 400 0173 02       		.byte	2
 401 0174 D0       		.byte	-48
 402 0175 82       		.byte	-126
 403 0176 D2       		.byte	-46
 404 0177 24       		.byte	36
 405 0178 D6       		.byte	-42
 406 0179 0B       		.byte	11
 407 017a DE       		.byte	-34
 408 017b 10       		.byte	16
 409 017c E2       		.byte	-30
 410 017d 40       		.byte	64
 411 017e EA       		.byte	-22
 412 017f 10       		.byte	16
 413 0180 AA       		.byte	-86
 414 0181 10       		.byte	16
 415 0182 B7       		.byte	-73
 416 0183 10       		.byte	16
 417 0184 E8       		.byte	-24
 418 0185 10       		.byte	16
 419 0186 B9       		.byte	-71
 420 0187 82       		.byte	-126
 421 0188 BF       		.byte	-65
 422 0189 41       		.byte	65
 423 018a D9       		.byte	-39
 424 018b 04       		.byte	4
 425 018c DF       		.byte	-33
 426 018d 01       		.byte	1
 427 018e 20       		.byte	32
 428 018f 02       		.byte	2
 429 0190 21       		.byte	33
 430 0191 02       		.byte	2
 431 0192 81       		.byte	-127
 432 0193 02       		.byte	2
 433 0194 EE       		.byte	-18
 434 0195 02       		.byte	2
 435 0196 AE       		.byte	-82
 436 0197 20       		.byte	32
 437 0198 13       		.byte	19
 438 0199 01       		.byte	1
 439 019a 1F       		.byte	31
 440 019b 01       		.byte	1
 441 019c 35       		.byte	53
 442 019d 01       		.byte	1
 443 019e 40       		.byte	64
 444 019f 41       		.byte	65
 445 01a0 41       		.byte	65
 446 01a1 05       		.byte	5
 447 01a2 49       		.byte	73
 448 01a3 FF       		.byte	-1
 449 01a4 4A       		.byte	74
 450 01a5 FF       		.byte	-1
 451 01a6 4B       		.byte	75
 452 01a7 FF       		.byte	-1
 453 01a8 4F       		.byte	79
 454 01a9 01       		.byte	1
 455 01aa 50       		.byte	80
 456 01ab 18       		.byte	24
ARM GAS  C:\Users\Joshua\AppData\Local\Temp\cctS9dWZ.s 			page 9


 457 01ac 52       		.byte	82
 458 01ad 80       		.byte	-128
 459 01ae 59       		.byte	89
 460 01af 04       		.byte	4
 461 01b0 5A       		.byte	90
 462 01b1 04       		.byte	4
 463 01b2 5B       		.byte	91
 464 01b3 04       		.byte	4
 465 01b4 5C       		.byte	92
 466 01b5 10       		.byte	16
 467 01b6 5D       		.byte	93
 468 01b7 11       		.byte	17
 469 01b8 5F       		.byte	95
 470 01b9 01       		.byte	1
 471 01ba 60       		.byte	96
 472 01bb 40       		.byte	64
 473 01bc 62       		.byte	98
 474 01bd 40       		.byte	64
 475 01be 64       		.byte	100
 476 01bf 40       		.byte	64
 477 01c0 65       		.byte	101
 478 01c1 40       		.byte	64
 479 01c2 66       		.byte	102
 480 01c3 80       		.byte	-128
 481 01c4 68       		.byte	104
 482 01c5 80       		.byte	-128
 483 01c6 6A       		.byte	106
 484 01c7 80       		.byte	-128
 485 01c8 6C       		.byte	108
 486 01c9 80       		.byte	-128
 487 01ca 6E       		.byte	110
 488 01cb 80       		.byte	-128
 489 01cc C0       		.byte	-64
 490 01cd 51       		.byte	81
 491 01ce C1       		.byte	-63
 492 01cf 04       		.byte	4
 493 01d0 C9       		.byte	-55
 494 01d1 FF       		.byte	-1
 495 01d2 CA       		.byte	-54
 496 01d3 FF       		.byte	-1
 497 01d4 CB       		.byte	-53
 498 01d5 FF       		.byte	-1
 499 01d6 CD       		.byte	-51
 500 01d7 83       		.byte	-125
 501 01d8 CE       		.byte	-50
 502 01d9 03       		.byte	3
 503 01da CF       		.byte	-49
 504 01db 01       		.byte	1
 505 01dc D0       		.byte	-48
 506 01dd 18       		.byte	24
 507 01de DA       		.byte	-38
 508 01df 04       		.byte	4
 509 01e0 DB       		.byte	-37
 510 01e1 04       		.byte	4
 511 01e2 DD       		.byte	-35
 512 01e3 01       		.byte	1
 513 01e4 DF       		.byte	-33
ARM GAS  C:\Users\Joshua\AppData\Local\Temp\cctS9dWZ.s 			page 10


 514 01e5 01       		.byte	1
 515 01e6 E0       		.byte	-32
 516 01e7 40       		.byte	64
 517 01e8 E2       		.byte	-30
 518 01e9 40       		.byte	64
 519 01ea E4       		.byte	-28
 520 01eb 40       		.byte	64
 521 01ec E5       		.byte	-27
 522 01ed 40       		.byte	64
 523 01ee E6       		.byte	-26
 524 01ef 80       		.byte	-128
 525 01f0 E8       		.byte	-24
 526 01f1 80       		.byte	-128
 527 01f2 EA       		.byte	-22
 528 01f3 80       		.byte	-128
 529 01f4 EC       		.byte	-20
 530 01f5 80       		.byte	-128
 531 01f6 EE       		.byte	-18
 532 01f7 80       		.byte	-128
 533 01f8 22       		.byte	34
 534 01f9 20       		.byte	32
 535 01fa 31       		.byte	49
 536 01fb 82       		.byte	-126
 537 01fc 41       		.byte	65
 538 01fd 82       		.byte	-126
 539 01fe 45       		.byte	69
 540 01ff 80       		.byte	-128
 541 0200 47       		.byte	71
 542 0201 01       		.byte	1
 543 0202 48       		.byte	72
 544 0203 02       		.byte	2
 545 0204 4F       		.byte	79
 546 0205 40       		.byte	64
 547 0206 6C       		.byte	108
 548 0207 02       		.byte	2
 549 0208 6F       		.byte	111
 550 0209 03       		.byte	3
 551 020a 71       		.byte	113
 552 020b 02       		.byte	2
 553 020c 73       		.byte	115
 554 020d 40       		.byte	64
 555 020e 97       		.byte	-105
 556 020f 40       		.byte	64
 557 0210 9F       		.byte	-97
 558 0211 01       		.byte	1
 559 0212 A1       		.byte	-95
 560 0213 80       		.byte	-128
 561 0214 A7       		.byte	-89
 562 0215 02       		.byte	2
 563 0216 CC       		.byte	-52
 564 0217 09       		.byte	9
 565 0218 D0       		.byte	-48
 566 0219 99       		.byte	-103
 567 021a D2       		.byte	-46
 568 021b 18       		.byte	24
 569 021c 12       		.byte	18
 570 021d 01       		.byte	1
ARM GAS  C:\Users\Joshua\AppData\Local\Temp\cctS9dWZ.s 			page 11


 571 021e 1E       		.byte	30
 572 021f 01       		.byte	1
 573 0220 30       		.byte	48
 574 0221 01       		.byte	1
 575 0222 3E       		.byte	62
 576 0223 01       		.byte	1
 577 0224 40       		.byte	64
 578 0225 51       		.byte	81
 579 0226 41       		.byte	65
 580 0227 04       		.byte	4
 581 0228 45       		.byte	69
 582 0229 EC       		.byte	-20
 583 022a 46       		.byte	70
 584 022b 02       		.byte	2
 585 022c 48       		.byte	72
 586 022d 07       		.byte	7
 587 022e 49       		.byte	73
 588 022f FF       		.byte	-1
 589 0230 4A       		.byte	74
 590 0231 FF       		.byte	-1
 591 0232 4B       		.byte	75
 592 0233 FF       		.byte	-1
 593 0234 4D       		.byte	77
 594 0235 83       		.byte	-125
 595 0236 4E       		.byte	78
 596 0237 03       		.byte	3
 597 0238 4F       		.byte	79
 598 0239 01       		.byte	1
 599 023a 50       		.byte	80
 600 023b 18       		.byte	24
 601 023c 54       		.byte	84
 602 023d 01       		.byte	1
 603 023e 58       		.byte	88
 604 023f 04       		.byte	4
 605 0240 5A       		.byte	90
 606 0241 04       		.byte	4
 607 0242 5B       		.byte	91
 608 0243 04       		.byte	4
 609 0244 5D       		.byte	93
 610 0245 11       		.byte	17
 611 0246 5F       		.byte	95
 612 0247 05       		.byte	5
 613 0248 60       		.byte	96
 614 0249 40       		.byte	64
 615 024a 62       		.byte	98
 616 024b 40       		.byte	64
 617 024c 64       		.byte	100
 618 024d 40       		.byte	64
 619 024e 65       		.byte	101
 620 024f 40       		.byte	64
 621 0250 66       		.byte	102
 622 0251 80       		.byte	-128
 623 0252 68       		.byte	104
 624 0253 80       		.byte	-128
 625 0254 6A       		.byte	106
 626 0255 80       		.byte	-128
 627 0256 6C       		.byte	108
ARM GAS  C:\Users\Joshua\AppData\Local\Temp\cctS9dWZ.s 			page 12


 628 0257 80       		.byte	-128
 629 0258 6E       		.byte	110
 630 0259 80       		.byte	-128
 631 025a 0D       		.byte	13
 632 025b 80       		.byte	-128
 633 025c 0F       		.byte	15
 634 025d 40       		.byte	64
 635 025e 1E       		.byte	30
 636 025f 80       		.byte	-128
 637 0260 45       		.byte	69
 638 0261 80       		.byte	-128
 639 0262 47       		.byte	71
 640 0263 01       		.byte	1
 641 0264 4D       		.byte	77
 642 0265 04       		.byte	4
 643 0266 4F       		.byte	79
 644 0267 41       		.byte	65
 645 0268 55       		.byte	85
 646 0269 80       		.byte	-128
 647 026a 5D       		.byte	93
 648 026b 04       		.byte	4
 649 026c 5E       		.byte	94
 650 026d 80       		.byte	-128
 651 026e 5F       		.byte	95
 652 026f 01       		.byte	1
 653 0270 7F       		.byte	127
 654 0271 02       		.byte	2
 655 0272 C2       		.byte	-62
 656 0273 90       		.byte	-112
 657 0274 D0       		.byte	-48
 658 0275 90       		.byte	-112
 659 0276 D2       		.byte	-46
 660 0277 10       		.byte	16
 661 0278 D6       		.byte	-42
 662 0279 D0       		.byte	-48
 663 027a DE       		.byte	-34
 664 027b 10       		.byte	16
 665 027c E0       		.byte	-32
 666 027d 40       		.byte	64
 667 027e EC       		.byte	-20
 668 027f 10       		.byte	16
 669 0280 B0       		.byte	-80
 670 0281 01       		.byte	1
 671 0282 E8       		.byte	-24
 672 0283 80       		.byte	-128
 673 0284 EC       		.byte	-20
 674 0285 10       		.byte	16
 675 0286 33       		.byte	51
 676 0287 88       		.byte	-120
 677 0288 34       		.byte	52
 678 0289 80       		.byte	-128
 679 028a 37       		.byte	55
 680 028b 02       		.byte	2
 681 028c 3D       		.byte	61
 682 028d 40       		.byte	64
 683 028e 3F       		.byte	63
 684 028f 08       		.byte	8
ARM GAS  C:\Users\Joshua\AppData\Local\Temp\cctS9dWZ.s 			page 13


 685 0290 CC       		.byte	-52
 686 0291 F0       		.byte	-16
 687 0292 CE       		.byte	-50
 688 0293 A0       		.byte	-96
 689 0294 07       		.byte	7
 690 0295 40       		.byte	64
 691 0296 56       		.byte	86
 692 0297 80       		.byte	-128
 693 0298 83       		.byte	-125
 694 0299 40       		.byte	64
 695 029a 8D       		.byte	-115
 696 029b 40       		.byte	64
 697 029c 8F       		.byte	-113
 698 029d 04       		.byte	4
 699 029e 95       		.byte	-107
 700 029f 40       		.byte	64
 701 02a0 A7       		.byte	-89
 702 02a1 8C       		.byte	-116
 703 02a2 B4       		.byte	-76
 704 02a3 80       		.byte	-128
 705 02a4 B7       		.byte	-73
 706 02a5 02       		.byte	2
 707 02a6 C0       		.byte	-64
 708 02a7 20       		.byte	32
 709 02a8 D4       		.byte	-44
 710 02a9 40       		.byte	64
 711 02aa E4       		.byte	-28
 712 02ab 80       		.byte	-128
 713 02ac 12       		.byte	18
 714 02ad 20       		.byte	32
 715 02ae A6       		.byte	-90
 716 02af 20       		.byte	32
 717 02b0 A7       		.byte	-89
 718 02b1 88       		.byte	-120
 719 02b2 AA       		.byte	-86
 720 02b3 80       		.byte	-128
 721 02b4 B6       		.byte	-74
 722 02b5 20       		.byte	32
 723 02b6 C4       		.byte	-60
 724 02b7 10       		.byte	16
 725 02b8 EA       		.byte	-22
 726 02b9 80       		.byte	-128
 727 02ba 6B       		.byte	107
 728 02bb 80       		.byte	-128
 729 02bc 83       		.byte	-125
 730 02bd 80       		.byte	-128
 731 02be A7       		.byte	-89
 732 02bf 80       		.byte	-128
 733 02c0 AF       		.byte	-81
 734 02c1 08       		.byte	8
 735 02c2 DC       		.byte	-36
 736 02c3 20       		.byte	32
 737 02c4 E2       		.byte	-30
 738 02c5 80       		.byte	-128
 739 02c6 EE       		.byte	-18
 740 02c7 40       		.byte	64
 741 02c8 33       		.byte	51
ARM GAS  C:\Users\Joshua\AppData\Local\Temp\cctS9dWZ.s 			page 14


 742 02c9 20       		.byte	32
 743 02ca 7C       		.byte	124
 744 02cb 20       		.byte	32
 745 02cc CC       		.byte	-52
 746 02cd 08       		.byte	8
 747 02ce DE       		.byte	-34
 748 02cf 01       		.byte	1
 749 02d0 33       		.byte	51
 750 02d1 20       		.byte	32
 751 02d2 8F       		.byte	-113
 752 02d3 20       		.byte	32
 753 02d4 9C       		.byte	-100
 754 02d5 20       		.byte	32
 755 02d6 A7       		.byte	-89
 756 02d7 20       		.byte	32
 757 02d8 CC       		.byte	-52
 758 02d9 08       		.byte	8
 759 02da E0       		.byte	-32
 760 02db 02       		.byte	2
 761 02dc 45       		.byte	69
 762 02dd 08       		.byte	8
 763 02de 9C       		.byte	-100
 764 02df 20       		.byte	32
 765 02e0 D0       		.byte	-48
 766 02e1 01       		.byte	1
 767 02e2 9C       		.byte	-100
 768 02e3 20       		.byte	32
 769 02e4 A5       		.byte	-91
 770 02e5 08       		.byte	8
 771 02e6 25       		.byte	37
 772 02e7 10       		.byte	16
 773 02e8 A7       		.byte	-89
 774 02e9 80       		.byte	-128
 775 02ea C8       		.byte	-56
 776 02eb 20       		.byte	32
 777 02ec 1F       		.byte	31
 778 02ed 80       		.byte	-128
 779 02ee A7       		.byte	-89
 780 02ef 80       		.byte	-128
 781 02f0 B5       		.byte	-75
 782 02f1 10       		.byte	16
 783 02f2 C6       		.byte	-58
 784 02f3 80       		.byte	-128
 785 02f4 A5       		.byte	-91
 786 02f5 08       		.byte	8
 787 02f6 B0       		.byte	-80
 788 02f7 20       		.byte	32
 789 02f8 E8       		.byte	-24
 790 02f9 01       		.byte	1
 791 02fa B5       		.byte	-75
 792 02fb 08       		.byte	8
 793 02fc EC       		.byte	-20
 794 02fd 08       		.byte	8
 795 02fe 00       		.byte	0
 796 02ff 0E       		.byte	14
 797 0300 02       		.byte	2
 798 0301 14       		.byte	20
ARM GAS  C:\Users\Joshua\AppData\Local\Temp\cctS9dWZ.s 			page 15


 799 0302 08       		.byte	8
 800 0303 0C       		.byte	12
 801 0304 0C       		.byte	12
 802 0305 02       		.byte	2
 803 0306 0E       		.byte	14
 804 0307 02       		.byte	2
 805 0308 00       		.byte	0
 806 0309 FF       		.byte	-1
 807 030a 10       		.byte	16
 808 030b 22       		.byte	34
 809 030c 02       		.byte	2
 810 030d 88       		.byte	-120
 811 030e 88       		.byte	-120
 812 030f 00       		.byte	0
 813 0310 08       		.byte	8
 814 0311 00       		.byte	0
 815 0312 01       		.byte	1
 816 0313 00       		.byte	0
 817 0314 00       		.byte	0
 818 0315 7F       		.byte	127
 819 0316 7F       		.byte	127
 820 0317 00       		.byte	0
 821 0318 00       		.byte	0
 822 0319 00       		.byte	0
 823 031a 80       		.byte	-128
 824 031b 00       		.byte	0
 825 031c 00       		.byte	0
 826 031d 01       		.byte	1
 827 031e 01       		.byte	1
 828 031f 00       		.byte	0
 829 0320 00       		.byte	0
 830 0321 00       		.byte	0
 831 0322 2C       		.byte	44
 832 0323 00       		.byte	0
 833 0324 00       		.byte	0
 834 0325 00       		.byte	0
 835 0326 00       		.byte	0
 836 0327 00       		.byte	0
 837 0328 00       		.byte	0
 838 0329 00       		.byte	0
 839 032a 80       		.byte	-128
 840 032b 00       		.byte	0
 841 032c 5F       		.byte	95
 842 032d 00       		.byte	0
 843 032e 18       		.byte	24
 844 032f 01       		.byte	1
 845              		.section	.cywolatch,"a",%progbits
 846              		.align	2
 847              		.type	cy_meta_wonvl, %object
 848              		.size	cy_meta_wonvl, 4
 849              	cy_meta_wonvl:
 850 0000 BC       		.byte	-68
 851 0001 90       		.byte	-112
 852 0002 AC       		.byte	-84
 853 0003 AF       		.byte	-81
 854              		.section	.cycustnvl,"a",%progbits
 855              		.align	2
ARM GAS  C:\Users\Joshua\AppData\Local\Temp\cctS9dWZ.s 			page 16


 856              		.type	cy_meta_custnvl, %object
 857              		.size	cy_meta_custnvl, 4
 858              	cy_meta_custnvl:
 859 0000 00       		.byte	0
 860 0001 00       		.byte	0
 861 0002 40       		.byte	64
 862 0003 05       		.byte	5
 863              		.section	.cymeta,"a",%progbits
 864              		.align	2
 865              		.type	cy_metadata, %object
 866              		.size	cy_metadata, 12
 867              	cy_metadata:
 868 0000 00       		.byte	0
 869 0001 01       		.byte	1
 870 0002 2E       		.byte	46
 871 0003 16       		.byte	22
 872 0004 10       		.byte	16
 873 0005 69       		.byte	105
 874 0006 00       		.byte	0
 875 0007 01       		.byte	1
 876 0008 00       		.byte	0
 877 0009 00       		.byte	0
 878 000a 00       		.byte	0
 879 000b 00       		.byte	0
 880              		.section	.cyflashprotect,"a",%progbits
 881              		.align	2
 882              		.type	cy_meta_flashprotect, %object
 883              		.size	cy_meta_flashprotect, 256
 884              	cy_meta_flashprotect:
 885 0000 00000000 		.space	256
 885      00000000 
 885      00000000 
 885      00000000 
 885      00000000 
 886              		.text
 887              	.Letext0:
 888              		.file 1 "c:\\program files (x86)\\cypress\\psoc creator\\4.1\\psoc creator\\import\\gnu\\arm\\5.4.
 889              		.file 2 "c:\\program files (x86)\\cypress\\psoc creator\\4.1\\psoc creator\\import\\gnu\\arm\\5.4.
 890              		.file 3 "Generated_Source\\PSoC5\\cymetadata.c"
 891              		.section	.debug_info,"",%progbits
 892              	.Ldebug_info0:
 893 0000 31010000 		.4byte	0x131
 894 0004 0400     		.2byte	0x4
 895 0006 00000000 		.4byte	.Ldebug_abbrev0
 896 000a 04       		.byte	0x4
 897 000b 01       		.uleb128 0x1
 898 000c 24000000 		.4byte	.LASF17
 899 0010 0C       		.byte	0xc
 900 0011 C0010000 		.4byte	.LASF18
 901 0015 D7000000 		.4byte	.LASF19
 902 0019 00000000 		.4byte	.Ldebug_line0
 903 001d 02       		.uleb128 0x2
 904 001e 01       		.byte	0x1
 905 001f 06       		.byte	0x6
 906 0020 B4010000 		.4byte	.LASF0
 907 0024 03       		.uleb128 0x3
 908 0025 00000000 		.4byte	.LASF9
ARM GAS  C:\Users\Joshua\AppData\Local\Temp\cctS9dWZ.s 			page 17


 909 0029 01       		.byte	0x1
 910 002a 1D       		.byte	0x1d
 911 002b 2F000000 		.4byte	0x2f
 912 002f 02       		.uleb128 0x2
 913 0030 01       		.byte	0x1
 914 0031 08       		.byte	0x8
 915 0032 16000000 		.4byte	.LASF1
 916 0036 02       		.uleb128 0x2
 917 0037 02       		.byte	0x2
 918 0038 05       		.byte	0x5
 919 0039 A1010000 		.4byte	.LASF2
 920 003d 02       		.uleb128 0x2
 921 003e 02       		.byte	0x2
 922 003f 07       		.byte	0x7
 923 0040 C4000000 		.4byte	.LASF3
 924 0044 02       		.uleb128 0x2
 925 0045 04       		.byte	0x4
 926 0046 05       		.byte	0x5
 927 0047 AB010000 		.4byte	.LASF4
 928 004b 02       		.uleb128 0x2
 929 004c 04       		.byte	0x4
 930 004d 07       		.byte	0x7
 931 004e B2000000 		.4byte	.LASF5
 932 0052 02       		.uleb128 0x2
 933 0053 08       		.byte	0x8
 934 0054 05       		.byte	0x5
 935 0055 93010000 		.4byte	.LASF6
 936 0059 02       		.uleb128 0x2
 937 005a 08       		.byte	0x8
 938 005b 07       		.byte	0x7
 939 005c 48010000 		.4byte	.LASF7
 940 0060 04       		.uleb128 0x4
 941 0061 04       		.byte	0x4
 942 0062 05       		.byte	0x5
 943 0063 696E7400 		.ascii	"int\000"
 944 0067 02       		.uleb128 0x2
 945 0068 04       		.byte	0x4
 946 0069 07       		.byte	0x7
 947 006a 3B010000 		.4byte	.LASF8
 948 006e 03       		.uleb128 0x3
 949 006f 5F010000 		.4byte	.LASF10
 950 0073 02       		.byte	0x2
 951 0074 18       		.byte	0x18
 952 0075 24000000 		.4byte	0x24
 953 0079 05       		.uleb128 0x5
 954 007a 91000000 		.4byte	0x91
 955 007e 8A000000 		.4byte	0x8a
 956 0082 06       		.uleb128 0x6
 957 0083 8A000000 		.4byte	0x8a
 958 0087 2F03     		.2byte	0x32f
 959 0089 00       		.byte	0
 960 008a 02       		.uleb128 0x2
 961 008b 04       		.byte	0x4
 962 008c 07       		.byte	0x7
 963 008d 8A010000 		.4byte	.LASF11
 964 0091 07       		.uleb128 0x7
 965 0092 6E000000 		.4byte	0x6e
ARM GAS  C:\Users\Joshua\AppData\Local\Temp\cctS9dWZ.s 			page 18


 966 0096 08       		.uleb128 0x8
 967 0097 29010000 		.4byte	.LASF12
 968 009b 03       		.byte	0x3
 969 009c 1F       		.byte	0x1f
 970 009d A7000000 		.4byte	0xa7
 971 00a1 05       		.uleb128 0x5
 972 00a2 03       		.byte	0x3
 973 00a3 00000000 		.4byte	cy_meta_configecc
 974 00a7 07       		.uleb128 0x7
 975 00a8 79000000 		.4byte	0x79
 976 00ac 05       		.uleb128 0x5
 977 00ad 91000000 		.4byte	0x91
 978 00b1 BC000000 		.4byte	0xbc
 979 00b5 09       		.uleb128 0x9
 980 00b6 8A000000 		.4byte	0x8a
 981 00ba 03       		.byte	0x3
 982 00bb 00       		.byte	0
 983 00bc 08       		.uleb128 0x8
 984 00bd 19010000 		.4byte	.LASF13
 985 00c1 03       		.byte	0x3
 986 00c2 92       		.byte	0x92
 987 00c3 CD000000 		.4byte	0xcd
 988 00c7 05       		.uleb128 0x5
 989 00c8 03       		.byte	0x3
 990 00c9 00000000 		.4byte	cy_meta_custnvl
 991 00cd 07       		.uleb128 0x7
 992 00ce AC000000 		.4byte	0xac
 993 00d2 08       		.uleb128 0x8
 994 00d3 7C010000 		.4byte	.LASF14
 995 00d7 03       		.byte	0x3
 996 00d8 A0       		.byte	0xa0
 997 00d9 E3000000 		.4byte	0xe3
 998 00dd 05       		.uleb128 0x5
 999 00de 03       		.byte	0x3
 1000 00df 00000000 		.4byte	cy_meta_wonvl
 1001 00e3 07       		.uleb128 0x7
 1002 00e4 AC000000 		.4byte	0xac
 1003 00e8 05       		.uleb128 0x5
 1004 00e9 91000000 		.4byte	0x91
 1005 00ed F8000000 		.4byte	0xf8
 1006 00f1 09       		.uleb128 0x9
 1007 00f2 8A000000 		.4byte	0x8a
 1008 00f6 FF       		.byte	0xff
 1009 00f7 00       		.byte	0
 1010 00f8 08       		.uleb128 0x8
 1011 00f9 67010000 		.4byte	.LASF15
 1012 00fd 03       		.byte	0x3
 1013 00fe AE       		.byte	0xae
 1014 00ff 09010000 		.4byte	0x109
 1015 0103 05       		.uleb128 0x5
 1016 0104 03       		.byte	0x3
 1017 0105 00000000 		.4byte	cy_meta_flashprotect
 1018 0109 07       		.uleb128 0x7
 1019 010a E8000000 		.4byte	0xe8
 1020 010e 05       		.uleb128 0x5
 1021 010f 91000000 		.4byte	0x91
 1022 0113 1E010000 		.4byte	0x11e
ARM GAS  C:\Users\Joshua\AppData\Local\Temp\cctS9dWZ.s 			page 19


 1023 0117 09       		.uleb128 0x9
 1024 0118 8A000000 		.4byte	0x8a
 1025 011c 0B       		.byte	0xb
 1026 011d 00       		.byte	0
 1027 011e 08       		.uleb128 0x8
 1028 011f 0A000000 		.4byte	.LASF16
 1029 0123 03       		.byte	0x3
 1030 0124 DB       		.byte	0xdb
 1031 0125 2F010000 		.4byte	0x12f
 1032 0129 05       		.uleb128 0x5
 1033 012a 03       		.byte	0x3
 1034 012b 00000000 		.4byte	cy_metadata
 1035 012f 07       		.uleb128 0x7
 1036 0130 0E010000 		.4byte	0x10e
 1037 0134 00       		.byte	0
 1038              		.section	.debug_abbrev,"",%progbits
 1039              	.Ldebug_abbrev0:
 1040 0000 01       		.uleb128 0x1
 1041 0001 11       		.uleb128 0x11
 1042 0002 01       		.byte	0x1
 1043 0003 25       		.uleb128 0x25
 1044 0004 0E       		.uleb128 0xe
 1045 0005 13       		.uleb128 0x13
 1046 0006 0B       		.uleb128 0xb
 1047 0007 03       		.uleb128 0x3
 1048 0008 0E       		.uleb128 0xe
 1049 0009 1B       		.uleb128 0x1b
 1050 000a 0E       		.uleb128 0xe
 1051 000b 10       		.uleb128 0x10
 1052 000c 17       		.uleb128 0x17
 1053 000d 00       		.byte	0
 1054 000e 00       		.byte	0
 1055 000f 02       		.uleb128 0x2
 1056 0010 24       		.uleb128 0x24
 1057 0011 00       		.byte	0
 1058 0012 0B       		.uleb128 0xb
 1059 0013 0B       		.uleb128 0xb
 1060 0014 3E       		.uleb128 0x3e
 1061 0015 0B       		.uleb128 0xb
 1062 0016 03       		.uleb128 0x3
 1063 0017 0E       		.uleb128 0xe
 1064 0018 00       		.byte	0
 1065 0019 00       		.byte	0
 1066 001a 03       		.uleb128 0x3
 1067 001b 16       		.uleb128 0x16
 1068 001c 00       		.byte	0
 1069 001d 03       		.uleb128 0x3
 1070 001e 0E       		.uleb128 0xe
 1071 001f 3A       		.uleb128 0x3a
 1072 0020 0B       		.uleb128 0xb
 1073 0021 3B       		.uleb128 0x3b
 1074 0022 0B       		.uleb128 0xb
 1075 0023 49       		.uleb128 0x49
 1076 0024 13       		.uleb128 0x13
 1077 0025 00       		.byte	0
 1078 0026 00       		.byte	0
 1079 0027 04       		.uleb128 0x4
ARM GAS  C:\Users\Joshua\AppData\Local\Temp\cctS9dWZ.s 			page 20


 1080 0028 24       		.uleb128 0x24
 1081 0029 00       		.byte	0
 1082 002a 0B       		.uleb128 0xb
 1083 002b 0B       		.uleb128 0xb
 1084 002c 3E       		.uleb128 0x3e
 1085 002d 0B       		.uleb128 0xb
 1086 002e 03       		.uleb128 0x3
 1087 002f 08       		.uleb128 0x8
 1088 0030 00       		.byte	0
 1089 0031 00       		.byte	0
 1090 0032 05       		.uleb128 0x5
 1091 0033 01       		.uleb128 0x1
 1092 0034 01       		.byte	0x1
 1093 0035 49       		.uleb128 0x49
 1094 0036 13       		.uleb128 0x13
 1095 0037 01       		.uleb128 0x1
 1096 0038 13       		.uleb128 0x13
 1097 0039 00       		.byte	0
 1098 003a 00       		.byte	0
 1099 003b 06       		.uleb128 0x6
 1100 003c 21       		.uleb128 0x21
 1101 003d 00       		.byte	0
 1102 003e 49       		.uleb128 0x49
 1103 003f 13       		.uleb128 0x13
 1104 0040 2F       		.uleb128 0x2f
 1105 0041 05       		.uleb128 0x5
 1106 0042 00       		.byte	0
 1107 0043 00       		.byte	0
 1108 0044 07       		.uleb128 0x7
 1109 0045 26       		.uleb128 0x26
 1110 0046 00       		.byte	0
 1111 0047 49       		.uleb128 0x49
 1112 0048 13       		.uleb128 0x13
 1113 0049 00       		.byte	0
 1114 004a 00       		.byte	0
 1115 004b 08       		.uleb128 0x8
 1116 004c 34       		.uleb128 0x34
 1117 004d 00       		.byte	0
 1118 004e 03       		.uleb128 0x3
 1119 004f 0E       		.uleb128 0xe
 1120 0050 3A       		.uleb128 0x3a
 1121 0051 0B       		.uleb128 0xb
 1122 0052 3B       		.uleb128 0x3b
 1123 0053 0B       		.uleb128 0xb
 1124 0054 49       		.uleb128 0x49
 1125 0055 13       		.uleb128 0x13
 1126 0056 3F       		.uleb128 0x3f
 1127 0057 19       		.uleb128 0x19
 1128 0058 02       		.uleb128 0x2
 1129 0059 18       		.uleb128 0x18
 1130 005a 00       		.byte	0
 1131 005b 00       		.byte	0
 1132 005c 09       		.uleb128 0x9
 1133 005d 21       		.uleb128 0x21
 1134 005e 00       		.byte	0
 1135 005f 49       		.uleb128 0x49
 1136 0060 13       		.uleb128 0x13
ARM GAS  C:\Users\Joshua\AppData\Local\Temp\cctS9dWZ.s 			page 21


 1137 0061 2F       		.uleb128 0x2f
 1138 0062 0B       		.uleb128 0xb
 1139 0063 00       		.byte	0
 1140 0064 00       		.byte	0
 1141 0065 00       		.byte	0
 1142              		.section	.debug_aranges,"",%progbits
 1143 0000 14000000 		.4byte	0x14
 1144 0004 0200     		.2byte	0x2
 1145 0006 00000000 		.4byte	.Ldebug_info0
 1146 000a 04       		.byte	0x4
 1147 000b 00       		.byte	0
 1148 000c 0000     		.2byte	0
 1149 000e 0000     		.2byte	0
 1150 0010 00000000 		.4byte	0
 1151 0014 00000000 		.4byte	0
 1152              		.section	.debug_line,"",%progbits
 1153              	.Ldebug_line0:
 1154 0000 3D010000 		.section	.debug_str,"MS",%progbits,1
 1154      02003701 
 1154      00000201 
 1154      FB0E0D00 
 1154      01010101 
 1155              	.LASF9:
 1156 0000 5F5F7569 		.ascii	"__uint8_t\000"
 1156      6E74385F 
 1156      7400
 1157              	.LASF16:
 1158 000a 63795F6D 		.ascii	"cy_metadata\000"
 1158      65746164 
 1158      61746100 
 1159              	.LASF1:
 1160 0016 756E7369 		.ascii	"unsigned char\000"
 1160      676E6564 
 1160      20636861 
 1160      7200
 1161              	.LASF17:
 1162 0024 474E5520 		.ascii	"GNU C11 5.4.1 20160609 (release) [ARM/embedded-5-br"
 1162      43313120 
 1162      352E342E 
 1162      31203230 
 1162      31363036 
 1163 0057 616E6368 		.ascii	"anch revision 237715] -mcpu=cortex-m3 -mthumb -g -O"
 1163      20726576 
 1163      6973696F 
 1163      6E203233 
 1163      37373135 
 1164 008a 67202D66 		.ascii	"g -ffunction-sections -ffat-lto-objects\000"
 1164      66756E63 
 1164      74696F6E 
 1164      2D736563 
 1164      74696F6E 
 1165              	.LASF5:
 1166 00b2 6C6F6E67 		.ascii	"long unsigned int\000"
 1166      20756E73 
 1166      69676E65 
 1166      6420696E 
 1166      7400
ARM GAS  C:\Users\Joshua\AppData\Local\Temp\cctS9dWZ.s 			page 22


 1167              	.LASF3:
 1168 00c4 73686F72 		.ascii	"short unsigned int\000"
 1168      7420756E 
 1168      7369676E 
 1168      65642069 
 1168      6E7400
 1169              	.LASF19:
 1170 00d7 433A5C55 		.ascii	"C:\\Users\\Joshua\\Documents\\PSoC Creator\\Workspa"
 1170      73657273 
 1170      5C4A6F73 
 1170      6875615C 
 1170      446F6375 
 1171 0105 63653031 		.ascii	"ce01\\Design01.cydsn\000"
 1171      5C446573 
 1171      69676E30 
 1171      312E6379 
 1171      64736E00 
 1172              	.LASF13:
 1173 0119 63795F6D 		.ascii	"cy_meta_custnvl\000"
 1173      6574615F 
 1173      63757374 
 1173      6E766C00 
 1174              	.LASF12:
 1175 0129 63795F6D 		.ascii	"cy_meta_configecc\000"
 1175      6574615F 
 1175      636F6E66 
 1175      69676563 
 1175      6300
 1176              	.LASF8:
 1177 013b 756E7369 		.ascii	"unsigned int\000"
 1177      676E6564 
 1177      20696E74 
 1177      00
 1178              	.LASF7:
 1179 0148 6C6F6E67 		.ascii	"long long unsigned int\000"
 1179      206C6F6E 
 1179      6720756E 
 1179      7369676E 
 1179      65642069 
 1180              	.LASF10:
 1181 015f 75696E74 		.ascii	"uint8_t\000"
 1181      385F7400 
 1182              	.LASF15:
 1183 0167 63795F6D 		.ascii	"cy_meta_flashprotect\000"
 1183      6574615F 
 1183      666C6173 
 1183      6870726F 
 1183      74656374 
 1184              	.LASF14:
 1185 017c 63795F6D 		.ascii	"cy_meta_wonvl\000"
 1185      6574615F 
 1185      776F6E76 
 1185      6C00
 1186              	.LASF11:
 1187 018a 73697A65 		.ascii	"sizetype\000"
 1187      74797065 
 1187      00
ARM GAS  C:\Users\Joshua\AppData\Local\Temp\cctS9dWZ.s 			page 23


 1188              	.LASF6:
 1189 0193 6C6F6E67 		.ascii	"long long int\000"
 1189      206C6F6E 
 1189      6720696E 
 1189      7400
 1190              	.LASF2:
 1191 01a1 73686F72 		.ascii	"short int\000"
 1191      7420696E 
 1191      7400
 1192              	.LASF4:
 1193 01ab 6C6F6E67 		.ascii	"long int\000"
 1193      20696E74 
 1193      00
 1194              	.LASF0:
 1195 01b4 7369676E 		.ascii	"signed char\000"
 1195      65642063 
 1195      68617200 
 1196              	.LASF18:
 1197 01c0 47656E65 		.ascii	"Generated_Source\\PSoC5\\cymetadata.c\000"
 1197      72617465 
 1197      645F536F 
 1197      75726365 
 1197      5C50536F 
 1198              		.ident	"GCC: (GNU Tools for ARM Embedded Processors) 5.4.1 20160609 (release) [ARM/embedded-5-bran
