ARM GAS  C:\Users\Joshua\AppData\Local\Temp\ccit7sUw.s 			page 1


   1              		.syntax unified
   2              		.cpu cortex-m3
   3              		.fpu softvfp
   4              		.eabi_attribute 20, 1
   5              		.eabi_attribute 21, 1
   6              		.eabi_attribute 23, 3
   7              		.eabi_attribute 24, 1
   8              		.eabi_attribute 25, 1
   9              		.eabi_attribute 26, 1
  10              		.eabi_attribute 30, 1
  11              		.eabi_attribute 34, 1
  12              		.eabi_attribute 18, 4
  13              		.thumb
  14              		.syntax unified
  15              		.file	"fancontroller.c"
  16              		.text
  17              	.Ltext0:
  18              		.cfi_sections	.debug_frame
  19              		.global	__aeabi_i2f
  20              		.global	__aeabi_fdiv
  21              		.global	__aeabi_fmul
  22              		.global	__aeabi_f2iz
  23              		.section	.text.GetTemp,"ax",%progbits
  24              		.align	2
  25              		.global	GetTemp
  26              		.thumb
  27              		.thumb_func
  28              		.type	GetTemp, %function
  29              	GetTemp:
  30              	.LFB64:
  31              		.file 1 "fancontroller.c"
   1:fancontroller.c **** /* ========================================
   2:fancontroller.c ****  *
   3:fancontroller.c ****  * Copyright YOUR COMPANY, THE YEAR
   4:fancontroller.c ****  * All Rights Reserved
   5:fancontroller.c ****  * UNPUBLISHED, LICENSED SOFTWARE.
   6:fancontroller.c ****  *
   7:fancontroller.c ****  * CONFIDENTIAL AND PROPRIETARY INFORMATION
   8:fancontroller.c ****  * WHICH IS THE PROPERTY OF your company.
   9:fancontroller.c ****  *
  10:fancontroller.c ****  * ========================================
  11:fancontroller.c **** */
  12:fancontroller.c **** //#include <removeOffsetNoise.h>
  13:fancontroller.c **** //#include <measurement.h>
  14:fancontroller.c **** //#include <device.h>
  15:fancontroller.c **** 
  16:fancontroller.c **** 
  17:fancontroller.c **** #include <macros.h>
  18:fancontroller.c **** 
  19:fancontroller.c ****  void GetTemp(){
  32              		.loc 1 19 0
  33              		.cfi_startproc
  34              		@ args = 0, pretend = 0, frame = 0
  35              		@ frame_needed = 0, uses_anonymous_args = 0
  36 0000 38B5     		push	{r3, r4, r5, lr}
  37              		.cfi_def_cfa_offset 16
  38              		.cfi_offset 3, -16
ARM GAS  C:\Users\Joshua\AppData\Local\Temp\ccit7sUw.s 			page 2


  39              		.cfi_offset 4, -12
  40              		.cfi_offset 5, -8
  41              		.cfi_offset 14, -4
  20:fancontroller.c ****     extern volatile int Temp;
  21:fancontroller.c ****     /* Voltages across reference resistor and thermistor*/
  22:fancontroller.c **** 	int32 iVref, iVtherm;
  23:fancontroller.c **** 	/* Resistance of Thermistor*/
  24:fancontroller.c **** 	uint32 iRes;
  25:fancontroller.c **** 	/* Temperature value in 100ths of a degree C*/
  26:fancontroller.c **** 	int32 iTemp;
  27:fancontroller.c ****     /*Decimal Temp*/
  28:fancontroller.c ****     int decTemp;
  29:fancontroller.c ****     /*Fractional Temp*/
  30:fancontroller.c ****     int32 fracTemp;
  31:fancontroller.c ****     
  32:fancontroller.c **** /* Measure Voltage Across Thermistor*/
  33:fancontroller.c ****     	iVtherm = MeasureResistorVoltage(AMUX_1_VT); 
  42              		.loc 1 33 0
  43 0002 0020     		movs	r0, #0
  44 0004 FFF7FEFF 		bl	MeasureResistorVoltage
  45              	.LVL0:
  46 0008 0446     		mov	r4, r0
  47              	.LVL1:
  34:fancontroller.c **** 		
  35:fancontroller.c **** 		/* Measure Voltage Across Reference Resistor*/
  36:fancontroller.c ****     	iVref = MeasureResistorVoltage(AMUX_1_VREF);
  48              		.loc 1 36 0
  49 000a 0120     		movs	r0, #1
  50              	.LVL2:
  51 000c FFF7FEFF 		bl	MeasureResistorVoltage
  52              	.LVL3:
  53 0010 0546     		mov	r5, r0
  54              	.LVL4:
  37:fancontroller.c **** 
  38:fancontroller.c **** 	   	/*Calculate the resistance of the Thermistor*/
  39:fancontroller.c **** 		iRes = (int32)(((float)iVtherm / iVref) * REFERENCE_RESISTOR);
  55              		.loc 1 39 0
  56 0012 2046     		mov	r0, r4
  57              	.LVL5:
  58 0014 FFF7FEFF 		bl	__aeabi_i2f
  59              	.LVL6:
  60 0018 0446     		mov	r4, r0
  61              	.LVL7:
  62 001a 2846     		mov	r0, r5
  63 001c FFF7FEFF 		bl	__aeabi_i2f
  64              	.LVL8:
  65 0020 0146     		mov	r1, r0
  66 0022 2046     		mov	r0, r4
  67 0024 FFF7FEFF 		bl	__aeabi_fdiv
  68              	.LVL9:
  69 0028 0849     		ldr	r1, .L3
  70 002a FFF7FEFF 		bl	__aeabi_fmul
  71              	.LVL10:
  72 002e FFF7FEFF 		bl	__aeabi_f2iz
  73              	.LVL11:
  40:fancontroller.c ****         
  41:fancontroller.c ****         /* Use the thermistor component API function call to obtain 
ARM GAS  C:\Users\Joshua\AppData\Local\Temp\ccit7sUw.s 			page 3


  42:fancontroller.c ****         the temperature corresponding to the resistance measured*/	
  43:fancontroller.c ****     	iTemp = Thermistor_1_GetTemperature(iRes);
  74              		.loc 1 43 0
  75 0032 FFF7FEFF 		bl	Thermistor_1_GetTemperature
  76              	.LVL12:
  44:fancontroller.c ****        
  45:fancontroller.c ****     	/*Display -- For Debug*/	
  46:fancontroller.c **** 
  47:fancontroller.c ****     	/*Determine decimal portion of temperature by dividing temperature by 100*/
  48:fancontroller.c ****         decTemp = iTemp/100;
  77              		.loc 1 48 0
  78 0036 064B     		ldr	r3, .L3+4
  79 0038 83FB0023 		smull	r2, r3, r3, r0
  80 003c C017     		asrs	r0, r0, #31
  81              	.LVL13:
  82 003e C0EB6310 		rsb	r0, r0, r3, asr #5
  83              	.LVL14:
  49:fancontroller.c ****         
  50:fancontroller.c ****         /*Determine fraction portion of temperature by subtracting decimal portion from result*/
  51:fancontroller.c ****         fracTemp = iTemp - (decTemp * 100);
  52:fancontroller.c ****         /*If fractional temperature is negative make it positive*/
  53:fancontroller.c ****         if(fracTemp < 0)
  54:fancontroller.c ****         {
  55:fancontroller.c ****             fracTemp *= -1;
  56:fancontroller.c ****         }
  57:fancontroller.c ****     	decTemp = decTemp*(9/5) + 32;//converts to Fahrenheit
  84              		.loc 1 57 0
  85 0042 2030     		adds	r0, r0, #32
  86              	.LVL15:
  58:fancontroller.c ****         //Temp = decTemp; // to see if you need to cycle glow plugs
  59:fancontroller.c ****        Temp = decTemp;
  87              		.loc 1 59 0
  88 0044 034B     		ldr	r3, .L3+8
  89 0046 1860     		str	r0, [r3]
  90 0048 38BD     		pop	{r3, r4, r5, pc}
  91              	.LVL16:
  92              	.L4:
  93 004a 00BF     		.align	2
  94              	.L3:
  95 004c 00401C46 		.word	1176256512
  96 0050 1F85EB51 		.word	1374389535
  97 0054 00000000 		.word	Temp
  98              		.cfi_endproc
  99              	.LFE64:
 100              		.size	GetTemp, .-GetTemp
 101              		.section	.text.CheckTemp,"ax",%progbits
 102              		.align	2
 103              		.global	CheckTemp
 104              		.thumb
 105              		.thumb_func
 106              		.type	CheckTemp, %function
 107              	CheckTemp:
 108              	.LFB65:
  60:fancontroller.c ****         
  61:fancontroller.c **** } 
  62:fancontroller.c ****   void  CheckTemp(int temp){
 109              		.loc 1 62 0
ARM GAS  C:\Users\Joshua\AppData\Local\Temp\ccit7sUw.s 			page 4


 110              		.cfi_startproc
 111              		@ args = 0, pretend = 0, frame = 0
 112              		@ frame_needed = 0, uses_anonymous_args = 0
 113              		@ link register save eliminated.
 114              	.LVL17:
  63:fancontroller.c ****     extern volatile int Not_runing;
  64:fancontroller.c ****     extern volatile int GlowPlugsCycle;
  65:fancontroller.c ****     extern volatile int RPM_Count;
  66:fancontroller.c ****     if((temp>=COLD)||(temp>WARMTemp)){  // temp is less than 32 degrees full cycle to glow plugs pl
 115              		.loc 1 66 0
 116 0000 3228     		cmp	r0, #50
 117 0002 07DD     		ble	.L6
  67:fancontroller.c ****        if(RPM_Count<2) {
 118              		.loc 1 67 0
 119 0004 054B     		ldr	r3, .L8
 120 0006 1B68     		ldr	r3, [r3]
 121 0008 012B     		cmp	r3, #1
 122 000a 06DC     		bgt	.L5
  68:fancontroller.c ****         
  69:fancontroller.c ****         GlowPlugsCycle = fullplusafter;
 123              		.loc 1 69 0
 124 000c 0122     		movs	r2, #1
 125 000e 044B     		ldr	r3, .L8+4
 126 0010 1A60     		str	r2, [r3]
 127 0012 7047     		bx	lr
 128              	.L6:
  70:fancontroller.c ****     }
  71:fancontroller.c ****         return;// dont need fans yet so return
  72:fancontroller.c ****     }
  73:fancontroller.c ****     else if((temp<=WARMTemp)||(temp>HOT)) { // temp is above 80 degrees so only half cycle and no a
  74:fancontroller.c ****         GlowPlugsCycle = half;
 129              		.loc 1 74 0
 130 0014 0222     		movs	r2, #2
 131 0016 024B     		ldr	r3, .L8+4
 132 0018 1A60     		str	r2, [r3]
 133              	.L5:
 134 001a 7047     		bx	lr
 135              	.L9:
 136              		.align	2
 137              	.L8:
 138 001c 00000000 		.word	RPM_Count
 139 0020 00000000 		.word	GlowPlugsCycle
 140              		.cfi_endproc
 141              	.LFE65:
 142              		.size	CheckTemp, .-CheckTemp
 143              		.section	.text.SetFanSpeed,"ax",%progbits
 144              		.align	2
 145              		.global	SetFanSpeed
 146              		.thumb
 147              		.thumb_func
 148              		.type	SetFanSpeed, %function
 149              	SetFanSpeed:
 150              	.LFB67:
  75:fancontroller.c ****           
  76:fancontroller.c ****      } 
  77:fancontroller.c ****     else if(temp<HOT){//need to find this value
  78:fancontroller.c ****         GlowPlugsCycle = NONE;
ARM GAS  C:\Users\Joshua\AppData\Local\Temp\ccit7sUw.s 			page 5


  79:fancontroller.c ****     }
  80:fancontroller.c ****     
  81:fancontroller.c **** }
  82:fancontroller.c **** /* Fan speed starts at 150 degrees at 30% and increases 10 percent per 10 degrees
  83:fancontroller.c ****   cannot go over 90 percent and no less than 30 percent
  84:fancontroller.c ****     150     =   30%  which is 77
  85:fancontroller.c ****     160     =   40%  which is 102
  86:fancontroller.c ****     170     =   50%  which is 127
  87:fancontroller.c ****     180     =   60%  which is 153
  88:fancontroller.c ****     190     =   70%  which is 179
  89:fancontroller.c ****     200     =   80%  which is 204
  90:fancontroller.c ****     210     =   90%  which is 230
  91:fancontroller.c ****     220     =   WE ARE FUCKED AND IT IS OVERHEATING!!!!!!!
  92:fancontroller.c **** */
  93:fancontroller.c **** void GetFanSpeed(int temp){ 
  94:fancontroller.c ****     extern volatile int fanSPEED1;
  95:fancontroller.c ****     extern volatile int fan_state;// for debugging purposes
  96:fancontroller.c ****     
  97:fancontroller.c ****     /*if((temp<=LOW1) && (temp>LOW2)){  // temp is between 150 and 160
  98:fancontroller.c ****         fanSPEED1=thirty;
  99:fancontroller.c ****         SetFanSpeed(fanSPEED1);//set fan speed to 30% 
 100:fancontroller.c ****         fan_state=1;
 101:fancontroller.c ****        return;
 102:fancontroller.c ****     }
 103:fancontroller.c ****     else if ((temp<=LOW2)&&(temp>HALF1)){// temp is in between 160 and 170
 104:fancontroller.c ****         fanSPEED1=fourty;
 105:fancontroller.c ****         SetFanSpeed(fanSPEED1);//set fan speed to 40%
 106:fancontroller.c ****         fan_state=2;
 107:fancontroller.c ****         return;
 108:fancontroller.c ****     }
 109:fancontroller.c ****     else if((temp<=HALF1) && (temp>WARM1)) { // temp is in between 170 and 180 
 110:fancontroller.c ****         fanSPEED1=fiffty;
 111:fancontroller.c ****         SetFanSpeed(fanSPEED1);//set fan speed to 50%
 112:fancontroller.c ****         fan_state=3;
 113:fancontroller.c ****         return;
 114:fancontroller.c ****     }
 115:fancontroller.c ****     else if((temp<=WARM1) && (temp>THREEQUATER1HALF2)) { // temp is in between 180 and 190 
 116:fancontroller.c ****         fanSPEED1=sixty;
 117:fancontroller.c ****         SetFanSpeed(fanSPEED1);//set fan speed to 60%
 118:fancontroller.c ****         fan_state=4;
 119:fancontroller.c ****         return;
 120:fancontroller.c ****     }
 121:fancontroller.c ****     else*/ if((temp<=THREEQUATER1HALF2) && (temp>FULL1THREEQUARTER2)) { // temp is in between 190 a
 122:fancontroller.c ****         fanSPEED1=seventy;
 123:fancontroller.c ****         SetFanSpeed(fanSPEED1);//set fan speed to 70%
 124:fancontroller.c ****         fan_state=5;
 125:fancontroller.c ****         return;
 126:fancontroller.c ****     }// COMMENTED THIS OUT TO SEE IF IT RUN'S HOTTER RIGHT NOW IT IS RUNNING TO COLD
 127:fancontroller.c ****     
 128:fancontroller.c ****    else if((temp<=FULL1THREEQUARTER2) && (temp>FULL2)) { // TEMP IS IN BETWEEN 200 AND 210 
 129:fancontroller.c ****         fanSPEED1=eighty;
 130:fancontroller.c ****         SetFanSpeed(fanSPEED1);//SET FAN SPEED TO 80%
 131:fancontroller.c ****         fan_state=6;
 132:fancontroller.c ****         return;
 133:fancontroller.c ****     }
 134:fancontroller.c ****     else if(temp<=FULL2){
 135:fancontroller.c ****         fanSPEED1= ninety;
ARM GAS  C:\Users\Joshua\AppData\Local\Temp\ccit7sUw.s 			page 6


 136:fancontroller.c ****         SetFanSpeed(fanSPEED1);//set fan speed to 90%
 137:fancontroller.c ****         fan_state=7;
 138:fancontroller.c ****         return;
 139:fancontroller.c ****         }
 140:fancontroller.c ****     else
 141:fancontroller.c ****     SetFanSpeed(0);
 142:fancontroller.c ****     fan_state=0;
 143:fancontroller.c ****     return;
 144:fancontroller.c **** }
 145:fancontroller.c **** 
 146:fancontroller.c **** 
 147:fancontroller.c **** void SetFanSpeed(int fanspeed1){
 151              		.loc 1 147 0
 152              		.cfi_startproc
 153              		@ args = 0, pretend = 0, frame = 0
 154              		@ frame_needed = 0, uses_anonymous_args = 0
 155              	.LVL18:
 156 0000 10B5     		push	{r4, lr}
 157              		.cfi_def_cfa_offset 8
 158              		.cfi_offset 4, -8
 159              		.cfi_offset 14, -4
 160 0002 0446     		mov	r4, r0
 148:fancontroller.c ****     extern volatile int fanSPEED1;
 149:fancontroller.c ****     
 150:fancontroller.c ****     PWM_1_FANCONTROLLER_Start();
 161              		.loc 1 150 0
 162 0004 FFF7FEFF 		bl	PWM_1_FANCONTROLLER_Start
 163              	.LVL19:
 151:fancontroller.c ****     PWM_1_FANCONTROLLER_WriteCompare(fanspeed1);
 164              		.loc 1 151 0
 165 0008 E0B2     		uxtb	r0, r4
 166 000a FFF7FEFF 		bl	PWM_1_FANCONTROLLER_WriteCompare
 167              	.LVL20:
 168 000e 10BD     		pop	{r4, pc}
 169              		.cfi_endproc
 170              	.LFE67:
 171              		.size	SetFanSpeed, .-SetFanSpeed
 172              		.section	.text.GetFanSpeed,"ax",%progbits
 173              		.align	2
 174              		.global	GetFanSpeed
 175              		.thumb
 176              		.thumb_func
 177              		.type	GetFanSpeed, %function
 178              	GetFanSpeed:
 179              	.LFB66:
  93:fancontroller.c ****     extern volatile int fanSPEED1;
 180              		.loc 1 93 0
 181              		.cfi_startproc
 182              		@ args = 0, pretend = 0, frame = 0
 183              		@ frame_needed = 0, uses_anonymous_args = 0
 184              	.LVL21:
 185 0000 08B5     		push	{r3, lr}
 186              		.cfi_def_cfa_offset 8
 187              		.cfi_offset 3, -8
 188              		.cfi_offset 14, -4
 121:fancontroller.c ****         fanSPEED1=seventy;
 189              		.loc 1 121 0
ARM GAS  C:\Users\Joshua\AppData\Local\Temp\ccit7sUw.s 			page 7


 190 0002 00F10903 		add	r3, r0, #9
 191 0006 082B     		cmp	r3, #8
 192 0008 09D8     		bhi	.L13
 122:fancontroller.c ****         SetFanSpeed(fanSPEED1);//set fan speed to 70%
 193              		.loc 1 122 0
 194 000a 164B     		ldr	r3, .L18
 195 000c B322     		movs	r2, #179
 196 000e 1A60     		str	r2, [r3]
 123:fancontroller.c ****         fan_state=5;
 197              		.loc 1 123 0
 198 0010 1868     		ldr	r0, [r3]
 199              	.LVL22:
 200 0012 FFF7FEFF 		bl	SetFanSpeed
 201              	.LVL23:
 124:fancontroller.c ****         return;
 202              		.loc 1 124 0
 203 0016 0522     		movs	r2, #5
 204 0018 134B     		ldr	r3, .L18+4
 205 001a 1A60     		str	r2, [r3]
 125:fancontroller.c ****     }// COMMENTED THIS OUT TO SEE IF IT RUN'S HOTTER RIGHT NOW IT IS RUNNING TO COLD
 206              		.loc 1 125 0
 207 001c 08BD     		pop	{r3, pc}
 208              	.LVL24:
 209              	.L13:
 128:fancontroller.c ****         fanSPEED1=eighty;
 210              		.loc 1 128 0
 211 001e 00F11203 		add	r3, r0, #18
 212 0022 082B     		cmp	r3, #8
 213 0024 09D8     		bhi	.L15
 129:fancontroller.c ****         SetFanSpeed(fanSPEED1);//SET FAN SPEED TO 80%
 214              		.loc 1 129 0
 215 0026 0F4B     		ldr	r3, .L18
 216 0028 CC22     		movs	r2, #204
 217 002a 1A60     		str	r2, [r3]
 130:fancontroller.c ****         fan_state=6;
 218              		.loc 1 130 0
 219 002c 1868     		ldr	r0, [r3]
 220              	.LVL25:
 221 002e FFF7FEFF 		bl	SetFanSpeed
 222              	.LVL26:
 131:fancontroller.c ****         return;
 223              		.loc 1 131 0
 224 0032 0622     		movs	r2, #6
 225 0034 0C4B     		ldr	r3, .L18+4
 226 0036 1A60     		str	r2, [r3]
 132:fancontroller.c ****     }
 227              		.loc 1 132 0
 228 0038 08BD     		pop	{r3, pc}
 229              	.LVL27:
 230              	.L15:
 134:fancontroller.c ****         fanSPEED1= ninety;
 231              		.loc 1 134 0
 232 003a 10F1120F 		cmn	r0, #18
 233 003e 09DA     		bge	.L16
 135:fancontroller.c ****         SetFanSpeed(fanSPEED1);//set fan speed to 90%
 234              		.loc 1 135 0
 235 0040 084B     		ldr	r3, .L18
ARM GAS  C:\Users\Joshua\AppData\Local\Temp\ccit7sUw.s 			page 8


 236 0042 E622     		movs	r2, #230
 237 0044 1A60     		str	r2, [r3]
 136:fancontroller.c ****         fan_state=7;
 238              		.loc 1 136 0
 239 0046 1868     		ldr	r0, [r3]
 240              	.LVL28:
 241 0048 FFF7FEFF 		bl	SetFanSpeed
 242              	.LVL29:
 137:fancontroller.c ****         return;
 243              		.loc 1 137 0
 244 004c 0722     		movs	r2, #7
 245 004e 064B     		ldr	r3, .L18+4
 246 0050 1A60     		str	r2, [r3]
 138:fancontroller.c ****         }
 247              		.loc 1 138 0
 248 0052 08BD     		pop	{r3, pc}
 249              	.LVL30:
 250              	.L16:
 141:fancontroller.c ****     fan_state=0;
 251              		.loc 1 141 0
 252 0054 0020     		movs	r0, #0
 253              	.LVL31:
 254 0056 FFF7FEFF 		bl	SetFanSpeed
 255              	.LVL32:
 142:fancontroller.c ****     return;
 256              		.loc 1 142 0
 257 005a 0022     		movs	r2, #0
 258 005c 024B     		ldr	r3, .L18+4
 259 005e 1A60     		str	r2, [r3]
 260 0060 08BD     		pop	{r3, pc}
 261              	.L19:
 262 0062 00BF     		.align	2
 263              	.L18:
 264 0064 00000000 		.word	fanSPEED1
 265 0068 00000000 		.word	fan_state
 266              		.cfi_endproc
 267              	.LFE66:
 268              		.size	GetFanSpeed, .-GetFanSpeed
 269              		.text
 270              	.Letext0:
 271              		.file 2 "c:\\program files (x86)\\cypress\\psoc creator\\4.1\\psoc creator\\import\\gnu\\arm\\5.4.
 272              		.file 3 "c:\\program files (x86)\\cypress\\psoc creator\\4.1\\psoc creator\\import\\gnu\\arm\\5.4.
 273              		.file 4 "Generated_Source\\PSoC5/cytypes.h"
 274              		.file 5 "Generated_Source\\PSoC5/core_cm3.h"
 275              		.file 6 "./measurement.h"
 276              		.file 7 "Generated_Source\\PSoC5/Thermistor_1.h"
 277              		.file 8 "Generated_Source\\PSoC5/PWM_1_FANCONTROLLER.h"
 278              		.section	.debug_info,"",%progbits
 279              	.Ldebug_info0:
 280 0000 C8020000 		.4byte	0x2c8
 281 0004 0400     		.2byte	0x4
 282 0006 00000000 		.4byte	.Ldebug_abbrev0
 283 000a 04       		.byte	0x4
 284 000b 01       		.uleb128 0x1
 285 000c 86000000 		.4byte	.LASF40
 286 0010 0C       		.byte	0xc
 287 0011 A8010000 		.4byte	.LASF41
ARM GAS  C:\Users\Joshua\AppData\Local\Temp\ccit7sUw.s 			page 9


 288 0015 28010000 		.4byte	.LASF42
 289 0019 00000000 		.4byte	.Ldebug_ranges0+0
 290 001d 00000000 		.4byte	0
 291 0021 00000000 		.4byte	.Ldebug_line0
 292 0025 02       		.uleb128 0x2
 293 0026 01       		.byte	0x1
 294 0027 06       		.byte	0x6
 295 0028 9F020000 		.4byte	.LASF0
 296 002c 02       		.uleb128 0x2
 297 002d 01       		.byte	0x1
 298 002e 08       		.byte	0x8
 299 002f 78000000 		.4byte	.LASF1
 300 0033 02       		.uleb128 0x2
 301 0034 02       		.byte	0x2
 302 0035 05       		.byte	0x5
 303 0036 52020000 		.4byte	.LASF2
 304 003a 02       		.uleb128 0x2
 305 003b 02       		.byte	0x2
 306 003c 07       		.byte	0x7
 307 003d 21000000 		.4byte	.LASF3
 308 0041 03       		.uleb128 0x3
 309 0042 17000000 		.4byte	.LASF9
 310 0046 02       		.byte	0x2
 311 0047 3F       		.byte	0x3f
 312 0048 4C000000 		.4byte	0x4c
 313 004c 02       		.uleb128 0x2
 314 004d 04       		.byte	0x4
 315 004e 05       		.byte	0x5
 316 004f 7D020000 		.4byte	.LASF4
 317 0053 02       		.uleb128 0x2
 318 0054 04       		.byte	0x4
 319 0055 07       		.byte	0x7
 320 0056 77010000 		.4byte	.LASF5
 321 005a 02       		.uleb128 0x2
 322 005b 08       		.byte	0x8
 323 005c 05       		.byte	0x5
 324 005d 23020000 		.4byte	.LASF6
 325 0061 02       		.uleb128 0x2
 326 0062 08       		.byte	0x8
 327 0063 07       		.byte	0x7
 328 0064 BE010000 		.4byte	.LASF7
 329 0068 04       		.uleb128 0x4
 330 0069 04       		.byte	0x4
 331 006a 05       		.byte	0x5
 332 006b 696E7400 		.ascii	"int\000"
 333 006f 02       		.uleb128 0x2
 334 0070 04       		.byte	0x4
 335 0071 07       		.byte	0x7
 336 0072 34000000 		.4byte	.LASF8
 337 0076 03       		.uleb128 0x3
 338 0077 57000000 		.4byte	.LASF10
 339 007b 03       		.byte	0x3
 340 007c 2C       		.byte	0x2c
 341 007d 41000000 		.4byte	0x41
 342 0081 05       		.uleb128 0x5
 343 0082 A1010000 		.4byte	.LASF11
 344 0086 04       		.byte	0x4
ARM GAS  C:\Users\Joshua\AppData\Local\Temp\ccit7sUw.s 			page 10


 345 0087 9401     		.2byte	0x194
 346 0089 53000000 		.4byte	0x53
 347 008d 05       		.uleb128 0x5
 348 008e 22010000 		.4byte	.LASF12
 349 0092 04       		.byte	0x4
 350 0093 9701     		.2byte	0x197
 351 0095 4C000000 		.4byte	0x4c
 352 0099 02       		.uleb128 0x2
 353 009a 04       		.byte	0x4
 354 009b 04       		.byte	0x4
 355 009c 6A000000 		.4byte	.LASF13
 356 00a0 02       		.uleb128 0x2
 357 00a1 08       		.byte	0x8
 358 00a2 04       		.byte	0x4
 359 00a3 41000000 		.4byte	.LASF14
 360 00a7 02       		.uleb128 0x2
 361 00a8 01       		.byte	0x1
 362 00a9 08       		.byte	0x8
 363 00aa 37020000 		.4byte	.LASF15
 364 00ae 02       		.uleb128 0x2
 365 00af 08       		.byte	0x8
 366 00b0 04       		.byte	0x4
 367 00b1 95010000 		.4byte	.LASF16
 368 00b5 02       		.uleb128 0x2
 369 00b6 04       		.byte	0x4
 370 00b7 07       		.byte	0x7
 371 00b8 FE010000 		.4byte	.LASF17
 372 00bc 06       		.uleb128 0x6
 373 00bd B5020000 		.4byte	.LASF23
 374 00c1 01       		.byte	0x1
 375 00c2 13       		.byte	0x13
 376 00c3 00000000 		.4byte	.LFB64
 377 00c7 58000000 		.4byte	.LFE64-.LFB64
 378 00cb 01       		.uleb128 0x1
 379 00cc 9C       		.byte	0x9c
 380 00cd 60010000 		.4byte	0x160
 381 00d1 07       		.uleb128 0x7
 382 00d2 F9010000 		.4byte	.LASF25
 383 00d6 01       		.byte	0x1
 384 00d7 14       		.byte	0x14
 385 00d8 60010000 		.4byte	0x160
 386 00dc 08       		.uleb128 0x8
 387 00dd B8010000 		.4byte	.LASF18
 388 00e1 01       		.byte	0x1
 389 00e2 16       		.byte	0x16
 390 00e3 8D000000 		.4byte	0x8d
 391 00e7 00000000 		.4byte	.LLST0
 392 00eb 08       		.uleb128 0x8
 393 00ec BD020000 		.4byte	.LASF19
 394 00f0 01       		.byte	0x1
 395 00f1 16       		.byte	0x16
 396 00f2 8D000000 		.4byte	0x8d
 397 00f6 1E000000 		.4byte	.LLST1
 398 00fa 08       		.uleb128 0x8
 399 00fb 48000000 		.4byte	.LASF20
 400 00ff 01       		.byte	0x1
 401 0100 18       		.byte	0x18
ARM GAS  C:\Users\Joshua\AppData\Local\Temp\ccit7sUw.s 			page 11


 402 0101 81000000 		.4byte	0x81
 403 0105 3C000000 		.4byte	.LLST2
 404 0109 08       		.uleb128 0x8
 405 010a 31020000 		.4byte	.LASF21
 406 010e 01       		.byte	0x1
 407 010f 1A       		.byte	0x1a
 408 0110 8D000000 		.4byte	0x8d
 409 0114 4F000000 		.4byte	.LLST3
 410 0118 09       		.uleb128 0x9
 411 0119 70000000 		.4byte	.LASF22
 412 011d 01       		.byte	0x1
 413 011e 1C       		.byte	0x1c
 414 011f 68000000 		.4byte	0x68
 415 0123 01       		.uleb128 0x1
 416 0124 50       		.byte	0x50
 417 0125 0A       		.uleb128 0xa
 418 0126 14010000 		.4byte	.LASF43
 419 012a 01       		.byte	0x1
 420 012b 1E       		.byte	0x1e
 421 012c 8D000000 		.4byte	0x8d
 422 0130 0B       		.uleb128 0xb
 423 0131 08000000 		.4byte	.LVL0
 424 0135 9F020000 		.4byte	0x29f
 425 0139 43010000 		.4byte	0x143
 426 013d 0C       		.uleb128 0xc
 427 013e 01       		.uleb128 0x1
 428 013f 50       		.byte	0x50
 429 0140 01       		.uleb128 0x1
 430 0141 30       		.byte	0x30
 431 0142 00       		.byte	0
 432 0143 0B       		.uleb128 0xb
 433 0144 10000000 		.4byte	.LVL3
 434 0148 9F020000 		.4byte	0x29f
 435 014c 56010000 		.4byte	0x156
 436 0150 0C       		.uleb128 0xc
 437 0151 01       		.uleb128 0x1
 438 0152 50       		.byte	0x50
 439 0153 01       		.uleb128 0x1
 440 0154 31       		.byte	0x31
 441 0155 00       		.byte	0
 442 0156 0D       		.uleb128 0xd
 443 0157 36000000 		.4byte	.LVL12
 444 015b AA020000 		.4byte	0x2aa
 445 015f 00       		.byte	0
 446 0160 0E       		.uleb128 0xe
 447 0161 68000000 		.4byte	0x68
 448 0165 0F       		.uleb128 0xf
 449 0166 48020000 		.4byte	.LASF24
 450 016a 01       		.byte	0x1
 451 016b 3E       		.byte	0x3e
 452 016c 00000000 		.4byte	.LFB65
 453 0170 24000000 		.4byte	.LFE65-.LFB65
 454 0174 01       		.uleb128 0x1
 455 0175 9C       		.byte	0x9c
 456 0176 A9010000 		.4byte	0x1a9
 457 017a 10       		.uleb128 0x10
 458 017b 1D010000 		.4byte	.LASF30
ARM GAS  C:\Users\Joshua\AppData\Local\Temp\ccit7sUw.s 			page 12


 459 017f 01       		.byte	0x1
 460 0180 3E       		.byte	0x3e
 461 0181 68000000 		.4byte	0x68
 462 0185 01       		.uleb128 0x1
 463 0186 50       		.byte	0x50
 464 0187 07       		.uleb128 0x7
 465 0188 5F000000 		.4byte	.LASF26
 466 018c 01       		.byte	0x1
 467 018d 3F       		.byte	0x3f
 468 018e 60010000 		.4byte	0x160
 469 0192 07       		.uleb128 0x7
 470 0193 90020000 		.4byte	.LASF27
 471 0197 01       		.byte	0x1
 472 0198 40       		.byte	0x40
 473 0199 60010000 		.4byte	0x160
 474 019d 07       		.uleb128 0x7
 475 019e EF010000 		.4byte	.LASF28
 476 01a2 01       		.byte	0x1
 477 01a3 41       		.byte	0x41
 478 01a4 60010000 		.4byte	0x160
 479 01a8 00       		.byte	0
 480 01a9 0F       		.uleb128 0xf
 481 01aa 3C020000 		.4byte	.LASF29
 482 01ae 01       		.byte	0x1
 483 01af 93       		.byte	0x93
 484 01b0 00000000 		.4byte	.LFB67
 485 01b4 10000000 		.4byte	.LFE67-.LFB67
 486 01b8 01       		.uleb128 0x1
 487 01b9 9C       		.byte	0x9c
 488 01ba F2010000 		.4byte	0x1f2
 489 01be 11       		.uleb128 0x11
 490 01bf 86020000 		.4byte	.LASF31
 491 01c3 01       		.byte	0x1
 492 01c4 93       		.byte	0x93
 493 01c5 68000000 		.4byte	0x68
 494 01c9 62000000 		.4byte	.LLST4
 495 01cd 07       		.uleb128 0x7
 496 01ce 4D000000 		.4byte	.LASF32
 497 01d2 01       		.byte	0x1
 498 01d3 94       		.byte	0x94
 499 01d4 60010000 		.4byte	0x160
 500 01d8 0D       		.uleb128 0xd
 501 01d9 08000000 		.4byte	.LVL19
 502 01dd B5020000 		.4byte	0x2b5
 503 01e1 12       		.uleb128 0x12
 504 01e2 0E000000 		.4byte	.LVL20
 505 01e6 C0020000 		.4byte	0x2c0
 506 01ea 0C       		.uleb128 0xc
 507 01eb 01       		.uleb128 0x1
 508 01ec 50       		.byte	0x50
 509 01ed 02       		.uleb128 0x2
 510 01ee 74       		.byte	0x74
 511 01ef 00       		.sleb128 0
 512 01f0 00       		.byte	0
 513 01f1 00       		.byte	0
 514 01f2 0F       		.uleb128 0xf
 515 01f3 89010000 		.4byte	.LASF33
ARM GAS  C:\Users\Joshua\AppData\Local\Temp\ccit7sUw.s 			page 13


 516 01f7 01       		.byte	0x1
 517 01f8 5D       		.byte	0x5d
 518 01f9 00000000 		.4byte	.LFB66
 519 01fd 6C000000 		.4byte	.LFE66-.LFB66
 520 0201 01       		.uleb128 0x1
 521 0202 9C       		.byte	0x9c
 522 0203 57020000 		.4byte	0x257
 523 0207 11       		.uleb128 0x11
 524 0208 1D010000 		.4byte	.LASF30
 525 020c 01       		.byte	0x1
 526 020d 5D       		.byte	0x5d
 527 020e 68000000 		.4byte	0x68
 528 0212 80000000 		.4byte	.LLST5
 529 0216 07       		.uleb128 0x7
 530 0217 4D000000 		.4byte	.LASF32
 531 021b 01       		.byte	0x1
 532 021c 5E       		.byte	0x5e
 533 021d 60010000 		.4byte	0x160
 534 0221 07       		.uleb128 0x7
 535 0222 AB020000 		.4byte	.LASF34
 536 0226 01       		.byte	0x1
 537 0227 5F       		.byte	0x5f
 538 0228 60010000 		.4byte	0x160
 539 022c 0D       		.uleb128 0xd
 540 022d 16000000 		.4byte	.LVL23
 541 0231 A9010000 		.4byte	0x1a9
 542 0235 0D       		.uleb128 0xd
 543 0236 32000000 		.4byte	.LVL26
 544 023a A9010000 		.4byte	0x1a9
 545 023e 0D       		.uleb128 0xd
 546 023f 4C000000 		.4byte	.LVL29
 547 0243 A9010000 		.4byte	0x1a9
 548 0247 12       		.uleb128 0x12
 549 0248 5A000000 		.4byte	.LVL32
 550 024c A9010000 		.4byte	0x1a9
 551 0250 0C       		.uleb128 0xc
 552 0251 01       		.uleb128 0x1
 553 0252 50       		.byte	0x50
 554 0253 01       		.uleb128 0x1
 555 0254 30       		.byte	0x30
 556 0255 00       		.byte	0
 557 0256 00       		.byte	0
 558 0257 13       		.uleb128 0x13
 559 0258 6A010000 		.4byte	.LASF35
 560 025c 05       		.byte	0x5
 561 025d 1207     		.2byte	0x712
 562 025f 63020000 		.4byte	0x263
 563 0263 0E       		.uleb128 0xe
 564 0264 76000000 		.4byte	0x76
 565 0268 07       		.uleb128 0x7
 566 0269 F9010000 		.4byte	.LASF25
 567 026d 01       		.byte	0x1
 568 026e 14       		.byte	0x14
 569 026f 60010000 		.4byte	0x160
 570 0273 07       		.uleb128 0x7
 571 0274 90020000 		.4byte	.LASF27
 572 0278 01       		.byte	0x1
ARM GAS  C:\Users\Joshua\AppData\Local\Temp\ccit7sUw.s 			page 14


 573 0279 40       		.byte	0x40
 574 027a 60010000 		.4byte	0x160
 575 027e 07       		.uleb128 0x7
 576 027f EF010000 		.4byte	.LASF28
 577 0283 01       		.byte	0x1
 578 0284 41       		.byte	0x41
 579 0285 60010000 		.4byte	0x160
 580 0289 07       		.uleb128 0x7
 581 028a 4D000000 		.4byte	.LASF32
 582 028e 01       		.byte	0x1
 583 028f 94       		.byte	0x94
 584 0290 60010000 		.4byte	0x160
 585 0294 07       		.uleb128 0x7
 586 0295 AB020000 		.4byte	.LASF34
 587 0299 01       		.byte	0x1
 588 029a 5F       		.byte	0x5f
 589 029b 60010000 		.4byte	0x160
 590 029f 14       		.uleb128 0x14
 591 02a0 00000000 		.4byte	.LASF36
 592 02a4 00000000 		.4byte	.LASF36
 593 02a8 06       		.byte	0x6
 594 02a9 13       		.byte	0x13
 595 02aa 14       		.uleb128 0x14
 596 02ab 07020000 		.4byte	.LASF37
 597 02af 07020000 		.4byte	.LASF37
 598 02b3 07       		.byte	0x7
 599 02b4 32       		.byte	0x32
 600 02b5 14       		.uleb128 0x14
 601 02b6 D5010000 		.4byte	.LASF38
 602 02ba D5010000 		.4byte	.LASF38
 603 02be 08       		.byte	0x8
 604 02bf 92       		.byte	0x92
 605 02c0 14       		.uleb128 0x14
 606 02c1 5C020000 		.4byte	.LASF39
 607 02c5 5C020000 		.4byte	.LASF39
 608 02c9 08       		.byte	0x8
 609 02ca C3       		.byte	0xc3
 610 02cb 00       		.byte	0
 611              		.section	.debug_abbrev,"",%progbits
 612              	.Ldebug_abbrev0:
 613 0000 01       		.uleb128 0x1
 614 0001 11       		.uleb128 0x11
 615 0002 01       		.byte	0x1
 616 0003 25       		.uleb128 0x25
 617 0004 0E       		.uleb128 0xe
 618 0005 13       		.uleb128 0x13
 619 0006 0B       		.uleb128 0xb
 620 0007 03       		.uleb128 0x3
 621 0008 0E       		.uleb128 0xe
 622 0009 1B       		.uleb128 0x1b
 623 000a 0E       		.uleb128 0xe
 624 000b 55       		.uleb128 0x55
 625 000c 17       		.uleb128 0x17
 626 000d 11       		.uleb128 0x11
 627 000e 01       		.uleb128 0x1
 628 000f 10       		.uleb128 0x10
 629 0010 17       		.uleb128 0x17
ARM GAS  C:\Users\Joshua\AppData\Local\Temp\ccit7sUw.s 			page 15


 630 0011 00       		.byte	0
 631 0012 00       		.byte	0
 632 0013 02       		.uleb128 0x2
 633 0014 24       		.uleb128 0x24
 634 0015 00       		.byte	0
 635 0016 0B       		.uleb128 0xb
 636 0017 0B       		.uleb128 0xb
 637 0018 3E       		.uleb128 0x3e
 638 0019 0B       		.uleb128 0xb
 639 001a 03       		.uleb128 0x3
 640 001b 0E       		.uleb128 0xe
 641 001c 00       		.byte	0
 642 001d 00       		.byte	0
 643 001e 03       		.uleb128 0x3
 644 001f 16       		.uleb128 0x16
 645 0020 00       		.byte	0
 646 0021 03       		.uleb128 0x3
 647 0022 0E       		.uleb128 0xe
 648 0023 3A       		.uleb128 0x3a
 649 0024 0B       		.uleb128 0xb
 650 0025 3B       		.uleb128 0x3b
 651 0026 0B       		.uleb128 0xb
 652 0027 49       		.uleb128 0x49
 653 0028 13       		.uleb128 0x13
 654 0029 00       		.byte	0
 655 002a 00       		.byte	0
 656 002b 04       		.uleb128 0x4
 657 002c 24       		.uleb128 0x24
 658 002d 00       		.byte	0
 659 002e 0B       		.uleb128 0xb
 660 002f 0B       		.uleb128 0xb
 661 0030 3E       		.uleb128 0x3e
 662 0031 0B       		.uleb128 0xb
 663 0032 03       		.uleb128 0x3
 664 0033 08       		.uleb128 0x8
 665 0034 00       		.byte	0
 666 0035 00       		.byte	0
 667 0036 05       		.uleb128 0x5
 668 0037 16       		.uleb128 0x16
 669 0038 00       		.byte	0
 670 0039 03       		.uleb128 0x3
 671 003a 0E       		.uleb128 0xe
 672 003b 3A       		.uleb128 0x3a
 673 003c 0B       		.uleb128 0xb
 674 003d 3B       		.uleb128 0x3b
 675 003e 05       		.uleb128 0x5
 676 003f 49       		.uleb128 0x49
 677 0040 13       		.uleb128 0x13
 678 0041 00       		.byte	0
 679 0042 00       		.byte	0
 680 0043 06       		.uleb128 0x6
 681 0044 2E       		.uleb128 0x2e
 682 0045 01       		.byte	0x1
 683 0046 3F       		.uleb128 0x3f
 684 0047 19       		.uleb128 0x19
 685 0048 03       		.uleb128 0x3
 686 0049 0E       		.uleb128 0xe
ARM GAS  C:\Users\Joshua\AppData\Local\Temp\ccit7sUw.s 			page 16


 687 004a 3A       		.uleb128 0x3a
 688 004b 0B       		.uleb128 0xb
 689 004c 3B       		.uleb128 0x3b
 690 004d 0B       		.uleb128 0xb
 691 004e 27       		.uleb128 0x27
 692 004f 19       		.uleb128 0x19
 693 0050 11       		.uleb128 0x11
 694 0051 01       		.uleb128 0x1
 695 0052 12       		.uleb128 0x12
 696 0053 06       		.uleb128 0x6
 697 0054 40       		.uleb128 0x40
 698 0055 18       		.uleb128 0x18
 699 0056 9642     		.uleb128 0x2116
 700 0058 19       		.uleb128 0x19
 701 0059 01       		.uleb128 0x1
 702 005a 13       		.uleb128 0x13
 703 005b 00       		.byte	0
 704 005c 00       		.byte	0
 705 005d 07       		.uleb128 0x7
 706 005e 34       		.uleb128 0x34
 707 005f 00       		.byte	0
 708 0060 03       		.uleb128 0x3
 709 0061 0E       		.uleb128 0xe
 710 0062 3A       		.uleb128 0x3a
 711 0063 0B       		.uleb128 0xb
 712 0064 3B       		.uleb128 0x3b
 713 0065 0B       		.uleb128 0xb
 714 0066 49       		.uleb128 0x49
 715 0067 13       		.uleb128 0x13
 716 0068 3F       		.uleb128 0x3f
 717 0069 19       		.uleb128 0x19
 718 006a 3C       		.uleb128 0x3c
 719 006b 19       		.uleb128 0x19
 720 006c 00       		.byte	0
 721 006d 00       		.byte	0
 722 006e 08       		.uleb128 0x8
 723 006f 34       		.uleb128 0x34
 724 0070 00       		.byte	0
 725 0071 03       		.uleb128 0x3
 726 0072 0E       		.uleb128 0xe
 727 0073 3A       		.uleb128 0x3a
 728 0074 0B       		.uleb128 0xb
 729 0075 3B       		.uleb128 0x3b
 730 0076 0B       		.uleb128 0xb
 731 0077 49       		.uleb128 0x49
 732 0078 13       		.uleb128 0x13
 733 0079 02       		.uleb128 0x2
 734 007a 17       		.uleb128 0x17
 735 007b 00       		.byte	0
 736 007c 00       		.byte	0
 737 007d 09       		.uleb128 0x9
 738 007e 34       		.uleb128 0x34
 739 007f 00       		.byte	0
 740 0080 03       		.uleb128 0x3
 741 0081 0E       		.uleb128 0xe
 742 0082 3A       		.uleb128 0x3a
 743 0083 0B       		.uleb128 0xb
ARM GAS  C:\Users\Joshua\AppData\Local\Temp\ccit7sUw.s 			page 17


 744 0084 3B       		.uleb128 0x3b
 745 0085 0B       		.uleb128 0xb
 746 0086 49       		.uleb128 0x49
 747 0087 13       		.uleb128 0x13
 748 0088 02       		.uleb128 0x2
 749 0089 18       		.uleb128 0x18
 750 008a 00       		.byte	0
 751 008b 00       		.byte	0
 752 008c 0A       		.uleb128 0xa
 753 008d 34       		.uleb128 0x34
 754 008e 00       		.byte	0
 755 008f 03       		.uleb128 0x3
 756 0090 0E       		.uleb128 0xe
 757 0091 3A       		.uleb128 0x3a
 758 0092 0B       		.uleb128 0xb
 759 0093 3B       		.uleb128 0x3b
 760 0094 0B       		.uleb128 0xb
 761 0095 49       		.uleb128 0x49
 762 0096 13       		.uleb128 0x13
 763 0097 00       		.byte	0
 764 0098 00       		.byte	0
 765 0099 0B       		.uleb128 0xb
 766 009a 898201   		.uleb128 0x4109
 767 009d 01       		.byte	0x1
 768 009e 11       		.uleb128 0x11
 769 009f 01       		.uleb128 0x1
 770 00a0 31       		.uleb128 0x31
 771 00a1 13       		.uleb128 0x13
 772 00a2 01       		.uleb128 0x1
 773 00a3 13       		.uleb128 0x13
 774 00a4 00       		.byte	0
 775 00a5 00       		.byte	0
 776 00a6 0C       		.uleb128 0xc
 777 00a7 8A8201   		.uleb128 0x410a
 778 00aa 00       		.byte	0
 779 00ab 02       		.uleb128 0x2
 780 00ac 18       		.uleb128 0x18
 781 00ad 9142     		.uleb128 0x2111
 782 00af 18       		.uleb128 0x18
 783 00b0 00       		.byte	0
 784 00b1 00       		.byte	0
 785 00b2 0D       		.uleb128 0xd
 786 00b3 898201   		.uleb128 0x4109
 787 00b6 00       		.byte	0
 788 00b7 11       		.uleb128 0x11
 789 00b8 01       		.uleb128 0x1
 790 00b9 31       		.uleb128 0x31
 791 00ba 13       		.uleb128 0x13
 792 00bb 00       		.byte	0
 793 00bc 00       		.byte	0
 794 00bd 0E       		.uleb128 0xe
 795 00be 35       		.uleb128 0x35
 796 00bf 00       		.byte	0
 797 00c0 49       		.uleb128 0x49
 798 00c1 13       		.uleb128 0x13
 799 00c2 00       		.byte	0
 800 00c3 00       		.byte	0
ARM GAS  C:\Users\Joshua\AppData\Local\Temp\ccit7sUw.s 			page 18


 801 00c4 0F       		.uleb128 0xf
 802 00c5 2E       		.uleb128 0x2e
 803 00c6 01       		.byte	0x1
 804 00c7 3F       		.uleb128 0x3f
 805 00c8 19       		.uleb128 0x19
 806 00c9 03       		.uleb128 0x3
 807 00ca 0E       		.uleb128 0xe
 808 00cb 3A       		.uleb128 0x3a
 809 00cc 0B       		.uleb128 0xb
 810 00cd 3B       		.uleb128 0x3b
 811 00ce 0B       		.uleb128 0xb
 812 00cf 27       		.uleb128 0x27
 813 00d0 19       		.uleb128 0x19
 814 00d1 11       		.uleb128 0x11
 815 00d2 01       		.uleb128 0x1
 816 00d3 12       		.uleb128 0x12
 817 00d4 06       		.uleb128 0x6
 818 00d5 40       		.uleb128 0x40
 819 00d6 18       		.uleb128 0x18
 820 00d7 9742     		.uleb128 0x2117
 821 00d9 19       		.uleb128 0x19
 822 00da 01       		.uleb128 0x1
 823 00db 13       		.uleb128 0x13
 824 00dc 00       		.byte	0
 825 00dd 00       		.byte	0
 826 00de 10       		.uleb128 0x10
 827 00df 05       		.uleb128 0x5
 828 00e0 00       		.byte	0
 829 00e1 03       		.uleb128 0x3
 830 00e2 0E       		.uleb128 0xe
 831 00e3 3A       		.uleb128 0x3a
 832 00e4 0B       		.uleb128 0xb
 833 00e5 3B       		.uleb128 0x3b
 834 00e6 0B       		.uleb128 0xb
 835 00e7 49       		.uleb128 0x49
 836 00e8 13       		.uleb128 0x13
 837 00e9 02       		.uleb128 0x2
 838 00ea 18       		.uleb128 0x18
 839 00eb 00       		.byte	0
 840 00ec 00       		.byte	0
 841 00ed 11       		.uleb128 0x11
 842 00ee 05       		.uleb128 0x5
 843 00ef 00       		.byte	0
 844 00f0 03       		.uleb128 0x3
 845 00f1 0E       		.uleb128 0xe
 846 00f2 3A       		.uleb128 0x3a
 847 00f3 0B       		.uleb128 0xb
 848 00f4 3B       		.uleb128 0x3b
 849 00f5 0B       		.uleb128 0xb
 850 00f6 49       		.uleb128 0x49
 851 00f7 13       		.uleb128 0x13
 852 00f8 02       		.uleb128 0x2
 853 00f9 17       		.uleb128 0x17
 854 00fa 00       		.byte	0
 855 00fb 00       		.byte	0
 856 00fc 12       		.uleb128 0x12
 857 00fd 898201   		.uleb128 0x4109
ARM GAS  C:\Users\Joshua\AppData\Local\Temp\ccit7sUw.s 			page 19


 858 0100 01       		.byte	0x1
 859 0101 11       		.uleb128 0x11
 860 0102 01       		.uleb128 0x1
 861 0103 31       		.uleb128 0x31
 862 0104 13       		.uleb128 0x13
 863 0105 00       		.byte	0
 864 0106 00       		.byte	0
 865 0107 13       		.uleb128 0x13
 866 0108 34       		.uleb128 0x34
 867 0109 00       		.byte	0
 868 010a 03       		.uleb128 0x3
 869 010b 0E       		.uleb128 0xe
 870 010c 3A       		.uleb128 0x3a
 871 010d 0B       		.uleb128 0xb
 872 010e 3B       		.uleb128 0x3b
 873 010f 05       		.uleb128 0x5
 874 0110 49       		.uleb128 0x49
 875 0111 13       		.uleb128 0x13
 876 0112 3F       		.uleb128 0x3f
 877 0113 19       		.uleb128 0x19
 878 0114 3C       		.uleb128 0x3c
 879 0115 19       		.uleb128 0x19
 880 0116 00       		.byte	0
 881 0117 00       		.byte	0
 882 0118 14       		.uleb128 0x14
 883 0119 2E       		.uleb128 0x2e
 884 011a 00       		.byte	0
 885 011b 3F       		.uleb128 0x3f
 886 011c 19       		.uleb128 0x19
 887 011d 3C       		.uleb128 0x3c
 888 011e 19       		.uleb128 0x19
 889 011f 6E       		.uleb128 0x6e
 890 0120 0E       		.uleb128 0xe
 891 0121 03       		.uleb128 0x3
 892 0122 0E       		.uleb128 0xe
 893 0123 3A       		.uleb128 0x3a
 894 0124 0B       		.uleb128 0xb
 895 0125 3B       		.uleb128 0x3b
 896 0126 0B       		.uleb128 0xb
 897 0127 00       		.byte	0
 898 0128 00       		.byte	0
 899 0129 00       		.byte	0
 900              		.section	.debug_loc,"",%progbits
 901              	.Ldebug_loc0:
 902              	.LLST0:
 903 0000 12000000 		.4byte	.LVL4
 904 0004 14000000 		.4byte	.LVL5
 905 0008 0100     		.2byte	0x1
 906 000a 50       		.byte	0x50
 907 000b 14000000 		.4byte	.LVL5
 908 000f 4A000000 		.4byte	.LVL16
 909 0013 0100     		.2byte	0x1
 910 0015 55       		.byte	0x55
 911 0016 00000000 		.4byte	0
 912 001a 00000000 		.4byte	0
 913              	.LLST1:
 914 001e 0A000000 		.4byte	.LVL1
ARM GAS  C:\Users\Joshua\AppData\Local\Temp\ccit7sUw.s 			page 20


 915 0022 0C000000 		.4byte	.LVL2
 916 0026 0100     		.2byte	0x1
 917 0028 50       		.byte	0x50
 918 0029 0C000000 		.4byte	.LVL2
 919 002d 1A000000 		.4byte	.LVL7
 920 0031 0100     		.2byte	0x1
 921 0033 54       		.byte	0x54
 922 0034 00000000 		.4byte	0
 923 0038 00000000 		.4byte	0
 924              	.LLST2:
 925 003c 32000000 		.4byte	.LVL11
 926 0040 35000000 		.4byte	.LVL12-1
 927 0044 0100     		.2byte	0x1
 928 0046 50       		.byte	0x50
 929 0047 00000000 		.4byte	0
 930 004b 00000000 		.4byte	0
 931              	.LLST3:
 932 004f 36000000 		.4byte	.LVL12
 933 0053 3E000000 		.4byte	.LVL13
 934 0057 0100     		.2byte	0x1
 935 0059 50       		.byte	0x50
 936 005a 00000000 		.4byte	0
 937 005e 00000000 		.4byte	0
 938              	.LLST4:
 939 0062 00000000 		.4byte	.LVL18
 940 0066 07000000 		.4byte	.LVL19-1
 941 006a 0100     		.2byte	0x1
 942 006c 50       		.byte	0x50
 943 006d 07000000 		.4byte	.LVL19-1
 944 0071 10000000 		.4byte	.LFE67
 945 0075 0100     		.2byte	0x1
 946 0077 54       		.byte	0x54
 947 0078 00000000 		.4byte	0
 948 007c 00000000 		.4byte	0
 949              	.LLST5:
 950 0080 00000000 		.4byte	.LVL21
 951 0084 12000000 		.4byte	.LVL22
 952 0088 0100     		.2byte	0x1
 953 008a 50       		.byte	0x50
 954 008b 12000000 		.4byte	.LVL22
 955 008f 1E000000 		.4byte	.LVL24
 956 0093 0400     		.2byte	0x4
 957 0095 F3       		.byte	0xf3
 958 0096 01       		.uleb128 0x1
 959 0097 50       		.byte	0x50
 960 0098 9F       		.byte	0x9f
 961 0099 1E000000 		.4byte	.LVL24
 962 009d 2E000000 		.4byte	.LVL25
 963 00a1 0100     		.2byte	0x1
 964 00a3 50       		.byte	0x50
 965 00a4 2E000000 		.4byte	.LVL25
 966 00a8 3A000000 		.4byte	.LVL27
 967 00ac 0400     		.2byte	0x4
 968 00ae F3       		.byte	0xf3
 969 00af 01       		.uleb128 0x1
 970 00b0 50       		.byte	0x50
 971 00b1 9F       		.byte	0x9f
ARM GAS  C:\Users\Joshua\AppData\Local\Temp\ccit7sUw.s 			page 21


 972 00b2 3A000000 		.4byte	.LVL27
 973 00b6 48000000 		.4byte	.LVL28
 974 00ba 0100     		.2byte	0x1
 975 00bc 50       		.byte	0x50
 976 00bd 48000000 		.4byte	.LVL28
 977 00c1 54000000 		.4byte	.LVL30
 978 00c5 0400     		.2byte	0x4
 979 00c7 F3       		.byte	0xf3
 980 00c8 01       		.uleb128 0x1
 981 00c9 50       		.byte	0x50
 982 00ca 9F       		.byte	0x9f
 983 00cb 54000000 		.4byte	.LVL30
 984 00cf 56000000 		.4byte	.LVL31
 985 00d3 0100     		.2byte	0x1
 986 00d5 50       		.byte	0x50
 987 00d6 56000000 		.4byte	.LVL31
 988 00da 59000000 		.4byte	.LVL32-1
 989 00de 0300     		.2byte	0x3
 990 00e0 73       		.byte	0x73
 991 00e1 6E       		.sleb128 -18
 992 00e2 9F       		.byte	0x9f
 993 00e3 59000000 		.4byte	.LVL32-1
 994 00e7 6C000000 		.4byte	.LFE66
 995 00eb 0400     		.2byte	0x4
 996 00ed F3       		.byte	0xf3
 997 00ee 01       		.uleb128 0x1
 998 00ef 50       		.byte	0x50
 999 00f0 9F       		.byte	0x9f
 1000 00f1 00000000 		.4byte	0
 1001 00f5 00000000 		.4byte	0
 1002              		.section	.debug_aranges,"",%progbits
 1003 0000 34000000 		.4byte	0x34
 1004 0004 0200     		.2byte	0x2
 1005 0006 00000000 		.4byte	.Ldebug_info0
 1006 000a 04       		.byte	0x4
 1007 000b 00       		.byte	0
 1008 000c 0000     		.2byte	0
 1009 000e 0000     		.2byte	0
 1010 0010 00000000 		.4byte	.LFB64
 1011 0014 58000000 		.4byte	.LFE64-.LFB64
 1012 0018 00000000 		.4byte	.LFB65
 1013 001c 24000000 		.4byte	.LFE65-.LFB65
 1014 0020 00000000 		.4byte	.LFB67
 1015 0024 10000000 		.4byte	.LFE67-.LFB67
 1016 0028 00000000 		.4byte	.LFB66
 1017 002c 6C000000 		.4byte	.LFE66-.LFB66
 1018 0030 00000000 		.4byte	0
 1019 0034 00000000 		.4byte	0
 1020              		.section	.debug_ranges,"",%progbits
 1021              	.Ldebug_ranges0:
 1022 0000 00000000 		.4byte	.LFB64
 1023 0004 58000000 		.4byte	.LFE64
 1024 0008 00000000 		.4byte	.LFB65
 1025 000c 24000000 		.4byte	.LFE65
 1026 0010 00000000 		.4byte	.LFB67
 1027 0014 10000000 		.4byte	.LFE67
 1028 0018 00000000 		.4byte	.LFB66
ARM GAS  C:\Users\Joshua\AppData\Local\Temp\ccit7sUw.s 			page 22


 1029 001c 6C000000 		.4byte	.LFE66
 1030 0020 00000000 		.4byte	0
 1031 0024 00000000 		.4byte	0
 1032              		.section	.debug_line,"",%progbits
 1033              	.Ldebug_line0:
 1034 0000 FB010000 		.section	.debug_str,"MS",%progbits,1
 1034      02009301 
 1034      00000201 
 1034      FB0E0D00 
 1034      01010101 
 1035              	.LASF36:
 1036 0000 4D656173 		.ascii	"MeasureResistorVoltage\000"
 1036      75726552 
 1036      65736973 
 1036      746F7256 
 1036      6F6C7461 
 1037              	.LASF9:
 1038 0017 5F5F696E 		.ascii	"__int32_t\000"
 1038      7433325F 
 1038      7400
 1039              	.LASF3:
 1040 0021 73686F72 		.ascii	"short unsigned int\000"
 1040      7420756E 
 1040      7369676E 
 1040      65642069 
 1040      6E7400
 1041              	.LASF8:
 1042 0034 756E7369 		.ascii	"unsigned int\000"
 1042      676E6564 
 1042      20696E74 
 1042      00
 1043              	.LASF14:
 1044 0041 646F7562 		.ascii	"double\000"
 1044      6C6500
 1045              	.LASF20:
 1046 0048 69526573 		.ascii	"iRes\000"
 1046      00
 1047              	.LASF32:
 1048 004d 66616E53 		.ascii	"fanSPEED1\000"
 1048      50454544 
 1048      3100
 1049              	.LASF10:
 1050 0057 696E7433 		.ascii	"int32_t\000"
 1050      325F7400 
 1051              	.LASF26:
 1052 005f 4E6F745F 		.ascii	"Not_runing\000"
 1052      72756E69 
 1052      6E6700
 1053              	.LASF13:
 1054 006a 666C6F61 		.ascii	"float\000"
 1054      7400
 1055              	.LASF22:
 1056 0070 64656354 		.ascii	"decTemp\000"
 1056      656D7000 
 1057              	.LASF1:
 1058 0078 756E7369 		.ascii	"unsigned char\000"
 1058      676E6564 
ARM GAS  C:\Users\Joshua\AppData\Local\Temp\ccit7sUw.s 			page 23


 1058      20636861 
 1058      7200
 1059              	.LASF40:
 1060 0086 474E5520 		.ascii	"GNU C11 5.4.1 20160609 (release) [ARM/embedded-5-br"
 1060      43313120 
 1060      352E342E 
 1060      31203230 
 1060      31363036 
 1061 00b9 616E6368 		.ascii	"anch revision 237715] -mcpu=cortex-m3 -mthumb -g -O"
 1061      20726576 
 1061      6973696F 
 1061      6E203233 
 1061      37373135 
 1062 00ec 67202D66 		.ascii	"g -ffunction-sections -ffat-lto-objects\000"
 1062      66756E63 
 1062      74696F6E 
 1062      2D736563 
 1062      74696F6E 
 1063              	.LASF43:
 1064 0114 66726163 		.ascii	"fracTemp\000"
 1064      54656D70 
 1064      00
 1065              	.LASF30:
 1066 011d 74656D70 		.ascii	"temp\000"
 1066      00
 1067              	.LASF12:
 1068 0122 696E7433 		.ascii	"int32\000"
 1068      3200
 1069              	.LASF42:
 1070 0128 433A5C55 		.ascii	"C:\\Users\\Joshua\\Documents\\PSoC Creator\\Workspa"
 1070      73657273 
 1070      5C4A6F73 
 1070      6875615C 
 1070      446F6375 
 1071 0156 63653031 		.ascii	"ce01\\Design01.cydsn\000"
 1071      5C446573 
 1071      69676E30 
 1071      312E6379 
 1071      64736E00 
 1072              	.LASF35:
 1073 016a 49544D5F 		.ascii	"ITM_RxBuffer\000"
 1073      52784275 
 1073      66666572 
 1073      00
 1074              	.LASF5:
 1075 0177 6C6F6E67 		.ascii	"long unsigned int\000"
 1075      20756E73 
 1075      69676E65 
 1075      6420696E 
 1075      7400
 1076              	.LASF33:
 1077 0189 47657446 		.ascii	"GetFanSpeed\000"
 1077      616E5370 
 1077      65656400 
 1078              	.LASF16:
 1079 0195 6C6F6E67 		.ascii	"long double\000"
 1079      20646F75 
ARM GAS  C:\Users\Joshua\AppData\Local\Temp\ccit7sUw.s 			page 24


 1079      626C6500 
 1080              	.LASF11:
 1081 01a1 75696E74 		.ascii	"uint32\000"
 1081      333200
 1082              	.LASF41:
 1083 01a8 66616E63 		.ascii	"fancontroller.c\000"
 1083      6F6E7472 
 1083      6F6C6C65 
 1083      722E6300 
 1084              	.LASF18:
 1085 01b8 69567265 		.ascii	"iVref\000"
 1085      6600
 1086              	.LASF7:
 1087 01be 6C6F6E67 		.ascii	"long long unsigned int\000"
 1087      206C6F6E 
 1087      6720756E 
 1087      7369676E 
 1087      65642069 
 1088              	.LASF38:
 1089 01d5 50574D5F 		.ascii	"PWM_1_FANCONTROLLER_Start\000"
 1089      315F4641 
 1089      4E434F4E 
 1089      54524F4C 
 1089      4C45525F 
 1090              	.LASF28:
 1091 01ef 52504D5F 		.ascii	"RPM_Count\000"
 1091      436F756E 
 1091      7400
 1092              	.LASF25:
 1093 01f9 54656D70 		.ascii	"Temp\000"
 1093      00
 1094              	.LASF17:
 1095 01fe 73697A65 		.ascii	"sizetype\000"
 1095      74797065 
 1095      00
 1096              	.LASF37:
 1097 0207 54686572 		.ascii	"Thermistor_1_GetTemperature\000"
 1097      6D697374 
 1097      6F725F31 
 1097      5F476574 
 1097      54656D70 
 1098              	.LASF6:
 1099 0223 6C6F6E67 		.ascii	"long long int\000"
 1099      206C6F6E 
 1099      6720696E 
 1099      7400
 1100              	.LASF21:
 1101 0231 6954656D 		.ascii	"iTemp\000"
 1101      7000
 1102              	.LASF15:
 1103 0237 63686172 		.ascii	"char\000"
 1103      00
 1104              	.LASF29:
 1105 023c 53657446 		.ascii	"SetFanSpeed\000"
 1105      616E5370 
 1105      65656400 
 1106              	.LASF24:
ARM GAS  C:\Users\Joshua\AppData\Local\Temp\ccit7sUw.s 			page 25


 1107 0248 43686563 		.ascii	"CheckTemp\000"
 1107      6B54656D 
 1107      7000
 1108              	.LASF2:
 1109 0252 73686F72 		.ascii	"short int\000"
 1109      7420696E 
 1109      7400
 1110              	.LASF39:
 1111 025c 50574D5F 		.ascii	"PWM_1_FANCONTROLLER_WriteCompare\000"
 1111      315F4641 
 1111      4E434F4E 
 1111      54524F4C 
 1111      4C45525F 
 1112              	.LASF4:
 1113 027d 6C6F6E67 		.ascii	"long int\000"
 1113      20696E74 
 1113      00
 1114              	.LASF31:
 1115 0286 66616E73 		.ascii	"fanspeed1\000"
 1115      70656564 
 1115      3100
 1116              	.LASF27:
 1117 0290 476C6F77 		.ascii	"GlowPlugsCycle\000"
 1117      506C7567 
 1117      73437963 
 1117      6C6500
 1118              	.LASF0:
 1119 029f 7369676E 		.ascii	"signed char\000"
 1119      65642063 
 1119      68617200 
 1120              	.LASF34:
 1121 02ab 66616E5F 		.ascii	"fan_state\000"
 1121      73746174 
 1121      6500
 1122              	.LASF23:
 1123 02b5 47657454 		.ascii	"GetTemp\000"
 1123      656D7000 
 1124              	.LASF19:
 1125 02bd 69567468 		.ascii	"iVtherm\000"
 1125      65726D00 
 1126              		.ident	"GCC: (GNU Tools for ARM Embedded Processors) 5.4.1 20160609 (release) [ARM/embedded-5-bran
