ARM GAS  C:\Users\Joshua\AppData\Local\Temp\cck9gEe1.s 			page 1


   1              		.syntax unified
   2              		.cpu cortex-m3
   3              		.fpu softvfp
   4              		.eabi_attribute 20, 1
   5              		.eabi_attribute 21, 1
   6              		.eabi_attribute 23, 3
   7              		.eabi_attribute 24, 1
   8              		.eabi_attribute 25, 1
   9              		.eabi_attribute 26, 1
  10              		.eabi_attribute 30, 1
  11              		.eabi_attribute 34, 1
  12              		.eabi_attribute 18, 4
  13              		.thumb
  14              		.syntax unified
  15              		.file	"isr_Not_Runing.c"
  16              		.text
  17              	.Ltext0:
  18              		.cfi_sections	.debug_frame
  19              		.section	.text.isr_Not_Runing_Interrupt,"ax",%progbits
  20              		.align	2
  21              		.global	isr_Not_Runing_Interrupt
  22              		.thumb
  23              		.thumb_func
  24              		.type	isr_Not_Runing_Interrupt, %function
  25              	isr_Not_Runing_Interrupt:
  26              	.LFB67:
  27              		.file 1 "Generated_Source\\PSoC5\\isr_Not_Runing.c"
   1:Generated_Source\PSoC5/isr_Not_Runing.c **** /*******************************************************************************
   2:Generated_Source\PSoC5/isr_Not_Runing.c **** * File Name: isr_Not_Runing.c  
   3:Generated_Source\PSoC5/isr_Not_Runing.c **** * Version 1.70
   4:Generated_Source\PSoC5/isr_Not_Runing.c **** *
   5:Generated_Source\PSoC5/isr_Not_Runing.c **** *  Description:
   6:Generated_Source\PSoC5/isr_Not_Runing.c **** *   API for controlling the state of an interrupt.
   7:Generated_Source\PSoC5/isr_Not_Runing.c **** *
   8:Generated_Source\PSoC5/isr_Not_Runing.c **** *
   9:Generated_Source\PSoC5/isr_Not_Runing.c **** *  Note:
  10:Generated_Source\PSoC5/isr_Not_Runing.c **** *
  11:Generated_Source\PSoC5/isr_Not_Runing.c **** ********************************************************************************
  12:Generated_Source\PSoC5/isr_Not_Runing.c **** * Copyright 2008-2015, Cypress Semiconductor Corporation.  All rights reserved.
  13:Generated_Source\PSoC5/isr_Not_Runing.c **** * You may use this file only in accordance with the license, terms, conditions, 
  14:Generated_Source\PSoC5/isr_Not_Runing.c **** * disclaimers, and limitations in the end user license agreement accompanying 
  15:Generated_Source\PSoC5/isr_Not_Runing.c **** * the software package with which this file was provided.
  16:Generated_Source\PSoC5/isr_Not_Runing.c **** *******************************************************************************/
  17:Generated_Source\PSoC5/isr_Not_Runing.c **** 
  18:Generated_Source\PSoC5/isr_Not_Runing.c **** 
  19:Generated_Source\PSoC5/isr_Not_Runing.c **** #include <cydevice_trm.h>
  20:Generated_Source\PSoC5/isr_Not_Runing.c **** #include <CyLib.h>
  21:Generated_Source\PSoC5/isr_Not_Runing.c **** #include <isr_Not_Runing.h>
  22:Generated_Source\PSoC5/isr_Not_Runing.c **** #include "cyapicallbacks.h"
  23:Generated_Source\PSoC5/isr_Not_Runing.c **** 
  24:Generated_Source\PSoC5/isr_Not_Runing.c **** #if !defined(isr_Not_Runing__REMOVED) /* Check for removal by optimization */
  25:Generated_Source\PSoC5/isr_Not_Runing.c **** 
  26:Generated_Source\PSoC5/isr_Not_Runing.c **** /*******************************************************************************
  27:Generated_Source\PSoC5/isr_Not_Runing.c **** *  Place your includes, defines and code here 
  28:Generated_Source\PSoC5/isr_Not_Runing.c **** ********************************************************************************/
  29:Generated_Source\PSoC5/isr_Not_Runing.c **** /* `#START isr_Not_Runing_intc` */
  30:Generated_Source\PSoC5/isr_Not_Runing.c **** extern volatile int Not_runing;
ARM GAS  C:\Users\Joshua\AppData\Local\Temp\cck9gEe1.s 			page 2


  31:Generated_Source\PSoC5/isr_Not_Runing.c ****     #include<macros.h>
  32:Generated_Source\PSoC5/isr_Not_Runing.c **** /* `#END` */
  33:Generated_Source\PSoC5/isr_Not_Runing.c **** 
  34:Generated_Source\PSoC5/isr_Not_Runing.c **** #ifndef CYINT_IRQ_BASE
  35:Generated_Source\PSoC5/isr_Not_Runing.c **** #define CYINT_IRQ_BASE      16
  36:Generated_Source\PSoC5/isr_Not_Runing.c **** #endif /* CYINT_IRQ_BASE */
  37:Generated_Source\PSoC5/isr_Not_Runing.c **** #ifndef CYINT_VECT_TABLE
  38:Generated_Source\PSoC5/isr_Not_Runing.c **** #define CYINT_VECT_TABLE    ((cyisraddress **) CYREG_NVIC_VECT_OFFSET)
  39:Generated_Source\PSoC5/isr_Not_Runing.c **** #endif /* CYINT_VECT_TABLE */
  40:Generated_Source\PSoC5/isr_Not_Runing.c **** 
  41:Generated_Source\PSoC5/isr_Not_Runing.c **** /* Declared in startup, used to set unused interrupts to. */
  42:Generated_Source\PSoC5/isr_Not_Runing.c **** CY_ISR_PROTO(IntDefaultHandler);
  43:Generated_Source\PSoC5/isr_Not_Runing.c **** 
  44:Generated_Source\PSoC5/isr_Not_Runing.c **** 
  45:Generated_Source\PSoC5/isr_Not_Runing.c **** /*******************************************************************************
  46:Generated_Source\PSoC5/isr_Not_Runing.c **** * Function Name: isr_Not_Runing_Start
  47:Generated_Source\PSoC5/isr_Not_Runing.c **** ********************************************************************************
  48:Generated_Source\PSoC5/isr_Not_Runing.c **** *
  49:Generated_Source\PSoC5/isr_Not_Runing.c **** * Summary:
  50:Generated_Source\PSoC5/isr_Not_Runing.c **** *  Set up the interrupt and enable it. This function disables the interrupt, 
  51:Generated_Source\PSoC5/isr_Not_Runing.c **** *  sets the default interrupt vector, sets the priority from the value in the
  52:Generated_Source\PSoC5/isr_Not_Runing.c **** *  Design Wide Resources Interrupt Editor, then enables the interrupt to the 
  53:Generated_Source\PSoC5/isr_Not_Runing.c **** *  interrupt controller.
  54:Generated_Source\PSoC5/isr_Not_Runing.c **** *
  55:Generated_Source\PSoC5/isr_Not_Runing.c **** * Parameters:  
  56:Generated_Source\PSoC5/isr_Not_Runing.c **** *   None
  57:Generated_Source\PSoC5/isr_Not_Runing.c **** *
  58:Generated_Source\PSoC5/isr_Not_Runing.c **** * Return:
  59:Generated_Source\PSoC5/isr_Not_Runing.c **** *   None
  60:Generated_Source\PSoC5/isr_Not_Runing.c **** *
  61:Generated_Source\PSoC5/isr_Not_Runing.c **** *******************************************************************************/
  62:Generated_Source\PSoC5/isr_Not_Runing.c **** void isr_Not_Runing_Start(void)
  63:Generated_Source\PSoC5/isr_Not_Runing.c **** {
  64:Generated_Source\PSoC5/isr_Not_Runing.c ****     /* For all we know the interrupt is active. */
  65:Generated_Source\PSoC5/isr_Not_Runing.c ****     isr_Not_Runing_Disable();
  66:Generated_Source\PSoC5/isr_Not_Runing.c **** 
  67:Generated_Source\PSoC5/isr_Not_Runing.c ****     /* Set the ISR to point to the isr_Not_Runing Interrupt. */
  68:Generated_Source\PSoC5/isr_Not_Runing.c ****     isr_Not_Runing_SetVector(&isr_Not_Runing_Interrupt);
  69:Generated_Source\PSoC5/isr_Not_Runing.c **** 
  70:Generated_Source\PSoC5/isr_Not_Runing.c ****     /* Set the priority. */
  71:Generated_Source\PSoC5/isr_Not_Runing.c ****     isr_Not_Runing_SetPriority((uint8)isr_Not_Runing_INTC_PRIOR_NUMBER);
  72:Generated_Source\PSoC5/isr_Not_Runing.c **** 
  73:Generated_Source\PSoC5/isr_Not_Runing.c ****     /* Enable it. */
  74:Generated_Source\PSoC5/isr_Not_Runing.c ****     isr_Not_Runing_Enable();
  75:Generated_Source\PSoC5/isr_Not_Runing.c **** }
  76:Generated_Source\PSoC5/isr_Not_Runing.c **** 
  77:Generated_Source\PSoC5/isr_Not_Runing.c **** 
  78:Generated_Source\PSoC5/isr_Not_Runing.c **** /*******************************************************************************
  79:Generated_Source\PSoC5/isr_Not_Runing.c **** * Function Name: isr_Not_Runing_StartEx
  80:Generated_Source\PSoC5/isr_Not_Runing.c **** ********************************************************************************
  81:Generated_Source\PSoC5/isr_Not_Runing.c **** *
  82:Generated_Source\PSoC5/isr_Not_Runing.c **** * Summary:
  83:Generated_Source\PSoC5/isr_Not_Runing.c **** *  Sets up the interrupt and enables it. This function disables the interrupt,
  84:Generated_Source\PSoC5/isr_Not_Runing.c **** *  sets the interrupt vector based on the address passed in, sets the priority 
  85:Generated_Source\PSoC5/isr_Not_Runing.c **** *  from the value in the Design Wide Resources Interrupt Editor, then enables 
  86:Generated_Source\PSoC5/isr_Not_Runing.c **** *  the interrupt to the interrupt controller.
  87:Generated_Source\PSoC5/isr_Not_Runing.c **** *  
ARM GAS  C:\Users\Joshua\AppData\Local\Temp\cck9gEe1.s 			page 3


  88:Generated_Source\PSoC5/isr_Not_Runing.c **** *  When defining ISR functions, the CY_ISR and CY_ISR_PROTO macros should be 
  89:Generated_Source\PSoC5/isr_Not_Runing.c **** *  used to provide consistent definition across compilers:
  90:Generated_Source\PSoC5/isr_Not_Runing.c **** *  
  91:Generated_Source\PSoC5/isr_Not_Runing.c **** *  Function definition example:
  92:Generated_Source\PSoC5/isr_Not_Runing.c **** *   CY_ISR(MyISR)
  93:Generated_Source\PSoC5/isr_Not_Runing.c **** *   {
  94:Generated_Source\PSoC5/isr_Not_Runing.c **** *   }
  95:Generated_Source\PSoC5/isr_Not_Runing.c **** *   Function prototype example:
  96:Generated_Source\PSoC5/isr_Not_Runing.c **** *   CY_ISR_PROTO(MyISR);
  97:Generated_Source\PSoC5/isr_Not_Runing.c **** *
  98:Generated_Source\PSoC5/isr_Not_Runing.c **** * Parameters:  
  99:Generated_Source\PSoC5/isr_Not_Runing.c **** *   address: Address of the ISR to set in the interrupt vector table.
 100:Generated_Source\PSoC5/isr_Not_Runing.c **** *
 101:Generated_Source\PSoC5/isr_Not_Runing.c **** * Return:
 102:Generated_Source\PSoC5/isr_Not_Runing.c **** *   None
 103:Generated_Source\PSoC5/isr_Not_Runing.c **** *
 104:Generated_Source\PSoC5/isr_Not_Runing.c **** *******************************************************************************/
 105:Generated_Source\PSoC5/isr_Not_Runing.c **** void isr_Not_Runing_StartEx(cyisraddress address)
 106:Generated_Source\PSoC5/isr_Not_Runing.c **** {
 107:Generated_Source\PSoC5/isr_Not_Runing.c ****     /* For all we know the interrupt is active. */
 108:Generated_Source\PSoC5/isr_Not_Runing.c ****     isr_Not_Runing_Disable();
 109:Generated_Source\PSoC5/isr_Not_Runing.c **** 
 110:Generated_Source\PSoC5/isr_Not_Runing.c ****     /* Set the ISR to point to the isr_Not_Runing Interrupt. */
 111:Generated_Source\PSoC5/isr_Not_Runing.c ****     isr_Not_Runing_SetVector(address);
 112:Generated_Source\PSoC5/isr_Not_Runing.c **** 
 113:Generated_Source\PSoC5/isr_Not_Runing.c ****     /* Set the priority. */
 114:Generated_Source\PSoC5/isr_Not_Runing.c ****     isr_Not_Runing_SetPriority((uint8)isr_Not_Runing_INTC_PRIOR_NUMBER);
 115:Generated_Source\PSoC5/isr_Not_Runing.c **** 
 116:Generated_Source\PSoC5/isr_Not_Runing.c ****     /* Enable it. */
 117:Generated_Source\PSoC5/isr_Not_Runing.c ****     isr_Not_Runing_Enable();
 118:Generated_Source\PSoC5/isr_Not_Runing.c **** }
 119:Generated_Source\PSoC5/isr_Not_Runing.c **** 
 120:Generated_Source\PSoC5/isr_Not_Runing.c **** 
 121:Generated_Source\PSoC5/isr_Not_Runing.c **** /*******************************************************************************
 122:Generated_Source\PSoC5/isr_Not_Runing.c **** * Function Name: isr_Not_Runing_Stop
 123:Generated_Source\PSoC5/isr_Not_Runing.c **** ********************************************************************************
 124:Generated_Source\PSoC5/isr_Not_Runing.c **** *
 125:Generated_Source\PSoC5/isr_Not_Runing.c **** * Summary:
 126:Generated_Source\PSoC5/isr_Not_Runing.c **** *   Disables and removes the interrupt.
 127:Generated_Source\PSoC5/isr_Not_Runing.c **** *
 128:Generated_Source\PSoC5/isr_Not_Runing.c **** * Parameters:  
 129:Generated_Source\PSoC5/isr_Not_Runing.c **** *   None
 130:Generated_Source\PSoC5/isr_Not_Runing.c **** *
 131:Generated_Source\PSoC5/isr_Not_Runing.c **** * Return:
 132:Generated_Source\PSoC5/isr_Not_Runing.c **** *   None
 133:Generated_Source\PSoC5/isr_Not_Runing.c **** *
 134:Generated_Source\PSoC5/isr_Not_Runing.c **** *******************************************************************************/
 135:Generated_Source\PSoC5/isr_Not_Runing.c **** void isr_Not_Runing_Stop(void)
 136:Generated_Source\PSoC5/isr_Not_Runing.c **** {
 137:Generated_Source\PSoC5/isr_Not_Runing.c ****     /* Disable this interrupt. */
 138:Generated_Source\PSoC5/isr_Not_Runing.c ****     isr_Not_Runing_Disable();
 139:Generated_Source\PSoC5/isr_Not_Runing.c **** 
 140:Generated_Source\PSoC5/isr_Not_Runing.c ****     /* Set the ISR to point to the passive one. */
 141:Generated_Source\PSoC5/isr_Not_Runing.c ****     isr_Not_Runing_SetVector(&IntDefaultHandler);
 142:Generated_Source\PSoC5/isr_Not_Runing.c **** }
 143:Generated_Source\PSoC5/isr_Not_Runing.c **** 
 144:Generated_Source\PSoC5/isr_Not_Runing.c **** 
ARM GAS  C:\Users\Joshua\AppData\Local\Temp\cck9gEe1.s 			page 4


 145:Generated_Source\PSoC5/isr_Not_Runing.c **** /*******************************************************************************
 146:Generated_Source\PSoC5/isr_Not_Runing.c **** * Function Name: isr_Not_Runing_Interrupt
 147:Generated_Source\PSoC5/isr_Not_Runing.c **** ********************************************************************************
 148:Generated_Source\PSoC5/isr_Not_Runing.c **** *
 149:Generated_Source\PSoC5/isr_Not_Runing.c **** * Summary:
 150:Generated_Source\PSoC5/isr_Not_Runing.c **** *   The default Interrupt Service Routine for isr_Not_Runing.
 151:Generated_Source\PSoC5/isr_Not_Runing.c **** *
 152:Generated_Source\PSoC5/isr_Not_Runing.c **** *   Add custom code between the coments to keep the next version of this file
 153:Generated_Source\PSoC5/isr_Not_Runing.c **** *   from over writting your code.
 154:Generated_Source\PSoC5/isr_Not_Runing.c **** *
 155:Generated_Source\PSoC5/isr_Not_Runing.c **** * Parameters:  
 156:Generated_Source\PSoC5/isr_Not_Runing.c **** *
 157:Generated_Source\PSoC5/isr_Not_Runing.c **** * Return:
 158:Generated_Source\PSoC5/isr_Not_Runing.c **** *   None
 159:Generated_Source\PSoC5/isr_Not_Runing.c **** *
 160:Generated_Source\PSoC5/isr_Not_Runing.c **** *******************************************************************************/
 161:Generated_Source\PSoC5/isr_Not_Runing.c **** CY_ISR(isr_Not_Runing_Interrupt)
 162:Generated_Source\PSoC5/isr_Not_Runing.c **** {
  28              		.loc 1 162 0
  29              		.cfi_startproc
  30              		@ args = 0, pretend = 0, frame = 0
  31              		@ frame_needed = 0, uses_anonymous_args = 0
  32 0000 08B5     		push	{r3, lr}
  33              		.cfi_def_cfa_offset 8
  34              		.cfi_offset 3, -8
  35              		.cfi_offset 14, -4
 163:Generated_Source\PSoC5/isr_Not_Runing.c ****     #ifdef isr_Not_Runing_INTERRUPT_INTERRUPT_CALLBACK
 164:Generated_Source\PSoC5/isr_Not_Runing.c ****         isr_Not_Runing_Interrupt_InterruptCallback();
 165:Generated_Source\PSoC5/isr_Not_Runing.c ****     #endif /* isr_Not_Runing_INTERRUPT_INTERRUPT_CALLBACK */ 
 166:Generated_Source\PSoC5/isr_Not_Runing.c **** 
 167:Generated_Source\PSoC5/isr_Not_Runing.c ****     /*  Place your Interrupt code here. */
 168:Generated_Source\PSoC5/isr_Not_Runing.c ****     /* `#START isr_Not_Runing_Interrupt` */
 169:Generated_Source\PSoC5/isr_Not_Runing.c ****     Not_runing=1;
  36              		.loc 1 169 0
  37 0002 0122     		movs	r2, #1
  38 0004 024B     		ldr	r3, .L3
  39 0006 1A60     		str	r2, [r3]
 170:Generated_Source\PSoC5/isr_Not_Runing.c ****     Control_Reg_2_Write(0);
  40              		.loc 1 170 0
  41 0008 0020     		movs	r0, #0
  42 000a FFF7FEFF 		bl	Control_Reg_2_Write
  43              	.LVL0:
  44 000e 08BD     		pop	{r3, pc}
  45              	.L4:
  46              		.align	2
  47              	.L3:
  48 0010 00000000 		.word	Not_runing
  49              		.cfi_endproc
  50              	.LFE67:
  51              		.size	isr_Not_Runing_Interrupt, .-isr_Not_Runing_Interrupt
  52              		.section	.text.isr_Not_Runing_SetVector,"ax",%progbits
  53              		.align	2
  54              		.global	isr_Not_Runing_SetVector
  55              		.thumb
  56              		.thumb_func
  57              		.type	isr_Not_Runing_SetVector, %function
  58              	isr_Not_Runing_SetVector:
ARM GAS  C:\Users\Joshua\AppData\Local\Temp\cck9gEe1.s 			page 5


  59              	.LFB68:
 171:Generated_Source\PSoC5/isr_Not_Runing.c ****     /* `#END` */
 172:Generated_Source\PSoC5/isr_Not_Runing.c **** }
 173:Generated_Source\PSoC5/isr_Not_Runing.c **** 
 174:Generated_Source\PSoC5/isr_Not_Runing.c **** 
 175:Generated_Source\PSoC5/isr_Not_Runing.c **** /*******************************************************************************
 176:Generated_Source\PSoC5/isr_Not_Runing.c **** * Function Name: isr_Not_Runing_SetVector
 177:Generated_Source\PSoC5/isr_Not_Runing.c **** ********************************************************************************
 178:Generated_Source\PSoC5/isr_Not_Runing.c **** *
 179:Generated_Source\PSoC5/isr_Not_Runing.c **** * Summary:
 180:Generated_Source\PSoC5/isr_Not_Runing.c **** *   Change the ISR vector for the Interrupt. Note calling isr_Not_Runing_Start
 181:Generated_Source\PSoC5/isr_Not_Runing.c **** *   will override any effect this method would have had. To set the vector 
 182:Generated_Source\PSoC5/isr_Not_Runing.c **** *   before the component has been started use isr_Not_Runing_StartEx instead.
 183:Generated_Source\PSoC5/isr_Not_Runing.c **** * 
 184:Generated_Source\PSoC5/isr_Not_Runing.c **** *   When defining ISR functions, the CY_ISR and CY_ISR_PROTO macros should be 
 185:Generated_Source\PSoC5/isr_Not_Runing.c **** *   used to provide consistent definition across compilers:
 186:Generated_Source\PSoC5/isr_Not_Runing.c **** *
 187:Generated_Source\PSoC5/isr_Not_Runing.c **** *   Function definition example:
 188:Generated_Source\PSoC5/isr_Not_Runing.c **** *   CY_ISR(MyISR)
 189:Generated_Source\PSoC5/isr_Not_Runing.c **** *   {
 190:Generated_Source\PSoC5/isr_Not_Runing.c **** *   }
 191:Generated_Source\PSoC5/isr_Not_Runing.c **** *
 192:Generated_Source\PSoC5/isr_Not_Runing.c **** *   Function prototype example:
 193:Generated_Source\PSoC5/isr_Not_Runing.c **** *     CY_ISR_PROTO(MyISR);
 194:Generated_Source\PSoC5/isr_Not_Runing.c **** *
 195:Generated_Source\PSoC5/isr_Not_Runing.c **** * Parameters:
 196:Generated_Source\PSoC5/isr_Not_Runing.c **** *   address: Address of the ISR to set in the interrupt vector table.
 197:Generated_Source\PSoC5/isr_Not_Runing.c **** *
 198:Generated_Source\PSoC5/isr_Not_Runing.c **** * Return:
 199:Generated_Source\PSoC5/isr_Not_Runing.c **** *   None
 200:Generated_Source\PSoC5/isr_Not_Runing.c **** *
 201:Generated_Source\PSoC5/isr_Not_Runing.c **** *******************************************************************************/
 202:Generated_Source\PSoC5/isr_Not_Runing.c **** void isr_Not_Runing_SetVector(cyisraddress address)
 203:Generated_Source\PSoC5/isr_Not_Runing.c **** {
  60              		.loc 1 203 0
  61              		.cfi_startproc
  62              		@ args = 0, pretend = 0, frame = 0
  63              		@ frame_needed = 0, uses_anonymous_args = 0
  64              		@ link register save eliminated.
  65              	.LVL1:
 204:Generated_Source\PSoC5/isr_Not_Runing.c ****     cyisraddress * ramVectorTable;
 205:Generated_Source\PSoC5/isr_Not_Runing.c **** 
 206:Generated_Source\PSoC5/isr_Not_Runing.c ****     ramVectorTable = (cyisraddress *) *CYINT_VECT_TABLE;
  66              		.loc 1 206 0
  67 0000 014B     		ldr	r3, .L6
  68 0002 1B68     		ldr	r3, [r3]
  69              	.LVL2:
 207:Generated_Source\PSoC5/isr_Not_Runing.c **** 
 208:Generated_Source\PSoC5/isr_Not_Runing.c ****     ramVectorTable[CYINT_IRQ_BASE + (uint32)isr_Not_Runing__INTC_NUMBER] = address;
  70              		.loc 1 208 0
  71 0004 9864     		str	r0, [r3, #72]
  72 0006 7047     		bx	lr
  73              	.L7:
  74              		.align	2
  75              	.L6:
  76 0008 08ED00E0 		.word	-536810232
  77              		.cfi_endproc
ARM GAS  C:\Users\Joshua\AppData\Local\Temp\cck9gEe1.s 			page 6


  78              	.LFE68:
  79              		.size	isr_Not_Runing_SetVector, .-isr_Not_Runing_SetVector
  80              		.section	.text.isr_Not_Runing_GetVector,"ax",%progbits
  81              		.align	2
  82              		.global	isr_Not_Runing_GetVector
  83              		.thumb
  84              		.thumb_func
  85              		.type	isr_Not_Runing_GetVector, %function
  86              	isr_Not_Runing_GetVector:
  87              	.LFB69:
 209:Generated_Source\PSoC5/isr_Not_Runing.c **** }
 210:Generated_Source\PSoC5/isr_Not_Runing.c **** 
 211:Generated_Source\PSoC5/isr_Not_Runing.c **** 
 212:Generated_Source\PSoC5/isr_Not_Runing.c **** /*******************************************************************************
 213:Generated_Source\PSoC5/isr_Not_Runing.c **** * Function Name: isr_Not_Runing_GetVector
 214:Generated_Source\PSoC5/isr_Not_Runing.c **** ********************************************************************************
 215:Generated_Source\PSoC5/isr_Not_Runing.c **** *
 216:Generated_Source\PSoC5/isr_Not_Runing.c **** * Summary:
 217:Generated_Source\PSoC5/isr_Not_Runing.c **** *   Gets the "address" of the current ISR vector for the Interrupt.
 218:Generated_Source\PSoC5/isr_Not_Runing.c **** *
 219:Generated_Source\PSoC5/isr_Not_Runing.c **** * Parameters:
 220:Generated_Source\PSoC5/isr_Not_Runing.c **** *   None
 221:Generated_Source\PSoC5/isr_Not_Runing.c **** *
 222:Generated_Source\PSoC5/isr_Not_Runing.c **** * Return:
 223:Generated_Source\PSoC5/isr_Not_Runing.c **** *   Address of the ISR in the interrupt vector table.
 224:Generated_Source\PSoC5/isr_Not_Runing.c **** *
 225:Generated_Source\PSoC5/isr_Not_Runing.c **** *******************************************************************************/
 226:Generated_Source\PSoC5/isr_Not_Runing.c **** cyisraddress isr_Not_Runing_GetVector(void)
 227:Generated_Source\PSoC5/isr_Not_Runing.c **** {
  88              		.loc 1 227 0
  89              		.cfi_startproc
  90              		@ args = 0, pretend = 0, frame = 0
  91              		@ frame_needed = 0, uses_anonymous_args = 0
  92              		@ link register save eliminated.
 228:Generated_Source\PSoC5/isr_Not_Runing.c ****     cyisraddress * ramVectorTable;
 229:Generated_Source\PSoC5/isr_Not_Runing.c **** 
 230:Generated_Source\PSoC5/isr_Not_Runing.c ****     ramVectorTable = (cyisraddress *) *CYINT_VECT_TABLE;
  93              		.loc 1 230 0
  94 0000 014B     		ldr	r3, .L9
  95 0002 1B68     		ldr	r3, [r3]
  96              	.LVL3:
 231:Generated_Source\PSoC5/isr_Not_Runing.c **** 
 232:Generated_Source\PSoC5/isr_Not_Runing.c ****     return ramVectorTable[CYINT_IRQ_BASE + (uint32)isr_Not_Runing__INTC_NUMBER];
 233:Generated_Source\PSoC5/isr_Not_Runing.c **** }
  97              		.loc 1 233 0
  98 0004 986C     		ldr	r0, [r3, #72]
  99 0006 7047     		bx	lr
 100              	.L10:
 101              		.align	2
 102              	.L9:
 103 0008 08ED00E0 		.word	-536810232
 104              		.cfi_endproc
 105              	.LFE69:
 106              		.size	isr_Not_Runing_GetVector, .-isr_Not_Runing_GetVector
 107              		.section	.text.isr_Not_Runing_SetPriority,"ax",%progbits
 108              		.align	2
 109              		.global	isr_Not_Runing_SetPriority
ARM GAS  C:\Users\Joshua\AppData\Local\Temp\cck9gEe1.s 			page 7


 110              		.thumb
 111              		.thumb_func
 112              		.type	isr_Not_Runing_SetPriority, %function
 113              	isr_Not_Runing_SetPriority:
 114              	.LFB70:
 234:Generated_Source\PSoC5/isr_Not_Runing.c **** 
 235:Generated_Source\PSoC5/isr_Not_Runing.c **** 
 236:Generated_Source\PSoC5/isr_Not_Runing.c **** /*******************************************************************************
 237:Generated_Source\PSoC5/isr_Not_Runing.c **** * Function Name: isr_Not_Runing_SetPriority
 238:Generated_Source\PSoC5/isr_Not_Runing.c **** ********************************************************************************
 239:Generated_Source\PSoC5/isr_Not_Runing.c **** *
 240:Generated_Source\PSoC5/isr_Not_Runing.c **** * Summary:
 241:Generated_Source\PSoC5/isr_Not_Runing.c **** *   Sets the Priority of the Interrupt. 
 242:Generated_Source\PSoC5/isr_Not_Runing.c **** *
 243:Generated_Source\PSoC5/isr_Not_Runing.c **** *   Note calling isr_Not_Runing_Start or isr_Not_Runing_StartEx will 
 244:Generated_Source\PSoC5/isr_Not_Runing.c **** *   override any effect this API would have had. This API should only be called
 245:Generated_Source\PSoC5/isr_Not_Runing.c **** *   after isr_Not_Runing_Start or isr_Not_Runing_StartEx has been called. 
 246:Generated_Source\PSoC5/isr_Not_Runing.c **** *   To set the initial priority for the component, use the Design-Wide Resources
 247:Generated_Source\PSoC5/isr_Not_Runing.c **** *   Interrupt Editor.
 248:Generated_Source\PSoC5/isr_Not_Runing.c **** *
 249:Generated_Source\PSoC5/isr_Not_Runing.c **** *   Note This API has no effect on Non-maskable interrupt NMI).
 250:Generated_Source\PSoC5/isr_Not_Runing.c **** *
 251:Generated_Source\PSoC5/isr_Not_Runing.c **** * Parameters:
 252:Generated_Source\PSoC5/isr_Not_Runing.c **** *   priority: Priority of the interrupt, 0 being the highest priority
 253:Generated_Source\PSoC5/isr_Not_Runing.c **** *             PSoC 3 and PSoC 5LP: Priority is from 0 to 7.
 254:Generated_Source\PSoC5/isr_Not_Runing.c **** *             PSoC 4: Priority is from 0 to 3.
 255:Generated_Source\PSoC5/isr_Not_Runing.c **** *
 256:Generated_Source\PSoC5/isr_Not_Runing.c **** * Return:
 257:Generated_Source\PSoC5/isr_Not_Runing.c **** *   None
 258:Generated_Source\PSoC5/isr_Not_Runing.c **** *
 259:Generated_Source\PSoC5/isr_Not_Runing.c **** *******************************************************************************/
 260:Generated_Source\PSoC5/isr_Not_Runing.c **** void isr_Not_Runing_SetPriority(uint8 priority)
 261:Generated_Source\PSoC5/isr_Not_Runing.c **** {
 115              		.loc 1 261 0
 116              		.cfi_startproc
 117              		@ args = 0, pretend = 0, frame = 0
 118              		@ frame_needed = 0, uses_anonymous_args = 0
 119              		@ link register save eliminated.
 120              	.LVL4:
 262:Generated_Source\PSoC5/isr_Not_Runing.c ****     *isr_Not_Runing_INTC_PRIOR = priority << 5;
 121              		.loc 1 262 0
 122 0000 4001     		lsls	r0, r0, #5
 123              	.LVL5:
 124 0002 C0B2     		uxtb	r0, r0
 125 0004 014B     		ldr	r3, .L12
 126 0006 1870     		strb	r0, [r3]
 127 0008 7047     		bx	lr
 128              	.L13:
 129 000a 00BF     		.align	2
 130              	.L12:
 131 000c 02E400E0 		.word	-536812542
 132              		.cfi_endproc
 133              	.LFE70:
 134              		.size	isr_Not_Runing_SetPriority, .-isr_Not_Runing_SetPriority
 135              		.section	.text.isr_Not_Runing_GetPriority,"ax",%progbits
 136              		.align	2
 137              		.global	isr_Not_Runing_GetPriority
ARM GAS  C:\Users\Joshua\AppData\Local\Temp\cck9gEe1.s 			page 8


 138              		.thumb
 139              		.thumb_func
 140              		.type	isr_Not_Runing_GetPriority, %function
 141              	isr_Not_Runing_GetPriority:
 142              	.LFB71:
 263:Generated_Source\PSoC5/isr_Not_Runing.c **** }
 264:Generated_Source\PSoC5/isr_Not_Runing.c **** 
 265:Generated_Source\PSoC5/isr_Not_Runing.c **** 
 266:Generated_Source\PSoC5/isr_Not_Runing.c **** /*******************************************************************************
 267:Generated_Source\PSoC5/isr_Not_Runing.c **** * Function Name: isr_Not_Runing_GetPriority
 268:Generated_Source\PSoC5/isr_Not_Runing.c **** ********************************************************************************
 269:Generated_Source\PSoC5/isr_Not_Runing.c **** *
 270:Generated_Source\PSoC5/isr_Not_Runing.c **** * Summary:
 271:Generated_Source\PSoC5/isr_Not_Runing.c **** *   Gets the Priority of the Interrupt.
 272:Generated_Source\PSoC5/isr_Not_Runing.c **** *
 273:Generated_Source\PSoC5/isr_Not_Runing.c **** * Parameters:
 274:Generated_Source\PSoC5/isr_Not_Runing.c **** *   None
 275:Generated_Source\PSoC5/isr_Not_Runing.c **** *
 276:Generated_Source\PSoC5/isr_Not_Runing.c **** * Return:
 277:Generated_Source\PSoC5/isr_Not_Runing.c **** *   Priority of the interrupt, 0 being the highest priority
 278:Generated_Source\PSoC5/isr_Not_Runing.c **** *    PSoC 3 and PSoC 5LP: Priority is from 0 to 7.
 279:Generated_Source\PSoC5/isr_Not_Runing.c **** *    PSoC 4: Priority is from 0 to 3.
 280:Generated_Source\PSoC5/isr_Not_Runing.c **** *
 281:Generated_Source\PSoC5/isr_Not_Runing.c **** *******************************************************************************/
 282:Generated_Source\PSoC5/isr_Not_Runing.c **** uint8 isr_Not_Runing_GetPriority(void)
 283:Generated_Source\PSoC5/isr_Not_Runing.c **** {
 143              		.loc 1 283 0
 144              		.cfi_startproc
 145              		@ args = 0, pretend = 0, frame = 0
 146              		@ frame_needed = 0, uses_anonymous_args = 0
 147              		@ link register save eliminated.
 284:Generated_Source\PSoC5/isr_Not_Runing.c ****     uint8 priority;
 285:Generated_Source\PSoC5/isr_Not_Runing.c **** 
 286:Generated_Source\PSoC5/isr_Not_Runing.c **** 
 287:Generated_Source\PSoC5/isr_Not_Runing.c ****     priority = *isr_Not_Runing_INTC_PRIOR >> 5;
 148              		.loc 1 287 0
 149 0000 014B     		ldr	r3, .L15
 150 0002 1878     		ldrb	r0, [r3]	@ zero_extendqisi2
 151              	.LVL6:
 288:Generated_Source\PSoC5/isr_Not_Runing.c **** 
 289:Generated_Source\PSoC5/isr_Not_Runing.c ****     return priority;
 290:Generated_Source\PSoC5/isr_Not_Runing.c **** }
 152              		.loc 1 290 0
 153 0004 4009     		lsrs	r0, r0, #5
 154              	.LVL7:
 155 0006 7047     		bx	lr
 156              	.L16:
 157              		.align	2
 158              	.L15:
 159 0008 02E400E0 		.word	-536812542
 160              		.cfi_endproc
 161              	.LFE71:
 162              		.size	isr_Not_Runing_GetPriority, .-isr_Not_Runing_GetPriority
 163              		.section	.text.isr_Not_Runing_Enable,"ax",%progbits
 164              		.align	2
 165              		.global	isr_Not_Runing_Enable
 166              		.thumb
ARM GAS  C:\Users\Joshua\AppData\Local\Temp\cck9gEe1.s 			page 9


 167              		.thumb_func
 168              		.type	isr_Not_Runing_Enable, %function
 169              	isr_Not_Runing_Enable:
 170              	.LFB72:
 291:Generated_Source\PSoC5/isr_Not_Runing.c **** 
 292:Generated_Source\PSoC5/isr_Not_Runing.c **** 
 293:Generated_Source\PSoC5/isr_Not_Runing.c **** /*******************************************************************************
 294:Generated_Source\PSoC5/isr_Not_Runing.c **** * Function Name: isr_Not_Runing_Enable
 295:Generated_Source\PSoC5/isr_Not_Runing.c **** ********************************************************************************
 296:Generated_Source\PSoC5/isr_Not_Runing.c **** *
 297:Generated_Source\PSoC5/isr_Not_Runing.c **** * Summary:
 298:Generated_Source\PSoC5/isr_Not_Runing.c **** *   Enables the interrupt to the interrupt controller. Do not call this function
 299:Generated_Source\PSoC5/isr_Not_Runing.c **** *   unless ISR_Start() has been called or the functionality of the ISR_Start() 
 300:Generated_Source\PSoC5/isr_Not_Runing.c **** *   function, which sets the vector and the priority, has been called.
 301:Generated_Source\PSoC5/isr_Not_Runing.c **** *
 302:Generated_Source\PSoC5/isr_Not_Runing.c **** * Parameters:
 303:Generated_Source\PSoC5/isr_Not_Runing.c **** *   None
 304:Generated_Source\PSoC5/isr_Not_Runing.c **** *
 305:Generated_Source\PSoC5/isr_Not_Runing.c **** * Return:
 306:Generated_Source\PSoC5/isr_Not_Runing.c **** *   None
 307:Generated_Source\PSoC5/isr_Not_Runing.c **** *
 308:Generated_Source\PSoC5/isr_Not_Runing.c **** *******************************************************************************/
 309:Generated_Source\PSoC5/isr_Not_Runing.c **** void isr_Not_Runing_Enable(void)
 310:Generated_Source\PSoC5/isr_Not_Runing.c **** {
 171              		.loc 1 310 0
 172              		.cfi_startproc
 173              		@ args = 0, pretend = 0, frame = 0
 174              		@ frame_needed = 0, uses_anonymous_args = 0
 175              		@ link register save eliminated.
 311:Generated_Source\PSoC5/isr_Not_Runing.c ****     /* Enable the general interrupt. */
 312:Generated_Source\PSoC5/isr_Not_Runing.c ****     *isr_Not_Runing_INTC_SET_EN = isr_Not_Runing__INTC_MASK;
 176              		.loc 1 312 0
 177 0000 0422     		movs	r2, #4
 178 0002 014B     		ldr	r3, .L18
 179 0004 1A60     		str	r2, [r3]
 180 0006 7047     		bx	lr
 181              	.L19:
 182              		.align	2
 183              	.L18:
 184 0008 00E100E0 		.word	-536813312
 185              		.cfi_endproc
 186              	.LFE72:
 187              		.size	isr_Not_Runing_Enable, .-isr_Not_Runing_Enable
 188              		.section	.text.isr_Not_Runing_GetState,"ax",%progbits
 189              		.align	2
 190              		.global	isr_Not_Runing_GetState
 191              		.thumb
 192              		.thumb_func
 193              		.type	isr_Not_Runing_GetState, %function
 194              	isr_Not_Runing_GetState:
 195              	.LFB73:
 313:Generated_Source\PSoC5/isr_Not_Runing.c **** }
 314:Generated_Source\PSoC5/isr_Not_Runing.c **** 
 315:Generated_Source\PSoC5/isr_Not_Runing.c **** 
 316:Generated_Source\PSoC5/isr_Not_Runing.c **** /*******************************************************************************
 317:Generated_Source\PSoC5/isr_Not_Runing.c **** * Function Name: isr_Not_Runing_GetState
 318:Generated_Source\PSoC5/isr_Not_Runing.c **** ********************************************************************************
ARM GAS  C:\Users\Joshua\AppData\Local\Temp\cck9gEe1.s 			page 10


 319:Generated_Source\PSoC5/isr_Not_Runing.c **** *
 320:Generated_Source\PSoC5/isr_Not_Runing.c **** * Summary:
 321:Generated_Source\PSoC5/isr_Not_Runing.c **** *   Gets the state (enabled, disabled) of the Interrupt.
 322:Generated_Source\PSoC5/isr_Not_Runing.c **** *
 323:Generated_Source\PSoC5/isr_Not_Runing.c **** * Parameters:
 324:Generated_Source\PSoC5/isr_Not_Runing.c **** *   None
 325:Generated_Source\PSoC5/isr_Not_Runing.c **** *
 326:Generated_Source\PSoC5/isr_Not_Runing.c **** * Return:
 327:Generated_Source\PSoC5/isr_Not_Runing.c **** *   1 if enabled, 0 if disabled.
 328:Generated_Source\PSoC5/isr_Not_Runing.c **** *
 329:Generated_Source\PSoC5/isr_Not_Runing.c **** *******************************************************************************/
 330:Generated_Source\PSoC5/isr_Not_Runing.c **** uint8 isr_Not_Runing_GetState(void)
 331:Generated_Source\PSoC5/isr_Not_Runing.c **** {
 196              		.loc 1 331 0
 197              		.cfi_startproc
 198              		@ args = 0, pretend = 0, frame = 0
 199              		@ frame_needed = 0, uses_anonymous_args = 0
 200              		@ link register save eliminated.
 332:Generated_Source\PSoC5/isr_Not_Runing.c ****     /* Get the state of the general interrupt. */
 333:Generated_Source\PSoC5/isr_Not_Runing.c ****     return ((*isr_Not_Runing_INTC_SET_EN & (uint32)isr_Not_Runing__INTC_MASK) != 0u) ? 1u:0u;
 201              		.loc 1 333 0
 202 0000 044B     		ldr	r3, .L23
 203 0002 1B68     		ldr	r3, [r3]
 204 0004 13F0040F 		tst	r3, #4
 205 0008 01D0     		beq	.L22
 206 000a 0120     		movs	r0, #1
 207 000c 7047     		bx	lr
 208              	.L22:
 209 000e 0020     		movs	r0, #0
 334:Generated_Source\PSoC5/isr_Not_Runing.c **** }
 210              		.loc 1 334 0
 211 0010 7047     		bx	lr
 212              	.L24:
 213 0012 00BF     		.align	2
 214              	.L23:
 215 0014 00E100E0 		.word	-536813312
 216              		.cfi_endproc
 217              	.LFE73:
 218              		.size	isr_Not_Runing_GetState, .-isr_Not_Runing_GetState
 219              		.section	.text.isr_Not_Runing_Disable,"ax",%progbits
 220              		.align	2
 221              		.global	isr_Not_Runing_Disable
 222              		.thumb
 223              		.thumb_func
 224              		.type	isr_Not_Runing_Disable, %function
 225              	isr_Not_Runing_Disable:
 226              	.LFB74:
 335:Generated_Source\PSoC5/isr_Not_Runing.c **** 
 336:Generated_Source\PSoC5/isr_Not_Runing.c **** 
 337:Generated_Source\PSoC5/isr_Not_Runing.c **** /*******************************************************************************
 338:Generated_Source\PSoC5/isr_Not_Runing.c **** * Function Name: isr_Not_Runing_Disable
 339:Generated_Source\PSoC5/isr_Not_Runing.c **** ********************************************************************************
 340:Generated_Source\PSoC5/isr_Not_Runing.c **** *
 341:Generated_Source\PSoC5/isr_Not_Runing.c **** * Summary:
 342:Generated_Source\PSoC5/isr_Not_Runing.c **** *   Disables the Interrupt in the interrupt controller.
 343:Generated_Source\PSoC5/isr_Not_Runing.c **** *
 344:Generated_Source\PSoC5/isr_Not_Runing.c **** * Parameters:
ARM GAS  C:\Users\Joshua\AppData\Local\Temp\cck9gEe1.s 			page 11


 345:Generated_Source\PSoC5/isr_Not_Runing.c **** *   None
 346:Generated_Source\PSoC5/isr_Not_Runing.c **** *
 347:Generated_Source\PSoC5/isr_Not_Runing.c **** * Return:
 348:Generated_Source\PSoC5/isr_Not_Runing.c **** *   None
 349:Generated_Source\PSoC5/isr_Not_Runing.c **** *
 350:Generated_Source\PSoC5/isr_Not_Runing.c **** *******************************************************************************/
 351:Generated_Source\PSoC5/isr_Not_Runing.c **** void isr_Not_Runing_Disable(void)
 352:Generated_Source\PSoC5/isr_Not_Runing.c **** {
 227              		.loc 1 352 0
 228              		.cfi_startproc
 229              		@ args = 0, pretend = 0, frame = 0
 230              		@ frame_needed = 0, uses_anonymous_args = 0
 231              		@ link register save eliminated.
 353:Generated_Source\PSoC5/isr_Not_Runing.c ****     /* Disable the general interrupt. */
 354:Generated_Source\PSoC5/isr_Not_Runing.c ****     *isr_Not_Runing_INTC_CLR_EN = isr_Not_Runing__INTC_MASK;
 232              		.loc 1 354 0
 233 0000 0422     		movs	r2, #4
 234 0002 014B     		ldr	r3, .L26
 235 0004 1A60     		str	r2, [r3]
 236 0006 7047     		bx	lr
 237              	.L27:
 238              		.align	2
 239              	.L26:
 240 0008 80E100E0 		.word	-536813184
 241              		.cfi_endproc
 242              	.LFE74:
 243              		.size	isr_Not_Runing_Disable, .-isr_Not_Runing_Disable
 244              		.section	.text.isr_Not_Runing_Start,"ax",%progbits
 245              		.align	2
 246              		.global	isr_Not_Runing_Start
 247              		.thumb
 248              		.thumb_func
 249              		.type	isr_Not_Runing_Start, %function
 250              	isr_Not_Runing_Start:
 251              	.LFB64:
  63:Generated_Source\PSoC5/isr_Not_Runing.c ****     /* For all we know the interrupt is active. */
 252              		.loc 1 63 0
 253              		.cfi_startproc
 254              		@ args = 0, pretend = 0, frame = 0
 255              		@ frame_needed = 0, uses_anonymous_args = 0
 256 0000 08B5     		push	{r3, lr}
 257              		.cfi_def_cfa_offset 8
 258              		.cfi_offset 3, -8
 259              		.cfi_offset 14, -4
  65:Generated_Source\PSoC5/isr_Not_Runing.c **** 
 260              		.loc 1 65 0
 261 0002 FFF7FEFF 		bl	isr_Not_Runing_Disable
 262              	.LVL8:
  68:Generated_Source\PSoC5/isr_Not_Runing.c **** 
 263              		.loc 1 68 0
 264 0006 0448     		ldr	r0, .L30
 265 0008 FFF7FEFF 		bl	isr_Not_Runing_SetVector
 266              	.LVL9:
  71:Generated_Source\PSoC5/isr_Not_Runing.c **** 
 267              		.loc 1 71 0
 268 000c 0720     		movs	r0, #7
 269 000e FFF7FEFF 		bl	isr_Not_Runing_SetPriority
ARM GAS  C:\Users\Joshua\AppData\Local\Temp\cck9gEe1.s 			page 12


 270              	.LVL10:
  74:Generated_Source\PSoC5/isr_Not_Runing.c **** }
 271              		.loc 1 74 0
 272 0012 FFF7FEFF 		bl	isr_Not_Runing_Enable
 273              	.LVL11:
 274 0016 08BD     		pop	{r3, pc}
 275              	.L31:
 276              		.align	2
 277              	.L30:
 278 0018 00000000 		.word	isr_Not_Runing_Interrupt
 279              		.cfi_endproc
 280              	.LFE64:
 281              		.size	isr_Not_Runing_Start, .-isr_Not_Runing_Start
 282              		.section	.text.isr_Not_Runing_StartEx,"ax",%progbits
 283              		.align	2
 284              		.global	isr_Not_Runing_StartEx
 285              		.thumb
 286              		.thumb_func
 287              		.type	isr_Not_Runing_StartEx, %function
 288              	isr_Not_Runing_StartEx:
 289              	.LFB65:
 106:Generated_Source\PSoC5/isr_Not_Runing.c ****     /* For all we know the interrupt is active. */
 290              		.loc 1 106 0
 291              		.cfi_startproc
 292              		@ args = 0, pretend = 0, frame = 0
 293              		@ frame_needed = 0, uses_anonymous_args = 0
 294              	.LVL12:
 295 0000 10B5     		push	{r4, lr}
 296              		.cfi_def_cfa_offset 8
 297              		.cfi_offset 4, -8
 298              		.cfi_offset 14, -4
 299 0002 0446     		mov	r4, r0
 108:Generated_Source\PSoC5/isr_Not_Runing.c **** 
 300              		.loc 1 108 0
 301 0004 FFF7FEFF 		bl	isr_Not_Runing_Disable
 302              	.LVL13:
 111:Generated_Source\PSoC5/isr_Not_Runing.c **** 
 303              		.loc 1 111 0
 304 0008 2046     		mov	r0, r4
 305 000a FFF7FEFF 		bl	isr_Not_Runing_SetVector
 306              	.LVL14:
 114:Generated_Source\PSoC5/isr_Not_Runing.c **** 
 307              		.loc 1 114 0
 308 000e 0720     		movs	r0, #7
 309 0010 FFF7FEFF 		bl	isr_Not_Runing_SetPriority
 310              	.LVL15:
 117:Generated_Source\PSoC5/isr_Not_Runing.c **** }
 311              		.loc 1 117 0
 312 0014 FFF7FEFF 		bl	isr_Not_Runing_Enable
 313              	.LVL16:
 314 0018 10BD     		pop	{r4, pc}
 315              		.cfi_endproc
 316              	.LFE65:
 317              		.size	isr_Not_Runing_StartEx, .-isr_Not_Runing_StartEx
 318 001a 00BF     		.section	.text.isr_Not_Runing_Stop,"ax",%progbits
 319              		.align	2
 320              		.global	isr_Not_Runing_Stop
ARM GAS  C:\Users\Joshua\AppData\Local\Temp\cck9gEe1.s 			page 13


 321              		.thumb
 322              		.thumb_func
 323              		.type	isr_Not_Runing_Stop, %function
 324              	isr_Not_Runing_Stop:
 325              	.LFB66:
 136:Generated_Source\PSoC5/isr_Not_Runing.c ****     /* Disable this interrupt. */
 326              		.loc 1 136 0
 327              		.cfi_startproc
 328              		@ args = 0, pretend = 0, frame = 0
 329              		@ frame_needed = 0, uses_anonymous_args = 0
 330 0000 08B5     		push	{r3, lr}
 331              		.cfi_def_cfa_offset 8
 332              		.cfi_offset 3, -8
 333              		.cfi_offset 14, -4
 138:Generated_Source\PSoC5/isr_Not_Runing.c **** 
 334              		.loc 1 138 0
 335 0002 FFF7FEFF 		bl	isr_Not_Runing_Disable
 336              	.LVL17:
 141:Generated_Source\PSoC5/isr_Not_Runing.c **** }
 337              		.loc 1 141 0
 338 0006 0248     		ldr	r0, .L36
 339 0008 FFF7FEFF 		bl	isr_Not_Runing_SetVector
 340              	.LVL18:
 341 000c 08BD     		pop	{r3, pc}
 342              	.L37:
 343 000e 00BF     		.align	2
 344              	.L36:
 345 0010 00000000 		.word	IntDefaultHandler
 346              		.cfi_endproc
 347              	.LFE66:
 348              		.size	isr_Not_Runing_Stop, .-isr_Not_Runing_Stop
 349              		.section	.text.isr_Not_Runing_SetPending,"ax",%progbits
 350              		.align	2
 351              		.global	isr_Not_Runing_SetPending
 352              		.thumb
 353              		.thumb_func
 354              		.type	isr_Not_Runing_SetPending, %function
 355              	isr_Not_Runing_SetPending:
 356              	.LFB75:
 355:Generated_Source\PSoC5/isr_Not_Runing.c **** }
 356:Generated_Source\PSoC5/isr_Not_Runing.c **** 
 357:Generated_Source\PSoC5/isr_Not_Runing.c **** 
 358:Generated_Source\PSoC5/isr_Not_Runing.c **** /*******************************************************************************
 359:Generated_Source\PSoC5/isr_Not_Runing.c **** * Function Name: isr_Not_Runing_SetPending
 360:Generated_Source\PSoC5/isr_Not_Runing.c **** ********************************************************************************
 361:Generated_Source\PSoC5/isr_Not_Runing.c **** *
 362:Generated_Source\PSoC5/isr_Not_Runing.c **** * Summary:
 363:Generated_Source\PSoC5/isr_Not_Runing.c **** *   Causes the Interrupt to enter the pending state, a software method of
 364:Generated_Source\PSoC5/isr_Not_Runing.c **** *   generating the interrupt.
 365:Generated_Source\PSoC5/isr_Not_Runing.c **** *
 366:Generated_Source\PSoC5/isr_Not_Runing.c **** * Parameters:
 367:Generated_Source\PSoC5/isr_Not_Runing.c **** *   None
 368:Generated_Source\PSoC5/isr_Not_Runing.c **** *
 369:Generated_Source\PSoC5/isr_Not_Runing.c **** * Return:
 370:Generated_Source\PSoC5/isr_Not_Runing.c **** *   None
 371:Generated_Source\PSoC5/isr_Not_Runing.c **** *
 372:Generated_Source\PSoC5/isr_Not_Runing.c **** * Side Effects:
ARM GAS  C:\Users\Joshua\AppData\Local\Temp\cck9gEe1.s 			page 14


 373:Generated_Source\PSoC5/isr_Not_Runing.c **** *   If interrupts are enabled and the interrupt is set up properly, the ISR is
 374:Generated_Source\PSoC5/isr_Not_Runing.c **** *   entered (depending on the priority of this interrupt and other pending 
 375:Generated_Source\PSoC5/isr_Not_Runing.c **** *   interrupts).
 376:Generated_Source\PSoC5/isr_Not_Runing.c **** *
 377:Generated_Source\PSoC5/isr_Not_Runing.c **** *******************************************************************************/
 378:Generated_Source\PSoC5/isr_Not_Runing.c **** void isr_Not_Runing_SetPending(void)
 379:Generated_Source\PSoC5/isr_Not_Runing.c **** {
 357              		.loc 1 379 0
 358              		.cfi_startproc
 359              		@ args = 0, pretend = 0, frame = 0
 360              		@ frame_needed = 0, uses_anonymous_args = 0
 361              		@ link register save eliminated.
 380:Generated_Source\PSoC5/isr_Not_Runing.c ****     *isr_Not_Runing_INTC_SET_PD = isr_Not_Runing__INTC_MASK;
 362              		.loc 1 380 0
 363 0000 0422     		movs	r2, #4
 364 0002 014B     		ldr	r3, .L39
 365 0004 1A60     		str	r2, [r3]
 366 0006 7047     		bx	lr
 367              	.L40:
 368              		.align	2
 369              	.L39:
 370 0008 00E200E0 		.word	-536813056
 371              		.cfi_endproc
 372              	.LFE75:
 373              		.size	isr_Not_Runing_SetPending, .-isr_Not_Runing_SetPending
 374              		.section	.text.isr_Not_Runing_ClearPending,"ax",%progbits
 375              		.align	2
 376              		.global	isr_Not_Runing_ClearPending
 377              		.thumb
 378              		.thumb_func
 379              		.type	isr_Not_Runing_ClearPending, %function
 380              	isr_Not_Runing_ClearPending:
 381              	.LFB76:
 381:Generated_Source\PSoC5/isr_Not_Runing.c **** }
 382:Generated_Source\PSoC5/isr_Not_Runing.c **** 
 383:Generated_Source\PSoC5/isr_Not_Runing.c **** 
 384:Generated_Source\PSoC5/isr_Not_Runing.c **** /*******************************************************************************
 385:Generated_Source\PSoC5/isr_Not_Runing.c **** * Function Name: isr_Not_Runing_ClearPending
 386:Generated_Source\PSoC5/isr_Not_Runing.c **** ********************************************************************************
 387:Generated_Source\PSoC5/isr_Not_Runing.c **** *
 388:Generated_Source\PSoC5/isr_Not_Runing.c **** * Summary:
 389:Generated_Source\PSoC5/isr_Not_Runing.c **** *   Clears a pending interrupt in the interrupt controller.
 390:Generated_Source\PSoC5/isr_Not_Runing.c **** *
 391:Generated_Source\PSoC5/isr_Not_Runing.c **** *   Note Some interrupt sources are clear-on-read and require the block 
 392:Generated_Source\PSoC5/isr_Not_Runing.c **** *   interrupt/status register to be read/cleared with the appropriate block API 
 393:Generated_Source\PSoC5/isr_Not_Runing.c **** *   (GPIO, UART, and so on). Otherwise the ISR will continue to remain in 
 394:Generated_Source\PSoC5/isr_Not_Runing.c **** *   pending state even though the interrupt itself is cleared using this API.
 395:Generated_Source\PSoC5/isr_Not_Runing.c **** *
 396:Generated_Source\PSoC5/isr_Not_Runing.c **** * Parameters:
 397:Generated_Source\PSoC5/isr_Not_Runing.c **** *   None
 398:Generated_Source\PSoC5/isr_Not_Runing.c **** *
 399:Generated_Source\PSoC5/isr_Not_Runing.c **** * Return:
 400:Generated_Source\PSoC5/isr_Not_Runing.c **** *   None
 401:Generated_Source\PSoC5/isr_Not_Runing.c **** *
 402:Generated_Source\PSoC5/isr_Not_Runing.c **** *******************************************************************************/
 403:Generated_Source\PSoC5/isr_Not_Runing.c **** void isr_Not_Runing_ClearPending(void)
 404:Generated_Source\PSoC5/isr_Not_Runing.c **** {
ARM GAS  C:\Users\Joshua\AppData\Local\Temp\cck9gEe1.s 			page 15


 382              		.loc 1 404 0
 383              		.cfi_startproc
 384              		@ args = 0, pretend = 0, frame = 0
 385              		@ frame_needed = 0, uses_anonymous_args = 0
 386              		@ link register save eliminated.
 405:Generated_Source\PSoC5/isr_Not_Runing.c ****     *isr_Not_Runing_INTC_CLR_PD = isr_Not_Runing__INTC_MASK;
 387              		.loc 1 405 0
 388 0000 0422     		movs	r2, #4
 389 0002 014B     		ldr	r3, .L42
 390 0004 1A60     		str	r2, [r3]
 391 0006 7047     		bx	lr
 392              	.L43:
 393              		.align	2
 394              	.L42:
 395 0008 80E200E0 		.word	-536812928
 396              		.cfi_endproc
 397              	.LFE76:
 398              		.size	isr_Not_Runing_ClearPending, .-isr_Not_Runing_ClearPending
 399              		.text
 400              	.Letext0:
 401              		.file 2 "c:\\program files (x86)\\cypress\\psoc creator\\4.1\\psoc creator\\import\\gnu\\arm\\5.4.
 402              		.file 3 "c:\\program files (x86)\\cypress\\psoc creator\\4.1\\psoc creator\\import\\gnu\\arm\\5.4.
 403              		.file 4 "Generated_Source\\PSoC5/cytypes.h"
 404              		.file 5 "Generated_Source\\PSoC5/core_cm3.h"
 405              		.file 6 "Generated_Source\\PSoC5/Control_Reg_2.h"
 406              		.section	.debug_info,"",%progbits
 407              	.Ldebug_info0:
 408 0000 24030000 		.4byte	0x324
 409 0004 0400     		.2byte	0x4
 410 0006 00000000 		.4byte	.Ldebug_abbrev0
 411 000a 04       		.byte	0x4
 412 000b 01       		.uleb128 0x1
 413 000c A9000000 		.4byte	.LASF38
 414 0010 0C       		.byte	0xc
 415 0011 47020000 		.4byte	.LASF39
 416 0015 76010000 		.4byte	.LASF40
 417 0019 00000000 		.4byte	.Ldebug_ranges0+0
 418 001d 00000000 		.4byte	0
 419 0021 00000000 		.4byte	.Ldebug_line0
 420 0025 02       		.uleb128 0x2
 421 0026 04       		.byte	0x4
 422 0027 05       		.byte	0x5
 423 0028 696E7400 		.ascii	"int\000"
 424 002c 03       		.uleb128 0x3
 425 002d 04       		.byte	0x4
 426 002e 07       		.byte	0x7
 427 002f 1B020000 		.4byte	.LASF0
 428 0033 03       		.uleb128 0x3
 429 0034 08       		.byte	0x8
 430 0035 05       		.byte	0x5
 431 0036 E1020000 		.4byte	.LASF1
 432 003a 03       		.uleb128 0x3
 433 003b 08       		.byte	0x8
 434 003c 04       		.byte	0x4
 435 003d 32030000 		.4byte	.LASF2
 436 0041 03       		.uleb128 0x3
 437 0042 01       		.byte	0x1
ARM GAS  C:\Users\Joshua\AppData\Local\Temp\cck9gEe1.s 			page 16


 438 0043 06       		.byte	0x6
 439 0044 3E030000 		.4byte	.LASF3
 440 0048 03       		.uleb128 0x3
 441 0049 01       		.byte	0x1
 442 004a 08       		.byte	0x8
 443 004b 9B000000 		.4byte	.LASF4
 444 004f 03       		.uleb128 0x3
 445 0050 02       		.byte	0x2
 446 0051 05       		.byte	0x5
 447 0052 19030000 		.4byte	.LASF5
 448 0056 03       		.uleb128 0x3
 449 0057 02       		.byte	0x2
 450 0058 07       		.byte	0x7
 451 0059 63010000 		.4byte	.LASF6
 452 005d 04       		.uleb128 0x4
 453 005e 52000000 		.4byte	.LASF12
 454 0062 02       		.byte	0x2
 455 0063 3F       		.byte	0x3f
 456 0064 68000000 		.4byte	0x68
 457 0068 03       		.uleb128 0x3
 458 0069 04       		.byte	0x4
 459 006a 05       		.byte	0x5
 460 006b 29030000 		.4byte	.LASF7
 461 006f 03       		.uleb128 0x3
 462 0070 04       		.byte	0x4
 463 0071 07       		.byte	0x7
 464 0072 3C010000 		.4byte	.LASF8
 465 0076 03       		.uleb128 0x3
 466 0077 08       		.byte	0x8
 467 0078 07       		.byte	0x7
 468 0079 30020000 		.4byte	.LASF9
 469 007d 03       		.uleb128 0x3
 470 007e 04       		.byte	0x4
 471 007f 07       		.byte	0x7
 472 0080 AA020000 		.4byte	.LASF10
 473 0084 03       		.uleb128 0x3
 474 0085 01       		.byte	0x1
 475 0086 08       		.byte	0x8
 476 0087 05030000 		.4byte	.LASF11
 477 008b 05       		.uleb128 0x5
 478 008c 04       		.byte	0x4
 479 008d 91000000 		.4byte	0x91
 480 0091 06       		.uleb128 0x6
 481 0092 04       		.uleb128 0x4
 482 0093 A2020000 		.4byte	.LASF13
 483 0097 03       		.byte	0x3
 484 0098 2C       		.byte	0x2c
 485 0099 5D000000 		.4byte	0x5d
 486 009d 07       		.uleb128 0x7
 487 009e 23030000 		.4byte	.LASF14
 488 00a2 04       		.byte	0x4
 489 00a3 9201     		.2byte	0x192
 490 00a5 48000000 		.4byte	0x48
 491 00a9 07       		.uleb128 0x7
 492 00aa 14020000 		.4byte	.LASF15
 493 00ae 04       		.byte	0x4
 494 00af 9401     		.2byte	0x194
ARM GAS  C:\Users\Joshua\AppData\Local\Temp\cck9gEe1.s 			page 17


 495 00b1 6F000000 		.4byte	0x6f
 496 00b5 03       		.uleb128 0x3
 497 00b6 04       		.byte	0x4
 498 00b7 04       		.byte	0x4
 499 00b8 95000000 		.4byte	.LASF16
 500 00bc 03       		.uleb128 0x3
 501 00bd 08       		.byte	0x8
 502 00be 04       		.byte	0x4
 503 00bf 5C000000 		.4byte	.LASF17
 504 00c3 07       		.uleb128 0x7
 505 00c4 37010000 		.4byte	.LASF18
 506 00c8 04       		.byte	0x4
 507 00c9 3C02     		.2byte	0x23c
 508 00cb CF000000 		.4byte	0xcf
 509 00cf 08       		.uleb128 0x8
 510 00d0 9D000000 		.4byte	0x9d
 511 00d4 07       		.uleb128 0x7
 512 00d5 00000000 		.4byte	.LASF19
 513 00d9 04       		.byte	0x4
 514 00da 3E02     		.2byte	0x23e
 515 00dc E0000000 		.4byte	0xe0
 516 00e0 08       		.uleb128 0x8
 517 00e1 A9000000 		.4byte	0xa9
 518 00e5 07       		.uleb128 0x7
 519 00e6 7A020000 		.4byte	.LASF20
 520 00ea 04       		.byte	0x4
 521 00eb 4E02     		.2byte	0x24e
 522 00ed 8B000000 		.4byte	0x8b
 523 00f1 09       		.uleb128 0x9
 524 00f2 DE010000 		.4byte	.LASF21
 525 00f6 01       		.byte	0x1
 526 00f7 A1       		.byte	0xa1
 527 00f8 00000000 		.4byte	.LFB67
 528 00fc 14000000 		.4byte	.LFE67-.LFB67
 529 0100 01       		.uleb128 0x1
 530 0101 9C       		.byte	0x9c
 531 0102 16010000 		.4byte	0x116
 532 0106 0A       		.uleb128 0xa
 533 0107 0E000000 		.4byte	.LVL0
 534 010b 1C030000 		.4byte	0x31c
 535 010f 0B       		.uleb128 0xb
 536 0110 01       		.uleb128 0x1
 537 0111 50       		.byte	0x50
 538 0112 01       		.uleb128 0x1
 539 0113 30       		.byte	0x30
 540 0114 00       		.byte	0
 541 0115 00       		.byte	0
 542 0116 09       		.uleb128 0x9
 543 0117 39000000 		.4byte	.LASF22
 544 011b 01       		.byte	0x1
 545 011c CA       		.byte	0xca
 546 011d 00000000 		.4byte	.LFB68
 547 0121 0C000000 		.4byte	.LFE68-.LFB68
 548 0125 01       		.uleb128 0x1
 549 0126 9C       		.byte	0x9c
 550 0127 46010000 		.4byte	0x146
 551 012b 0C       		.uleb128 0xc
ARM GAS  C:\Users\Joshua\AppData\Local\Temp\cck9gEe1.s 			page 18


 552 012c 28020000 		.4byte	.LASF25
 553 0130 01       		.byte	0x1
 554 0131 CA       		.byte	0xca
 555 0132 E5000000 		.4byte	0xe5
 556 0136 01       		.uleb128 0x1
 557 0137 50       		.byte	0x50
 558 0138 0D       		.uleb128 0xd
 559 0139 0A030000 		.4byte	.LASF23
 560 013d 01       		.byte	0x1
 561 013e CC       		.byte	0xcc
 562 013f 46010000 		.4byte	0x146
 563 0143 01       		.uleb128 0x1
 564 0144 53       		.byte	0x53
 565 0145 00       		.byte	0
 566 0146 05       		.uleb128 0x5
 567 0147 04       		.byte	0x4
 568 0148 E5000000 		.4byte	0xe5
 569 014c 0E       		.uleb128 0xe
 570 014d C5010000 		.4byte	.LASF27
 571 0151 01       		.byte	0x1
 572 0152 E2       		.byte	0xe2
 573 0153 E5000000 		.4byte	0xe5
 574 0157 00000000 		.4byte	.LFB69
 575 015b 0C000000 		.4byte	.LFE69-.LFB69
 576 015f 01       		.uleb128 0x1
 577 0160 9C       		.byte	0x9c
 578 0161 73010000 		.4byte	0x173
 579 0165 0D       		.uleb128 0xd
 580 0166 0A030000 		.4byte	.LASF23
 581 016a 01       		.byte	0x1
 582 016b E4       		.byte	0xe4
 583 016c 46010000 		.4byte	0x146
 584 0170 01       		.uleb128 0x1
 585 0171 53       		.byte	0x53
 586 0172 00       		.byte	0
 587 0173 0F       		.uleb128 0xf
 588 0174 87020000 		.4byte	.LASF24
 589 0178 01       		.byte	0x1
 590 0179 0401     		.2byte	0x104
 591 017b 00000000 		.4byte	.LFB70
 592 017f 10000000 		.4byte	.LFE70-.LFB70
 593 0183 01       		.uleb128 0x1
 594 0184 9C       		.byte	0x9c
 595 0185 9A010000 		.4byte	0x19a
 596 0189 10       		.uleb128 0x10
 597 018a F7010000 		.4byte	.LASF26
 598 018e 01       		.byte	0x1
 599 018f 0401     		.2byte	0x104
 600 0191 9D000000 		.4byte	0x9d
 601 0195 00000000 		.4byte	.LLST0
 602 0199 00       		.byte	0
 603 019a 11       		.uleb128 0x11
 604 019b 7A000000 		.4byte	.LASF28
 605 019f 01       		.byte	0x1
 606 01a0 1A01     		.2byte	0x11a
 607 01a2 9D000000 		.4byte	0x9d
 608 01a6 00000000 		.4byte	.LFB71
ARM GAS  C:\Users\Joshua\AppData\Local\Temp\cck9gEe1.s 			page 19


 609 01aa 0C000000 		.4byte	.LFE71-.LFB71
 610 01ae 01       		.uleb128 0x1
 611 01af 9C       		.byte	0x9c
 612 01b0 C5010000 		.4byte	0x1c5
 613 01b4 12       		.uleb128 0x12
 614 01b5 F7010000 		.4byte	.LASF26
 615 01b9 01       		.byte	0x1
 616 01ba 1C01     		.2byte	0x11c
 617 01bc 9D000000 		.4byte	0x9d
 618 01c0 21000000 		.4byte	.LLST1
 619 01c4 00       		.byte	0
 620 01c5 13       		.uleb128 0x13
 621 01c6 EF020000 		.4byte	.LASF29
 622 01ca 01       		.byte	0x1
 623 01cb 3501     		.2byte	0x135
 624 01cd 00000000 		.4byte	.LFB72
 625 01d1 0C000000 		.4byte	.LFE72-.LFB72
 626 01d5 01       		.uleb128 0x1
 627 01d6 9C       		.byte	0x9c
 628 01d7 14       		.uleb128 0x14
 629 01d8 4A030000 		.4byte	.LASF41
 630 01dc 01       		.byte	0x1
 631 01dd 4A01     		.2byte	0x14a
 632 01df 9D000000 		.4byte	0x9d
 633 01e3 00000000 		.4byte	.LFB73
 634 01e7 18000000 		.4byte	.LFE73-.LFB73
 635 01eb 01       		.uleb128 0x1
 636 01ec 9C       		.byte	0x9c
 637 01ed 13       		.uleb128 0x13
 638 01ee 63000000 		.4byte	.LASF30
 639 01f2 01       		.byte	0x1
 640 01f3 5F01     		.2byte	0x15f
 641 01f5 00000000 		.4byte	.LFB74
 642 01f9 0C000000 		.4byte	.LFE74-.LFB74
 643 01fd 01       		.uleb128 0x1
 644 01fe 9C       		.byte	0x9c
 645 01ff 09       		.uleb128 0x9
 646 0200 4E010000 		.4byte	.LASF31
 647 0204 01       		.byte	0x1
 648 0205 3E       		.byte	0x3e
 649 0206 00000000 		.4byte	.LFB64
 650 020a 1C000000 		.4byte	.LFE64-.LFB64
 651 020e 01       		.uleb128 0x1
 652 020f 9C       		.byte	0x9c
 653 0210 51020000 		.4byte	0x251
 654 0214 15       		.uleb128 0x15
 655 0215 06000000 		.4byte	.LVL8
 656 0219 ED010000 		.4byte	0x1ed
 657 021d 16       		.uleb128 0x16
 658 021e 0C000000 		.4byte	.LVL9
 659 0222 16010000 		.4byte	0x116
 660 0226 34020000 		.4byte	0x234
 661 022a 0B       		.uleb128 0xb
 662 022b 01       		.uleb128 0x1
 663 022c 50       		.byte	0x50
 664 022d 05       		.uleb128 0x5
 665 022e 03       		.byte	0x3
ARM GAS  C:\Users\Joshua\AppData\Local\Temp\cck9gEe1.s 			page 20


 666 022f 00000000 		.4byte	isr_Not_Runing_Interrupt
 667 0233 00       		.byte	0
 668 0234 16       		.uleb128 0x16
 669 0235 12000000 		.4byte	.LVL10
 670 0239 73010000 		.4byte	0x173
 671 023d 47020000 		.4byte	0x247
 672 0241 0B       		.uleb128 0xb
 673 0242 01       		.uleb128 0x1
 674 0243 50       		.byte	0x50
 675 0244 01       		.uleb128 0x1
 676 0245 37       		.byte	0x37
 677 0246 00       		.byte	0
 678 0247 15       		.uleb128 0x15
 679 0248 16000000 		.4byte	.LVL11
 680 024c C5010000 		.4byte	0x1c5
 681 0250 00       		.byte	0
 682 0251 09       		.uleb128 0x9
 683 0252 22000000 		.4byte	.LASF32
 684 0256 01       		.byte	0x1
 685 0257 69       		.byte	0x69
 686 0258 00000000 		.4byte	.LFB65
 687 025c 1A000000 		.4byte	.LFE65-.LFB65
 688 0260 01       		.uleb128 0x1
 689 0261 9C       		.byte	0x9c
 690 0262 AF020000 		.4byte	0x2af
 691 0266 17       		.uleb128 0x17
 692 0267 28020000 		.4byte	.LASF25
 693 026b 01       		.byte	0x1
 694 026c 69       		.byte	0x69
 695 026d E5000000 		.4byte	0xe5
 696 0271 38000000 		.4byte	.LLST2
 697 0275 15       		.uleb128 0x15
 698 0276 08000000 		.4byte	.LVL13
 699 027a ED010000 		.4byte	0x1ed
 700 027e 16       		.uleb128 0x16
 701 027f 0E000000 		.4byte	.LVL14
 702 0283 16010000 		.4byte	0x116
 703 0287 92020000 		.4byte	0x292
 704 028b 0B       		.uleb128 0xb
 705 028c 01       		.uleb128 0x1
 706 028d 50       		.byte	0x50
 707 028e 02       		.uleb128 0x2
 708 028f 74       		.byte	0x74
 709 0290 00       		.sleb128 0
 710 0291 00       		.byte	0
 711 0292 16       		.uleb128 0x16
 712 0293 14000000 		.4byte	.LVL15
 713 0297 73010000 		.4byte	0x173
 714 029b A5020000 		.4byte	0x2a5
 715 029f 0B       		.uleb128 0xb
 716 02a0 01       		.uleb128 0x1
 717 02a1 50       		.byte	0x50
 718 02a2 01       		.uleb128 0x1
 719 02a3 37       		.byte	0x37
 720 02a4 00       		.byte	0
 721 02a5 15       		.uleb128 0x15
 722 02a6 18000000 		.4byte	.LVL16
ARM GAS  C:\Users\Joshua\AppData\Local\Temp\cck9gEe1.s 			page 21


 723 02aa C5010000 		.4byte	0x1c5
 724 02ae 00       		.byte	0
 725 02af 09       		.uleb128 0x9
 726 02b0 00020000 		.4byte	.LASF33
 727 02b4 01       		.byte	0x1
 728 02b5 87       		.byte	0x87
 729 02b6 00000000 		.4byte	.LFB66
 730 02ba 14000000 		.4byte	.LFE66-.LFB66
 731 02be 01       		.uleb128 0x1
 732 02bf 9C       		.byte	0x9c
 733 02c0 D7020000 		.4byte	0x2d7
 734 02c4 15       		.uleb128 0x15
 735 02c5 06000000 		.4byte	.LVL17
 736 02c9 ED010000 		.4byte	0x1ed
 737 02cd 15       		.uleb128 0x15
 738 02ce 0C000000 		.4byte	.LVL18
 739 02d2 16010000 		.4byte	0x116
 740 02d6 00       		.byte	0
 741 02d7 13       		.uleb128 0x13
 742 02d8 C7020000 		.4byte	.LASF34
 743 02dc 01       		.byte	0x1
 744 02dd 7A01     		.2byte	0x17a
 745 02df 00000000 		.4byte	.LFB75
 746 02e3 0C000000 		.4byte	.LFE75-.LFB75
 747 02e7 01       		.uleb128 0x1
 748 02e8 9C       		.byte	0x9c
 749 02e9 13       		.uleb128 0x13
 750 02ea 06000000 		.4byte	.LASF35
 751 02ee 01       		.byte	0x1
 752 02ef 9301     		.2byte	0x193
 753 02f1 00000000 		.4byte	.LFB76
 754 02f5 0C000000 		.4byte	.LFE76-.LFB76
 755 02f9 01       		.uleb128 0x1
 756 02fa 9C       		.byte	0x9c
 757 02fb 18       		.uleb128 0x18
 758 02fc 6F020000 		.4byte	.LASF36
 759 0300 01       		.byte	0x1
 760 0301 1E       		.byte	0x1e
 761 0302 06030000 		.4byte	0x306
 762 0306 08       		.uleb128 0x8
 763 0307 25000000 		.4byte	0x25
 764 030b 19       		.uleb128 0x19
 765 030c B8010000 		.4byte	.LASF37
 766 0310 05       		.byte	0x5
 767 0311 1207     		.2byte	0x712
 768 0313 17030000 		.4byte	0x317
 769 0317 08       		.uleb128 0x8
 770 0318 92000000 		.4byte	0x92
 771 031c 1A       		.uleb128 0x1a
 772 031d B3020000 		.4byte	.LASF42
 773 0321 B3020000 		.4byte	.LASF42
 774 0325 06       		.byte	0x6
 775 0326 2F       		.byte	0x2f
 776 0327 00       		.byte	0
 777              		.section	.debug_abbrev,"",%progbits
 778              	.Ldebug_abbrev0:
 779 0000 01       		.uleb128 0x1
ARM GAS  C:\Users\Joshua\AppData\Local\Temp\cck9gEe1.s 			page 22


 780 0001 11       		.uleb128 0x11
 781 0002 01       		.byte	0x1
 782 0003 25       		.uleb128 0x25
 783 0004 0E       		.uleb128 0xe
 784 0005 13       		.uleb128 0x13
 785 0006 0B       		.uleb128 0xb
 786 0007 03       		.uleb128 0x3
 787 0008 0E       		.uleb128 0xe
 788 0009 1B       		.uleb128 0x1b
 789 000a 0E       		.uleb128 0xe
 790 000b 55       		.uleb128 0x55
 791 000c 17       		.uleb128 0x17
 792 000d 11       		.uleb128 0x11
 793 000e 01       		.uleb128 0x1
 794 000f 10       		.uleb128 0x10
 795 0010 17       		.uleb128 0x17
 796 0011 00       		.byte	0
 797 0012 00       		.byte	0
 798 0013 02       		.uleb128 0x2
 799 0014 24       		.uleb128 0x24
 800 0015 00       		.byte	0
 801 0016 0B       		.uleb128 0xb
 802 0017 0B       		.uleb128 0xb
 803 0018 3E       		.uleb128 0x3e
 804 0019 0B       		.uleb128 0xb
 805 001a 03       		.uleb128 0x3
 806 001b 08       		.uleb128 0x8
 807 001c 00       		.byte	0
 808 001d 00       		.byte	0
 809 001e 03       		.uleb128 0x3
 810 001f 24       		.uleb128 0x24
 811 0020 00       		.byte	0
 812 0021 0B       		.uleb128 0xb
 813 0022 0B       		.uleb128 0xb
 814 0023 3E       		.uleb128 0x3e
 815 0024 0B       		.uleb128 0xb
 816 0025 03       		.uleb128 0x3
 817 0026 0E       		.uleb128 0xe
 818 0027 00       		.byte	0
 819 0028 00       		.byte	0
 820 0029 04       		.uleb128 0x4
 821 002a 16       		.uleb128 0x16
 822 002b 00       		.byte	0
 823 002c 03       		.uleb128 0x3
 824 002d 0E       		.uleb128 0xe
 825 002e 3A       		.uleb128 0x3a
 826 002f 0B       		.uleb128 0xb
 827 0030 3B       		.uleb128 0x3b
 828 0031 0B       		.uleb128 0xb
 829 0032 49       		.uleb128 0x49
 830 0033 13       		.uleb128 0x13
 831 0034 00       		.byte	0
 832 0035 00       		.byte	0
 833 0036 05       		.uleb128 0x5
 834 0037 0F       		.uleb128 0xf
 835 0038 00       		.byte	0
 836 0039 0B       		.uleb128 0xb
ARM GAS  C:\Users\Joshua\AppData\Local\Temp\cck9gEe1.s 			page 23


 837 003a 0B       		.uleb128 0xb
 838 003b 49       		.uleb128 0x49
 839 003c 13       		.uleb128 0x13
 840 003d 00       		.byte	0
 841 003e 00       		.byte	0
 842 003f 06       		.uleb128 0x6
 843 0040 15       		.uleb128 0x15
 844 0041 00       		.byte	0
 845 0042 27       		.uleb128 0x27
 846 0043 19       		.uleb128 0x19
 847 0044 00       		.byte	0
 848 0045 00       		.byte	0
 849 0046 07       		.uleb128 0x7
 850 0047 16       		.uleb128 0x16
 851 0048 00       		.byte	0
 852 0049 03       		.uleb128 0x3
 853 004a 0E       		.uleb128 0xe
 854 004b 3A       		.uleb128 0x3a
 855 004c 0B       		.uleb128 0xb
 856 004d 3B       		.uleb128 0x3b
 857 004e 05       		.uleb128 0x5
 858 004f 49       		.uleb128 0x49
 859 0050 13       		.uleb128 0x13
 860 0051 00       		.byte	0
 861 0052 00       		.byte	0
 862 0053 08       		.uleb128 0x8
 863 0054 35       		.uleb128 0x35
 864 0055 00       		.byte	0
 865 0056 49       		.uleb128 0x49
 866 0057 13       		.uleb128 0x13
 867 0058 00       		.byte	0
 868 0059 00       		.byte	0
 869 005a 09       		.uleb128 0x9
 870 005b 2E       		.uleb128 0x2e
 871 005c 01       		.byte	0x1
 872 005d 3F       		.uleb128 0x3f
 873 005e 19       		.uleb128 0x19
 874 005f 03       		.uleb128 0x3
 875 0060 0E       		.uleb128 0xe
 876 0061 3A       		.uleb128 0x3a
 877 0062 0B       		.uleb128 0xb
 878 0063 3B       		.uleb128 0x3b
 879 0064 0B       		.uleb128 0xb
 880 0065 27       		.uleb128 0x27
 881 0066 19       		.uleb128 0x19
 882 0067 11       		.uleb128 0x11
 883 0068 01       		.uleb128 0x1
 884 0069 12       		.uleb128 0x12
 885 006a 06       		.uleb128 0x6
 886 006b 40       		.uleb128 0x40
 887 006c 18       		.uleb128 0x18
 888 006d 9742     		.uleb128 0x2117
 889 006f 19       		.uleb128 0x19
 890 0070 01       		.uleb128 0x1
 891 0071 13       		.uleb128 0x13
 892 0072 00       		.byte	0
 893 0073 00       		.byte	0
ARM GAS  C:\Users\Joshua\AppData\Local\Temp\cck9gEe1.s 			page 24


 894 0074 0A       		.uleb128 0xa
 895 0075 898201   		.uleb128 0x4109
 896 0078 01       		.byte	0x1
 897 0079 11       		.uleb128 0x11
 898 007a 01       		.uleb128 0x1
 899 007b 31       		.uleb128 0x31
 900 007c 13       		.uleb128 0x13
 901 007d 00       		.byte	0
 902 007e 00       		.byte	0
 903 007f 0B       		.uleb128 0xb
 904 0080 8A8201   		.uleb128 0x410a
 905 0083 00       		.byte	0
 906 0084 02       		.uleb128 0x2
 907 0085 18       		.uleb128 0x18
 908 0086 9142     		.uleb128 0x2111
 909 0088 18       		.uleb128 0x18
 910 0089 00       		.byte	0
 911 008a 00       		.byte	0
 912 008b 0C       		.uleb128 0xc
 913 008c 05       		.uleb128 0x5
 914 008d 00       		.byte	0
 915 008e 03       		.uleb128 0x3
 916 008f 0E       		.uleb128 0xe
 917 0090 3A       		.uleb128 0x3a
 918 0091 0B       		.uleb128 0xb
 919 0092 3B       		.uleb128 0x3b
 920 0093 0B       		.uleb128 0xb
 921 0094 49       		.uleb128 0x49
 922 0095 13       		.uleb128 0x13
 923 0096 02       		.uleb128 0x2
 924 0097 18       		.uleb128 0x18
 925 0098 00       		.byte	0
 926 0099 00       		.byte	0
 927 009a 0D       		.uleb128 0xd
 928 009b 34       		.uleb128 0x34
 929 009c 00       		.byte	0
 930 009d 03       		.uleb128 0x3
 931 009e 0E       		.uleb128 0xe
 932 009f 3A       		.uleb128 0x3a
 933 00a0 0B       		.uleb128 0xb
 934 00a1 3B       		.uleb128 0x3b
 935 00a2 0B       		.uleb128 0xb
 936 00a3 49       		.uleb128 0x49
 937 00a4 13       		.uleb128 0x13
 938 00a5 02       		.uleb128 0x2
 939 00a6 18       		.uleb128 0x18
 940 00a7 00       		.byte	0
 941 00a8 00       		.byte	0
 942 00a9 0E       		.uleb128 0xe
 943 00aa 2E       		.uleb128 0x2e
 944 00ab 01       		.byte	0x1
 945 00ac 3F       		.uleb128 0x3f
 946 00ad 19       		.uleb128 0x19
 947 00ae 03       		.uleb128 0x3
 948 00af 0E       		.uleb128 0xe
 949 00b0 3A       		.uleb128 0x3a
 950 00b1 0B       		.uleb128 0xb
ARM GAS  C:\Users\Joshua\AppData\Local\Temp\cck9gEe1.s 			page 25


 951 00b2 3B       		.uleb128 0x3b
 952 00b3 0B       		.uleb128 0xb
 953 00b4 27       		.uleb128 0x27
 954 00b5 19       		.uleb128 0x19
 955 00b6 49       		.uleb128 0x49
 956 00b7 13       		.uleb128 0x13
 957 00b8 11       		.uleb128 0x11
 958 00b9 01       		.uleb128 0x1
 959 00ba 12       		.uleb128 0x12
 960 00bb 06       		.uleb128 0x6
 961 00bc 40       		.uleb128 0x40
 962 00bd 18       		.uleb128 0x18
 963 00be 9742     		.uleb128 0x2117
 964 00c0 19       		.uleb128 0x19
 965 00c1 01       		.uleb128 0x1
 966 00c2 13       		.uleb128 0x13
 967 00c3 00       		.byte	0
 968 00c4 00       		.byte	0
 969 00c5 0F       		.uleb128 0xf
 970 00c6 2E       		.uleb128 0x2e
 971 00c7 01       		.byte	0x1
 972 00c8 3F       		.uleb128 0x3f
 973 00c9 19       		.uleb128 0x19
 974 00ca 03       		.uleb128 0x3
 975 00cb 0E       		.uleb128 0xe
 976 00cc 3A       		.uleb128 0x3a
 977 00cd 0B       		.uleb128 0xb
 978 00ce 3B       		.uleb128 0x3b
 979 00cf 05       		.uleb128 0x5
 980 00d0 27       		.uleb128 0x27
 981 00d1 19       		.uleb128 0x19
 982 00d2 11       		.uleb128 0x11
 983 00d3 01       		.uleb128 0x1
 984 00d4 12       		.uleb128 0x12
 985 00d5 06       		.uleb128 0x6
 986 00d6 40       		.uleb128 0x40
 987 00d7 18       		.uleb128 0x18
 988 00d8 9742     		.uleb128 0x2117
 989 00da 19       		.uleb128 0x19
 990 00db 01       		.uleb128 0x1
 991 00dc 13       		.uleb128 0x13
 992 00dd 00       		.byte	0
 993 00de 00       		.byte	0
 994 00df 10       		.uleb128 0x10
 995 00e0 05       		.uleb128 0x5
 996 00e1 00       		.byte	0
 997 00e2 03       		.uleb128 0x3
 998 00e3 0E       		.uleb128 0xe
 999 00e4 3A       		.uleb128 0x3a
 1000 00e5 0B       		.uleb128 0xb
 1001 00e6 3B       		.uleb128 0x3b
 1002 00e7 05       		.uleb128 0x5
 1003 00e8 49       		.uleb128 0x49
 1004 00e9 13       		.uleb128 0x13
 1005 00ea 02       		.uleb128 0x2
 1006 00eb 17       		.uleb128 0x17
 1007 00ec 00       		.byte	0
ARM GAS  C:\Users\Joshua\AppData\Local\Temp\cck9gEe1.s 			page 26


 1008 00ed 00       		.byte	0
 1009 00ee 11       		.uleb128 0x11
 1010 00ef 2E       		.uleb128 0x2e
 1011 00f0 01       		.byte	0x1
 1012 00f1 3F       		.uleb128 0x3f
 1013 00f2 19       		.uleb128 0x19
 1014 00f3 03       		.uleb128 0x3
 1015 00f4 0E       		.uleb128 0xe
 1016 00f5 3A       		.uleb128 0x3a
 1017 00f6 0B       		.uleb128 0xb
 1018 00f7 3B       		.uleb128 0x3b
 1019 00f8 05       		.uleb128 0x5
 1020 00f9 27       		.uleb128 0x27
 1021 00fa 19       		.uleb128 0x19
 1022 00fb 49       		.uleb128 0x49
 1023 00fc 13       		.uleb128 0x13
 1024 00fd 11       		.uleb128 0x11
 1025 00fe 01       		.uleb128 0x1
 1026 00ff 12       		.uleb128 0x12
 1027 0100 06       		.uleb128 0x6
 1028 0101 40       		.uleb128 0x40
 1029 0102 18       		.uleb128 0x18
 1030 0103 9742     		.uleb128 0x2117
 1031 0105 19       		.uleb128 0x19
 1032 0106 01       		.uleb128 0x1
 1033 0107 13       		.uleb128 0x13
 1034 0108 00       		.byte	0
 1035 0109 00       		.byte	0
 1036 010a 12       		.uleb128 0x12
 1037 010b 34       		.uleb128 0x34
 1038 010c 00       		.byte	0
 1039 010d 03       		.uleb128 0x3
 1040 010e 0E       		.uleb128 0xe
 1041 010f 3A       		.uleb128 0x3a
 1042 0110 0B       		.uleb128 0xb
 1043 0111 3B       		.uleb128 0x3b
 1044 0112 05       		.uleb128 0x5
 1045 0113 49       		.uleb128 0x49
 1046 0114 13       		.uleb128 0x13
 1047 0115 02       		.uleb128 0x2
 1048 0116 17       		.uleb128 0x17
 1049 0117 00       		.byte	0
 1050 0118 00       		.byte	0
 1051 0119 13       		.uleb128 0x13
 1052 011a 2E       		.uleb128 0x2e
 1053 011b 00       		.byte	0
 1054 011c 3F       		.uleb128 0x3f
 1055 011d 19       		.uleb128 0x19
 1056 011e 03       		.uleb128 0x3
 1057 011f 0E       		.uleb128 0xe
 1058 0120 3A       		.uleb128 0x3a
 1059 0121 0B       		.uleb128 0xb
 1060 0122 3B       		.uleb128 0x3b
 1061 0123 05       		.uleb128 0x5
 1062 0124 27       		.uleb128 0x27
 1063 0125 19       		.uleb128 0x19
 1064 0126 11       		.uleb128 0x11
ARM GAS  C:\Users\Joshua\AppData\Local\Temp\cck9gEe1.s 			page 27


 1065 0127 01       		.uleb128 0x1
 1066 0128 12       		.uleb128 0x12
 1067 0129 06       		.uleb128 0x6
 1068 012a 40       		.uleb128 0x40
 1069 012b 18       		.uleb128 0x18
 1070 012c 9742     		.uleb128 0x2117
 1071 012e 19       		.uleb128 0x19
 1072 012f 00       		.byte	0
 1073 0130 00       		.byte	0
 1074 0131 14       		.uleb128 0x14
 1075 0132 2E       		.uleb128 0x2e
 1076 0133 00       		.byte	0
 1077 0134 3F       		.uleb128 0x3f
 1078 0135 19       		.uleb128 0x19
 1079 0136 03       		.uleb128 0x3
 1080 0137 0E       		.uleb128 0xe
 1081 0138 3A       		.uleb128 0x3a
 1082 0139 0B       		.uleb128 0xb
 1083 013a 3B       		.uleb128 0x3b
 1084 013b 05       		.uleb128 0x5
 1085 013c 27       		.uleb128 0x27
 1086 013d 19       		.uleb128 0x19
 1087 013e 49       		.uleb128 0x49
 1088 013f 13       		.uleb128 0x13
 1089 0140 11       		.uleb128 0x11
 1090 0141 01       		.uleb128 0x1
 1091 0142 12       		.uleb128 0x12
 1092 0143 06       		.uleb128 0x6
 1093 0144 40       		.uleb128 0x40
 1094 0145 18       		.uleb128 0x18
 1095 0146 9742     		.uleb128 0x2117
 1096 0148 19       		.uleb128 0x19
 1097 0149 00       		.byte	0
 1098 014a 00       		.byte	0
 1099 014b 15       		.uleb128 0x15
 1100 014c 898201   		.uleb128 0x4109
 1101 014f 00       		.byte	0
 1102 0150 11       		.uleb128 0x11
 1103 0151 01       		.uleb128 0x1
 1104 0152 31       		.uleb128 0x31
 1105 0153 13       		.uleb128 0x13
 1106 0154 00       		.byte	0
 1107 0155 00       		.byte	0
 1108 0156 16       		.uleb128 0x16
 1109 0157 898201   		.uleb128 0x4109
 1110 015a 01       		.byte	0x1
 1111 015b 11       		.uleb128 0x11
 1112 015c 01       		.uleb128 0x1
 1113 015d 31       		.uleb128 0x31
 1114 015e 13       		.uleb128 0x13
 1115 015f 01       		.uleb128 0x1
 1116 0160 13       		.uleb128 0x13
 1117 0161 00       		.byte	0
 1118 0162 00       		.byte	0
 1119 0163 17       		.uleb128 0x17
 1120 0164 05       		.uleb128 0x5
 1121 0165 00       		.byte	0
ARM GAS  C:\Users\Joshua\AppData\Local\Temp\cck9gEe1.s 			page 28


 1122 0166 03       		.uleb128 0x3
 1123 0167 0E       		.uleb128 0xe
 1124 0168 3A       		.uleb128 0x3a
 1125 0169 0B       		.uleb128 0xb
 1126 016a 3B       		.uleb128 0x3b
 1127 016b 0B       		.uleb128 0xb
 1128 016c 49       		.uleb128 0x49
 1129 016d 13       		.uleb128 0x13
 1130 016e 02       		.uleb128 0x2
 1131 016f 17       		.uleb128 0x17
 1132 0170 00       		.byte	0
 1133 0171 00       		.byte	0
 1134 0172 18       		.uleb128 0x18
 1135 0173 34       		.uleb128 0x34
 1136 0174 00       		.byte	0
 1137 0175 03       		.uleb128 0x3
 1138 0176 0E       		.uleb128 0xe
 1139 0177 3A       		.uleb128 0x3a
 1140 0178 0B       		.uleb128 0xb
 1141 0179 3B       		.uleb128 0x3b
 1142 017a 0B       		.uleb128 0xb
 1143 017b 49       		.uleb128 0x49
 1144 017c 13       		.uleb128 0x13
 1145 017d 3F       		.uleb128 0x3f
 1146 017e 19       		.uleb128 0x19
 1147 017f 3C       		.uleb128 0x3c
 1148 0180 19       		.uleb128 0x19
 1149 0181 00       		.byte	0
 1150 0182 00       		.byte	0
 1151 0183 19       		.uleb128 0x19
 1152 0184 34       		.uleb128 0x34
 1153 0185 00       		.byte	0
 1154 0186 03       		.uleb128 0x3
 1155 0187 0E       		.uleb128 0xe
 1156 0188 3A       		.uleb128 0x3a
 1157 0189 0B       		.uleb128 0xb
 1158 018a 3B       		.uleb128 0x3b
 1159 018b 05       		.uleb128 0x5
 1160 018c 49       		.uleb128 0x49
 1161 018d 13       		.uleb128 0x13
 1162 018e 3F       		.uleb128 0x3f
 1163 018f 19       		.uleb128 0x19
 1164 0190 3C       		.uleb128 0x3c
 1165 0191 19       		.uleb128 0x19
 1166 0192 00       		.byte	0
 1167 0193 00       		.byte	0
 1168 0194 1A       		.uleb128 0x1a
 1169 0195 2E       		.uleb128 0x2e
 1170 0196 00       		.byte	0
 1171 0197 3F       		.uleb128 0x3f
 1172 0198 19       		.uleb128 0x19
 1173 0199 3C       		.uleb128 0x3c
 1174 019a 19       		.uleb128 0x19
 1175 019b 6E       		.uleb128 0x6e
 1176 019c 0E       		.uleb128 0xe
 1177 019d 03       		.uleb128 0x3
 1178 019e 0E       		.uleb128 0xe
ARM GAS  C:\Users\Joshua\AppData\Local\Temp\cck9gEe1.s 			page 29


 1179 019f 3A       		.uleb128 0x3a
 1180 01a0 0B       		.uleb128 0xb
 1181 01a1 3B       		.uleb128 0x3b
 1182 01a2 0B       		.uleb128 0xb
 1183 01a3 00       		.byte	0
 1184 01a4 00       		.byte	0
 1185 01a5 00       		.byte	0
 1186              		.section	.debug_loc,"",%progbits
 1187              	.Ldebug_loc0:
 1188              	.LLST0:
 1189 0000 00000000 		.4byte	.LVL4
 1190 0004 02000000 		.4byte	.LVL5
 1191 0008 0100     		.2byte	0x1
 1192 000a 50       		.byte	0x50
 1193 000b 02000000 		.4byte	.LVL5
 1194 000f 10000000 		.4byte	.LFE70
 1195 0013 0400     		.2byte	0x4
 1196 0015 F3       		.byte	0xf3
 1197 0016 01       		.uleb128 0x1
 1198 0017 50       		.byte	0x50
 1199 0018 9F       		.byte	0x9f
 1200 0019 00000000 		.4byte	0
 1201 001d 00000000 		.4byte	0
 1202              	.LLST1:
 1203 0021 04000000 		.4byte	.LVL6
 1204 0025 06000000 		.4byte	.LVL7
 1205 0029 0500     		.2byte	0x5
 1206 002b 70       		.byte	0x70
 1207 002c 00       		.sleb128 0
 1208 002d 35       		.byte	0x35
 1209 002e 25       		.byte	0x25
 1210 002f 9F       		.byte	0x9f
 1211 0030 00000000 		.4byte	0
 1212 0034 00000000 		.4byte	0
 1213              	.LLST2:
 1214 0038 00000000 		.4byte	.LVL12
 1215 003c 07000000 		.4byte	.LVL13-1
 1216 0040 0100     		.2byte	0x1
 1217 0042 50       		.byte	0x50
 1218 0043 07000000 		.4byte	.LVL13-1
 1219 0047 1A000000 		.4byte	.LFE65
 1220 004b 0100     		.2byte	0x1
 1221 004d 54       		.byte	0x54
 1222 004e 00000000 		.4byte	0
 1223 0052 00000000 		.4byte	0
 1224              		.section	.debug_aranges,"",%progbits
 1225 0000 7C000000 		.4byte	0x7c
 1226 0004 0200     		.2byte	0x2
 1227 0006 00000000 		.4byte	.Ldebug_info0
 1228 000a 04       		.byte	0x4
 1229 000b 00       		.byte	0
 1230 000c 0000     		.2byte	0
 1231 000e 0000     		.2byte	0
 1232 0010 00000000 		.4byte	.LFB67
 1233 0014 14000000 		.4byte	.LFE67-.LFB67
 1234 0018 00000000 		.4byte	.LFB68
 1235 001c 0C000000 		.4byte	.LFE68-.LFB68
ARM GAS  C:\Users\Joshua\AppData\Local\Temp\cck9gEe1.s 			page 30


 1236 0020 00000000 		.4byte	.LFB69
 1237 0024 0C000000 		.4byte	.LFE69-.LFB69
 1238 0028 00000000 		.4byte	.LFB70
 1239 002c 10000000 		.4byte	.LFE70-.LFB70
 1240 0030 00000000 		.4byte	.LFB71
 1241 0034 0C000000 		.4byte	.LFE71-.LFB71
 1242 0038 00000000 		.4byte	.LFB72
 1243 003c 0C000000 		.4byte	.LFE72-.LFB72
 1244 0040 00000000 		.4byte	.LFB73
 1245 0044 18000000 		.4byte	.LFE73-.LFB73
 1246 0048 00000000 		.4byte	.LFB74
 1247 004c 0C000000 		.4byte	.LFE74-.LFB74
 1248 0050 00000000 		.4byte	.LFB64
 1249 0054 1C000000 		.4byte	.LFE64-.LFB64
 1250 0058 00000000 		.4byte	.LFB65
 1251 005c 1A000000 		.4byte	.LFE65-.LFB65
 1252 0060 00000000 		.4byte	.LFB66
 1253 0064 14000000 		.4byte	.LFE66-.LFB66
 1254 0068 00000000 		.4byte	.LFB75
 1255 006c 0C000000 		.4byte	.LFE75-.LFB75
 1256 0070 00000000 		.4byte	.LFB76
 1257 0074 0C000000 		.4byte	.LFE76-.LFB76
 1258 0078 00000000 		.4byte	0
 1259 007c 00000000 		.4byte	0
 1260              		.section	.debug_ranges,"",%progbits
 1261              	.Ldebug_ranges0:
 1262 0000 00000000 		.4byte	.LFB67
 1263 0004 14000000 		.4byte	.LFE67
 1264 0008 00000000 		.4byte	.LFB68
 1265 000c 0C000000 		.4byte	.LFE68
 1266 0010 00000000 		.4byte	.LFB69
 1267 0014 0C000000 		.4byte	.LFE69
 1268 0018 00000000 		.4byte	.LFB70
 1269 001c 10000000 		.4byte	.LFE70
 1270 0020 00000000 		.4byte	.LFB71
 1271 0024 0C000000 		.4byte	.LFE71
 1272 0028 00000000 		.4byte	.LFB72
 1273 002c 0C000000 		.4byte	.LFE72
 1274 0030 00000000 		.4byte	.LFB73
 1275 0034 18000000 		.4byte	.LFE73
 1276 0038 00000000 		.4byte	.LFB74
 1277 003c 0C000000 		.4byte	.LFE74
 1278 0040 00000000 		.4byte	.LFB64
 1279 0044 1C000000 		.4byte	.LFE64
 1280 0048 00000000 		.4byte	.LFB65
 1281 004c 1A000000 		.4byte	.LFE65
 1282 0050 00000000 		.4byte	.LFB66
 1283 0054 14000000 		.4byte	.LFE66
 1284 0058 00000000 		.4byte	.LFB75
 1285 005c 0C000000 		.4byte	.LFE75
 1286 0060 00000000 		.4byte	.LFB76
 1287 0064 0C000000 		.4byte	.LFE76
 1288 0068 00000000 		.4byte	0
 1289 006c 00000000 		.4byte	0
 1290              		.section	.debug_line,"",%progbits
 1291              	.Ldebug_line0:
 1292 0000 57020000 		.section	.debug_str,"MS",%progbits,1
ARM GAS  C:\Users\Joshua\AppData\Local\Temp\cck9gEe1.s 			page 31


 1292      02006901 
 1292      00000201 
 1292      FB0E0D00 
 1292      01010101 
 1293              	.LASF19:
 1294 0000 72656733 		.ascii	"reg32\000"
 1294      3200
 1295              	.LASF35:
 1296 0006 6973725F 		.ascii	"isr_Not_Runing_ClearPending\000"
 1296      4E6F745F 
 1296      52756E69 
 1296      6E675F43 
 1296      6C656172 
 1297              	.LASF32:
 1298 0022 6973725F 		.ascii	"isr_Not_Runing_StartEx\000"
 1298      4E6F745F 
 1298      52756E69 
 1298      6E675F53 
 1298      74617274 
 1299              	.LASF22:
 1300 0039 6973725F 		.ascii	"isr_Not_Runing_SetVector\000"
 1300      4E6F745F 
 1300      52756E69 
 1300      6E675F53 
 1300      65745665 
 1301              	.LASF12:
 1302 0052 5F5F696E 		.ascii	"__int32_t\000"
 1302      7433325F 
 1302      7400
 1303              	.LASF17:
 1304 005c 646F7562 		.ascii	"double\000"
 1304      6C6500
 1305              	.LASF30:
 1306 0063 6973725F 		.ascii	"isr_Not_Runing_Disable\000"
 1306      4E6F745F 
 1306      52756E69 
 1306      6E675F44 
 1306      69736162 
 1307              	.LASF28:
 1308 007a 6973725F 		.ascii	"isr_Not_Runing_GetPriority\000"
 1308      4E6F745F 
 1308      52756E69 
 1308      6E675F47 
 1308      65745072 
 1309              	.LASF16:
 1310 0095 666C6F61 		.ascii	"float\000"
 1310      7400
 1311              	.LASF4:
 1312 009b 756E7369 		.ascii	"unsigned char\000"
 1312      676E6564 
 1312      20636861 
 1312      7200
 1313              	.LASF38:
 1314 00a9 474E5520 		.ascii	"GNU C11 5.4.1 20160609 (release) [ARM/embedded-5-br"
 1314      43313120 
 1314      352E342E 
 1314      31203230 
ARM GAS  C:\Users\Joshua\AppData\Local\Temp\cck9gEe1.s 			page 32


 1314      31363036 
 1315 00dc 616E6368 		.ascii	"anch revision 237715] -mcpu=cortex-m3 -mthumb -g -O"
 1315      20726576 
 1315      6973696F 
 1315      6E203233 
 1315      37373135 
 1316 010f 67202D66 		.ascii	"g -ffunction-sections -ffat-lto-objects\000"
 1316      66756E63 
 1316      74696F6E 
 1316      2D736563 
 1316      74696F6E 
 1317              	.LASF18:
 1318 0137 72656738 		.ascii	"reg8\000"
 1318      00
 1319              	.LASF8:
 1320 013c 6C6F6E67 		.ascii	"long unsigned int\000"
 1320      20756E73 
 1320      69676E65 
 1320      6420696E 
 1320      7400
 1321              	.LASF31:
 1322 014e 6973725F 		.ascii	"isr_Not_Runing_Start\000"
 1322      4E6F745F 
 1322      52756E69 
 1322      6E675F53 
 1322      74617274 
 1323              	.LASF6:
 1324 0163 73686F72 		.ascii	"short unsigned int\000"
 1324      7420756E 
 1324      7369676E 
 1324      65642069 
 1324      6E7400
 1325              	.LASF40:
 1326 0176 433A5C55 		.ascii	"C:\\Users\\Joshua\\Documents\\PSoC Creator\\Workspa"
 1326      73657273 
 1326      5C4A6F73 
 1326      6875615C 
 1326      446F6375 
 1327 01a4 63653031 		.ascii	"ce01\\Design01.cydsn\000"
 1327      5C446573 
 1327      69676E30 
 1327      312E6379 
 1327      64736E00 
 1328              	.LASF37:
 1329 01b8 49544D5F 		.ascii	"ITM_RxBuffer\000"
 1329      52784275 
 1329      66666572 
 1329      00
 1330              	.LASF27:
 1331 01c5 6973725F 		.ascii	"isr_Not_Runing_GetVector\000"
 1331      4E6F745F 
 1331      52756E69 
 1331      6E675F47 
 1331      65745665 
 1332              	.LASF21:
 1333 01de 6973725F 		.ascii	"isr_Not_Runing_Interrupt\000"
 1333      4E6F745F 
ARM GAS  C:\Users\Joshua\AppData\Local\Temp\cck9gEe1.s 			page 33


 1333      52756E69 
 1333      6E675F49 
 1333      6E746572 
 1334              	.LASF26:
 1335 01f7 7072696F 		.ascii	"priority\000"
 1335      72697479 
 1335      00
 1336              	.LASF33:
 1337 0200 6973725F 		.ascii	"isr_Not_Runing_Stop\000"
 1337      4E6F745F 
 1337      52756E69 
 1337      6E675F53 
 1337      746F7000 
 1338              	.LASF15:
 1339 0214 75696E74 		.ascii	"uint32\000"
 1339      333200
 1340              	.LASF0:
 1341 021b 756E7369 		.ascii	"unsigned int\000"
 1341      676E6564 
 1341      20696E74 
 1341      00
 1342              	.LASF25:
 1343 0228 61646472 		.ascii	"address\000"
 1343      65737300 
 1344              	.LASF9:
 1345 0230 6C6F6E67 		.ascii	"long long unsigned int\000"
 1345      206C6F6E 
 1345      6720756E 
 1345      7369676E 
 1345      65642069 
 1346              	.LASF39:
 1347 0247 47656E65 		.ascii	"Generated_Source\\PSoC5\\isr_Not_Runing.c\000"
 1347      72617465 
 1347      645F536F 
 1347      75726365 
 1347      5C50536F 
 1348              	.LASF36:
 1349 026f 4E6F745F 		.ascii	"Not_runing\000"
 1349      72756E69 
 1349      6E6700
 1350              	.LASF20:
 1351 027a 63796973 		.ascii	"cyisraddress\000"
 1351      72616464 
 1351      72657373 
 1351      00
 1352              	.LASF24:
 1353 0287 6973725F 		.ascii	"isr_Not_Runing_SetPriority\000"
 1353      4E6F745F 
 1353      52756E69 
 1353      6E675F53 
 1353      65745072 
 1354              	.LASF13:
 1355 02a2 696E7433 		.ascii	"int32_t\000"
 1355      325F7400 
 1356              	.LASF10:
 1357 02aa 73697A65 		.ascii	"sizetype\000"
 1357      74797065 
ARM GAS  C:\Users\Joshua\AppData\Local\Temp\cck9gEe1.s 			page 34


 1357      00
 1358              	.LASF42:
 1359 02b3 436F6E74 		.ascii	"Control_Reg_2_Write\000"
 1359      726F6C5F 
 1359      5265675F 
 1359      325F5772 
 1359      69746500 
 1360              	.LASF34:
 1361 02c7 6973725F 		.ascii	"isr_Not_Runing_SetPending\000"
 1361      4E6F745F 
 1361      52756E69 
 1361      6E675F53 
 1361      65745065 
 1362              	.LASF1:
 1363 02e1 6C6F6E67 		.ascii	"long long int\000"
 1363      206C6F6E 
 1363      6720696E 
 1363      7400
 1364              	.LASF29:
 1365 02ef 6973725F 		.ascii	"isr_Not_Runing_Enable\000"
 1365      4E6F745F 
 1365      52756E69 
 1365      6E675F45 
 1365      6E61626C 
 1366              	.LASF11:
 1367 0305 63686172 		.ascii	"char\000"
 1367      00
 1368              	.LASF23:
 1369 030a 72616D56 		.ascii	"ramVectorTable\000"
 1369      6563746F 
 1369      72546162 
 1369      6C6500
 1370              	.LASF5:
 1371 0319 73686F72 		.ascii	"short int\000"
 1371      7420696E 
 1371      7400
 1372              	.LASF14:
 1373 0323 75696E74 		.ascii	"uint8\000"
 1373      3800
 1374              	.LASF7:
 1375 0329 6C6F6E67 		.ascii	"long int\000"
 1375      20696E74 
 1375      00
 1376              	.LASF2:
 1377 0332 6C6F6E67 		.ascii	"long double\000"
 1377      20646F75 
 1377      626C6500 
 1378              	.LASF3:
 1379 033e 7369676E 		.ascii	"signed char\000"
 1379      65642063 
 1379      68617200 
 1380              	.LASF41:
 1381 034a 6973725F 		.ascii	"isr_Not_Runing_GetState\000"
 1381      4E6F745F 
 1381      52756E69 
 1381      6E675F47 
 1381      65745374 
ARM GAS  C:\Users\Joshua\AppData\Local\Temp\cck9gEe1.s 			page 35


 1382              		.ident	"GCC: (GNU Tools for ARM Embedded Processors) 5.4.1 20160609 (release) [ARM/embedded-5-bran
