ARM GAS  C:\Users\Joshua\AppData\Local\Temp\ccNZkcxY.s 			page 1


   1              		.syntax unified
   2              		.cpu cortex-m3
   3              		.fpu softvfp
   4              		.eabi_attribute 20, 1
   5              		.eabi_attribute 21, 1
   6              		.eabi_attribute 23, 3
   7              		.eabi_attribute 24, 1
   8              		.eabi_attribute 25, 1
   9              		.eabi_attribute 26, 1
  10              		.eabi_attribute 30, 1
  11              		.eabi_attribute 34, 1
  12              		.eabi_attribute 18, 4
  13              		.thumb
  14              		.syntax unified
  15              		.file	"main.c"
  16              		.text
  17              	.Ltext0:
  18              		.cfi_sections	.debug_frame
  19              		.section	.text.main,"ax",%progbits
  20              		.align	2
  21              		.global	main
  22              		.thumb
  23              		.thumb_func
  24              		.type	main, %function
  25              	main:
  26              	.LFB64:
  27              		.file 1 "main.c"
   1:main.c        **** /* ========================================
   2:main.c        ****  *
   3:main.c        ****  * Copyright YOUR COMPANY, THE YEAR
   4:main.c        ****  * All Rights Reserved
   5:main.c        ****  * UNPUBLISHED, LICENSED SOFTWARE.
   6:main.c        ****  *
   7:main.c        ****  * CONFIDENTIAL AND PROPRIETARY INFORMATION
   8:main.c        ****  * WHICH IS THE PROPERTY OF your company.
   9:main.c        ****  *333 was the first try shifted ok but not firm hard down shift 
  10:main.c        **** 444 was the second try and shifts better but still late on overdrive hard downshifts
  11:main.c        **** 300 shifts soft and still late on overdrive hard downshifts
  12:main.c        ****  * ========================================
  13:main.c        **** */
  14:main.c        **** #include <macros.h>
  15:main.c        **** 
  16:main.c        **** volatile uint32 readperiod;
  17:main.c        **** volatile float freq;
  18:main.c        **** 
  19:main.c        **** // (120/RPM) is the actual RPM of the engine!!!
  20:main.c        **** volatile float RPM;
  21:main.c        **** volatile int cold_advance=0;
  22:main.c        **** volatile int mass_air_voltage;
  23:main.c        **** volatile float mass_air_variable=333.0;//was 333 ,444 shif
  24:main.c        **** volatile  int counter=0;
  25:main.c        **** volatile int Not_runing=1;
  26:main.c        **** volatile int cycles =0;
  27:main.c        **** volatile int LowTemp;
  28:main.c        **** volatile int fanSPEED1;
  29:main.c        **** volatile int GlowPlugsCycle;
  30:main.c        **** volatile int Temp;
ARM GAS  C:\Users\Joshua\AppData\Local\Temp\ccNZkcxY.s 			page 2


  31:main.c        **** volatile int mass_voltage;
  32:main.c        **** volatile int RPM_Count=0;
  33:main.c        **** volatile int fan_state;
  34:main.c        **** int main(void)
  35:main.c        **** {
  28              		.loc 1 35 0
  29              		.cfi_startproc
  30              		@ Volatile: function does not return.
  31              		@ args = 0, pretend = 0, frame = 0
  32              		@ frame_needed = 0, uses_anonymous_args = 0
  33 0000 08B5     		push	{r3, lr}
  34              		.cfi_def_cfa_offset 8
  35              		.cfi_offset 3, -8
  36              		.cfi_offset 14, -4
  36:main.c        ****    CyGlobalIntEnable; /* Enable global interrupts. */
  37              		.loc 1 36 0
  38              		.syntax unified
  39              	@ 36 "main.c" 1
  40 0002 62B6     		CPSIE   i
  41              	@ 0 "" 2
  37:main.c        ****    MASS_AIRFLOW_Start();
  42              		.loc 1 37 0
  43              		.thumb
  44              		.syntax unified
  45 0004 FFF7FEFF 		bl	MASS_AIRFLOW_Start
  46              	.LVL0:
  38:main.c        ****     isr_CKP_counter_Start();
  47              		.loc 1 38 0
  48 0008 FFF7FEFF 		bl	isr_CKP_counter_Start
  49              	.LVL1:
  39:main.c        ****    isr_Not_Runing_Start();
  50              		.loc 1 39 0
  51 000c FFF7FEFF 		bl	isr_Not_Runing_Start
  52              	.LVL2:
  40:main.c        ****    Timer_Sytem_Start();
  53              		.loc 1 40 0
  54 0010 FFF7FEFF 		bl	Timer_Sytem_Start
  55              	.LVL3:
  41:main.c        ****    Timer_1_Start();   
  56              		.loc 1 41 0
  57 0014 FFF7FEFF 		bl	Timer_1_Start
  58              	.LVL4:
  42:main.c        ****    //Timer_1_WritePeriod((uint32)(Not_running_Idle));
  43:main.c        ****    Crank_Signal_Start();
  59              		.loc 1 43 0
  60 0018 FFF7FEFF 		bl	Crank_Signal_Start
  61              	.LVL5:
  44:main.c        ****    Cam_signal_Start();
  62              		.loc 1 44 0
  63 001c FFF7FEFF 		bl	Cam_signal_Start
  64              	.LVL6:
  45:main.c        ****    
  46:main.c        ****    //mass_air_Start();
  47:main.c        ****    ADC_DelSig_1_Start();
  65              		.loc 1 47 0
  66 0020 FFF7FEFF 		bl	ADC_DelSig_1_Start
  67              	.LVL7:
ARM GAS  C:\Users\Joshua\AppData\Local\Temp\ccNZkcxY.s 			page 3


  48:main.c        ****    ADC_DelSig_1_StartConvert();
  68              		.loc 1 48 0
  69 0024 FFF7FEFF 		bl	ADC_DelSig_1_StartConvert
  70              	.LVL8:
  49:main.c        ****    AMux_1_Start();
  71              		.loc 1 49 0
  72 0028 FFF7FEFF 		bl	AMux_1_Start
  73              	.LVL9:
  50:main.c        ****    Opamp_1_Start();
  74              		.loc 1 50 0
  75 002c FFF7FEFF 		bl	Opamp_1_Start
  76              	.LVL10:
  51:main.c        ****    VDAC8_1_Start();
  77              		.loc 1 51 0
  78 0030 FFF7FEFF 		bl	VDAC8_1_Start
  79              	.LVL11:
  52:main.c        ****    PWM_1_FANCONTROLLER_Enable();   
  80              		.loc 1 52 0
  81 0034 FFF7FEFF 		bl	PWM_1_FANCONTROLLER_Enable
  82              	.LVL12:
  53:main.c        ****    Battery_interlock_Write(low);
  83              		.loc 1 53 0
  84 0038 0020     		movs	r0, #0
  85 003a FFF7FEFF 		bl	Battery_interlock_Write
  86              	.LVL13:
  54:main.c        ****    Glow_plug_indicator_Write(low);
  87              		.loc 1 54 0
  88 003e 0020     		movs	r0, #0
  89 0040 FFF7FEFF 		bl	Glow_plug_indicator_Write
  90              	.LVL14:
  55:main.c        ****    Glow_Plug_pin_Write(low);
  91              		.loc 1 55 0
  92 0044 0020     		movs	r0, #0
  93 0046 FFF7FEFF 		bl	Glow_Plug_pin_Write
  94              	.LVL15:
  56:main.c        ****     Cold_Advance_Write(low);
  95              		.loc 1 56 0
  96 004a 0020     		movs	r0, #0
  97 004c FFF7FEFF 		bl	Cold_Advance_Write
  98              	.LVL16:
  99              	.L3:
  57:main.c        ****   // GetTemp();
  58:main.c        ****    //Glowglowplugs(half);
  59:main.c        **** //Cold_Advance_Write(1);  
  60:main.c        ****     /* Place your initialization/startup code here (e.g. MyInst_Start()) */
  61:main.c        **** //need to check temp if temp is low cycle glow plugs before starting 
  62:main.c        ****     while(ALWAYS){
  63:main.c        ****         switch (Not_runing){
 100              		.loc 1 63 0
 101 0050 204B     		ldr	r3, .L12
 102 0052 1B68     		ldr	r3, [r3]
 103 0054 13B1     		cbz	r3, .L4
 104 0056 012B     		cmp	r3, #1
 105 0058 22D0     		beq	.L5
 106 005a F9E7     		b	.L3
 107              	.L4:
  64:main.c        ****         case Runing:
ARM GAS  C:\Users\Joshua\AppData\Local\Temp\ccNZkcxY.s 			page 4


  65:main.c        ****             GetTemp();
 108              		.loc 1 65 0
 109 005c FFF7FEFF 		bl	GetTemp
 110              	.LVL17:
  66:main.c        ****             CheckTemp( Temp);
 111              		.loc 1 66 0
 112 0060 1D4B     		ldr	r3, .L12+4
 113 0062 1868     		ldr	r0, [r3]
 114 0064 FFF7FEFF 		bl	CheckTemp
 115              	.LVL18:
  67:main.c        ****             if (cycles<1){
 116              		.loc 1 67 0
 117 0068 1C4B     		ldr	r3, .L12+8
 118 006a 1B68     		ldr	r3, [r3]
 119 006c 002B     		cmp	r3, #0
 120 006e 07DC     		bgt	.L6
  68:main.c        ****             CyDelay(10000);
 121              		.loc 1 68 0
 122 0070 42F21070 		movw	r0, #10000
 123 0074 FFF7FEFF 		bl	CyDelay
 124              	.LVL19:
  69:main.c        ****             Glowglowplugs(GlowPlugsCycle);
 125              		.loc 1 69 0
 126 0078 194B     		ldr	r3, .L12+12
 127 007a 1868     		ldr	r0, [r3]
 128 007c FFF7FEFF 		bl	Glowglowplugs
 129              	.LVL20:
 130              	.L6:
  70:main.c        ****             }
  71:main.c        ****             if (Temp>=LOWTemp){ // temp is 80 degrees or less so turn on cold advance 
 131              		.loc 1 71 0
 132 0080 154B     		ldr	r3, .L12+4
 133 0082 1B68     		ldr	r3, [r3]
 134 0084 312B     		cmp	r3, #49
 135 0086 03DD     		ble	.L7
  72:main.c        ****                 Cold_Advance_Write(high);// turns on the cold advance till it gets to a 100 degrees
 136              		.loc 1 72 0
 137 0088 0120     		movs	r0, #1
 138 008a FFF7FEFF 		bl	Cold_Advance_Write
 139              	.LVL21:
 140 008e 02E0     		b	.L8
 141              	.L7:
  73:main.c        ****             }
  74:main.c        ****             else{
  75:main.c        ****                 Cold_Advance_Write(low);
 142              		.loc 1 75 0
 143 0090 0020     		movs	r0, #0
 144 0092 FFF7FEFF 		bl	Cold_Advance_Write
 145              	.LVL22:
 146              	.L8:
  76:main.c        ****             }
  77:main.c        ****             GetFanSpeed(Temp);
 147              		.loc 1 77 0
 148 0096 104B     		ldr	r3, .L12+4
 149 0098 1868     		ldr	r0, [r3]
 150 009a FFF7FEFF 		bl	GetFanSpeed
 151              	.LVL23:
ARM GAS  C:\Users\Joshua\AppData\Local\Temp\ccNZkcxY.s 			page 5


  78:main.c        ****         break;
 152              		.loc 1 78 0
 153 009e D7E7     		b	.L3
 154              	.L5:
  79:main.c        ****          
  80:main.c        ****         case Not_Runing:
  81:main.c        ****             GetTemp();
 155              		.loc 1 81 0
 156 00a0 FFF7FEFF 		bl	GetTemp
 157              	.LVL24:
  82:main.c        ****             Timer_1_WritePeriod((uint16)Not_running_Idle);
 158              		.loc 1 82 0
 159 00a4 4FF45460 		mov	r0, #3392
 160 00a8 FFF7FEFF 		bl	Timer_1_WritePeriod
 161              	.LVL25:
  83:main.c        ****             CheckTemp( Temp);
 162              		.loc 1 83 0
 163 00ac 0A4B     		ldr	r3, .L12+4
 164 00ae 1868     		ldr	r0, [r3]
 165 00b0 FFF7FEFF 		bl	CheckTemp
 166              	.LVL26:
  84:main.c        ****             if(cycles<1){
 167              		.loc 1 84 0
 168 00b4 094B     		ldr	r3, .L12+8
 169 00b6 1B68     		ldr	r3, [r3]
 170 00b8 002B     		cmp	r3, #0
 171 00ba 03DC     		bgt	.L10
  85:main.c        ****                Glowglowplugs(GlowPlugsCycle);
 172              		.loc 1 85 0
 173 00bc 084B     		ldr	r3, .L12+12
 174 00be 1868     		ldr	r0, [r3]
 175 00c0 FFF7FEFF 		bl	Glowglowplugs
 176              	.LVL27:
 177              	.L10:
  86:main.c        ****             }
  87:main.c        ****             Cold_Advance_Write(high);
 178              		.loc 1 87 0
 179 00c4 0120     		movs	r0, #1
 180 00c6 FFF7FEFF 		bl	Cold_Advance_Write
 181              	.LVL28:
  88:main.c        ****             GetFanSpeed(Temp);
 182              		.loc 1 88 0
 183 00ca 034B     		ldr	r3, .L12+4
 184 00cc 1868     		ldr	r0, [r3]
 185 00ce FFF7FEFF 		bl	GetFanSpeed
 186              	.LVL29:
  89:main.c        ****             
  90:main.c        ****         break;
 187              		.loc 1 90 0
 188 00d2 BDE7     		b	.L3
 189              	.L13:
 190              		.align	2
 191              	.L12:
 192 00d4 00000000 		.word	.LANCHOR0
 193 00d8 00000000 		.word	Temp
 194 00dc 00000000 		.word	.LANCHOR1
 195 00e0 00000000 		.word	GlowPlugsCycle
ARM GAS  C:\Users\Joshua\AppData\Local\Temp\ccNZkcxY.s 			page 6


 196              		.cfi_endproc
 197              	.LFE64:
 198              		.size	main, .-main
 199              		.comm	fan_state,4,4
 200              		.global	RPM_Count
 201              		.comm	mass_voltage,4,4
 202              		.comm	Temp,4,4
 203              		.comm	GlowPlugsCycle,4,4
 204              		.comm	fanSPEED1,4,4
 205              		.comm	LowTemp,4,4
 206              		.global	cycles
 207              		.global	Not_runing
 208              		.global	counter
 209              		.global	mass_air_variable
 210              		.comm	mass_air_voltage,4,4
 211              		.global	cold_advance
 212              		.comm	RPM,4,4
 213              		.comm	freq,4,4
 214              		.comm	readperiod,4,4
 215              		.data
 216              		.align	2
 217              		.set	.LANCHOR0,. + 0
 218              		.type	Not_runing, %object
 219              		.size	Not_runing, 4
 220              	Not_runing:
 221 0000 01000000 		.word	1
 222              		.type	mass_air_variable, %object
 223              		.size	mass_air_variable, 4
 224              	mass_air_variable:
 225 0004 0080A643 		.word	1134985216
 226              		.bss
 227              		.align	2
 228              		.set	.LANCHOR1,. + 0
 229              		.type	cycles, %object
 230              		.size	cycles, 4
 231              	cycles:
 232 0000 00000000 		.space	4
 233              		.type	RPM_Count, %object
 234              		.size	RPM_Count, 4
 235              	RPM_Count:
 236 0004 00000000 		.space	4
 237              		.type	counter, %object
 238              		.size	counter, 4
 239              	counter:
 240 0008 00000000 		.space	4
 241              		.type	cold_advance, %object
 242              		.size	cold_advance, 4
 243              	cold_advance:
 244 000c 00000000 		.space	4
 245              		.text
 246              	.Letext0:
 247              		.file 2 "c:\\program files (x86)\\cypress\\psoc creator\\4.1\\psoc creator\\import\\gnu\\arm\\5.4.
 248              		.file 3 "c:\\program files (x86)\\cypress\\psoc creator\\4.1\\psoc creator\\import\\gnu\\arm\\5.4.
 249              		.file 4 "Generated_Source\\PSoC5/cytypes.h"
 250              		.file 5 "Generated_Source\\PSoC5/core_cm3.h"
 251              		.file 6 "Generated_Source\\PSoC5/MASS_AIRFLOW.h"
 252              		.file 7 "Generated_Source\\PSoC5/isr_CKP_counter.h"
ARM GAS  C:\Users\Joshua\AppData\Local\Temp\ccNZkcxY.s 			page 7


 253              		.file 8 "Generated_Source\\PSoC5/isr_Not_Runing.h"
 254              		.file 9 "Generated_Source\\PSoC5/Timer_Sytem.h"
 255              		.file 10 "Generated_Source\\PSoC5/Timer_1.h"
 256              		.file 11 "Generated_Source\\PSoC5/Crank_Signal.h"
 257              		.file 12 "Generated_Source\\PSoC5/Cam_signal.h"
 258              		.file 13 "Generated_Source\\PSoC5/ADC_DelSig_1.h"
 259              		.file 14 "Generated_Source\\PSoC5/AMux_1.h"
 260              		.file 15 "Generated_Source\\PSoC5/Opamp_1.h"
 261              		.file 16 "Generated_Source\\PSoC5/VDAC8_1.h"
 262              		.file 17 "Generated_Source\\PSoC5/PWM_1_FANCONTROLLER.h"
 263              		.file 18 "Generated_Source\\PSoC5/Battery_interlock.h"
 264              		.file 19 "Generated_Source\\PSoC5/Glow_plug_indicator.h"
 265              		.file 20 "Generated_Source\\PSoC5/Glow_Plug_pin.h"
 266              		.file 21 "Generated_Source\\PSoC5/Cold_Advance.h"
 267              		.file 22 "./fancontroller.h"
 268              		.file 23 "Generated_Source\\PSoC5/CyLib.h"
 269              		.file 24 "./glowplugcontroller.h"
 270              		.section	.debug_info,"",%progbits
 271              	.Ldebug_info0:
 272 0000 6C040000 		.4byte	0x46c
 273 0004 0400     		.2byte	0x4
 274 0006 00000000 		.4byte	.Ldebug_abbrev0
 275 000a 04       		.byte	0x4
 276 000b 01       		.uleb128 0x1
 277 000c EB000000 		.4byte	.LASF57
 278 0010 0C       		.byte	0xc
 279 0011 17030000 		.4byte	.LASF58
 280 0015 AE010000 		.4byte	.LASF59
 281 0019 00000000 		.4byte	.Ldebug_ranges0+0
 282 001d 00000000 		.4byte	0
 283 0021 00000000 		.4byte	.Ldebug_line0
 284 0025 02       		.uleb128 0x2
 285 0026 01       		.byte	0x1
 286 0027 06       		.byte	0x6
 287 0028 A3030000 		.4byte	.LASF0
 288 002c 02       		.uleb128 0x2
 289 002d 01       		.byte	0x1
 290 002e 08       		.byte	0x8
 291 002f DD000000 		.4byte	.LASF1
 292 0033 02       		.uleb128 0x2
 293 0034 02       		.byte	0x2
 294 0035 05       		.byte	0x5
 295 0036 67030000 		.4byte	.LASF2
 296 003a 02       		.uleb128 0x2
 297 003b 02       		.byte	0x2
 298 003c 07       		.byte	0x7
 299 003d 9B010000 		.4byte	.LASF3
 300 0041 03       		.uleb128 0x3
 301 0042 5D000000 		.4byte	.LASF9
 302 0046 02       		.byte	0x2
 303 0047 3F       		.byte	0x3f
 304 0048 4C000000 		.4byte	0x4c
 305 004c 02       		.uleb128 0x2
 306 004d 04       		.byte	0x4
 307 004e 05       		.byte	0x5
 308 004f 71030000 		.4byte	.LASF4
 309 0053 02       		.uleb128 0x2
ARM GAS  C:\Users\Joshua\AppData\Local\Temp\ccNZkcxY.s 			page 8


 310 0054 04       		.byte	0x4
 311 0055 07       		.byte	0x7
 312 0056 0B020000 		.4byte	.LASF5
 313 005a 02       		.uleb128 0x2
 314 005b 08       		.byte	0x8
 315 005c 05       		.byte	0x5
 316 005d 09030000 		.4byte	.LASF6
 317 0061 02       		.uleb128 0x2
 318 0062 08       		.byte	0x8
 319 0063 07       		.byte	0x7
 320 0064 94020000 		.4byte	.LASF7
 321 0068 04       		.uleb128 0x4
 322 0069 04       		.byte	0x4
 323 006a 05       		.byte	0x5
 324 006b 696E7400 		.ascii	"int\000"
 325 006f 02       		.uleb128 0x2
 326 0070 04       		.byte	0x4
 327 0071 07       		.byte	0x7
 328 0072 87020000 		.4byte	.LASF8
 329 0076 03       		.uleb128 0x3
 330 0077 B5000000 		.4byte	.LASF10
 331 007b 03       		.byte	0x3
 332 007c 2C       		.byte	0x2c
 333 007d 41000000 		.4byte	0x41
 334 0081 05       		.uleb128 0x5
 335 0082 42020000 		.4byte	.LASF11
 336 0086 04       		.byte	0x4
 337 0087 9301     		.2byte	0x193
 338 0089 3A000000 		.4byte	0x3a
 339 008d 05       		.uleb128 0x5
 340 008e 49020000 		.4byte	.LASF12
 341 0092 04       		.byte	0x4
 342 0093 9401     		.2byte	0x194
 343 0095 53000000 		.4byte	0x53
 344 0099 02       		.uleb128 0x2
 345 009a 04       		.byte	0x4
 346 009b 04       		.byte	0x4
 347 009c C8000000 		.4byte	.LASF13
 348 00a0 02       		.uleb128 0x2
 349 00a1 08       		.byte	0x8
 350 00a2 04       		.byte	0x4
 351 00a3 9C000000 		.4byte	.LASF14
 352 00a7 02       		.uleb128 0x2
 353 00a8 01       		.byte	0x1
 354 00a9 08       		.byte	0x8
 355 00aa 1E030000 		.4byte	.LASF15
 356 00ae 06       		.uleb128 0x6
 357 00af 8D000000 		.4byte	0x8d
 358 00b3 02       		.uleb128 0x2
 359 00b4 08       		.byte	0x8
 360 00b5 04       		.byte	0x4
 361 00b6 29020000 		.4byte	.LASF16
 362 00ba 02       		.uleb128 0x2
 363 00bb 04       		.byte	0x4
 364 00bc 07       		.byte	0x7
 365 00bd 00030000 		.4byte	.LASF17
 366 00c1 07       		.uleb128 0x7
ARM GAS  C:\Users\Joshua\AppData\Local\Temp\ccNZkcxY.s 			page 9


 367 00c2 31030000 		.4byte	.LASF60
 368 00c6 01       		.byte	0x1
 369 00c7 22       		.byte	0x22
 370 00c8 68000000 		.4byte	0x68
 371 00cc 00000000 		.4byte	.LFB64
 372 00d0 E4000000 		.4byte	.LFE64-.LFB64
 373 00d4 01       		.uleb128 0x1
 374 00d5 9C       		.byte	0x9c
 375 00d6 47020000 		.4byte	0x247
 376 00da 08       		.uleb128 0x8
 377 00db 08000000 		.4byte	.LVL0
 378 00df 72030000 		.4byte	0x372
 379 00e3 08       		.uleb128 0x8
 380 00e4 0C000000 		.4byte	.LVL1
 381 00e8 7D030000 		.4byte	0x37d
 382 00ec 08       		.uleb128 0x8
 383 00ed 10000000 		.4byte	.LVL2
 384 00f1 88030000 		.4byte	0x388
 385 00f5 08       		.uleb128 0x8
 386 00f6 14000000 		.4byte	.LVL3
 387 00fa 93030000 		.4byte	0x393
 388 00fe 08       		.uleb128 0x8
 389 00ff 18000000 		.4byte	.LVL4
 390 0103 9E030000 		.4byte	0x39e
 391 0107 08       		.uleb128 0x8
 392 0108 1C000000 		.4byte	.LVL5
 393 010c A9030000 		.4byte	0x3a9
 394 0110 08       		.uleb128 0x8
 395 0111 20000000 		.4byte	.LVL6
 396 0115 B4030000 		.4byte	0x3b4
 397 0119 08       		.uleb128 0x8
 398 011a 24000000 		.4byte	.LVL7
 399 011e BF030000 		.4byte	0x3bf
 400 0122 08       		.uleb128 0x8
 401 0123 28000000 		.4byte	.LVL8
 402 0127 CA030000 		.4byte	0x3ca
 403 012b 08       		.uleb128 0x8
 404 012c 2C000000 		.4byte	.LVL9
 405 0130 D5030000 		.4byte	0x3d5
 406 0134 08       		.uleb128 0x8
 407 0135 30000000 		.4byte	.LVL10
 408 0139 E0030000 		.4byte	0x3e0
 409 013d 08       		.uleb128 0x8
 410 013e 34000000 		.4byte	.LVL11
 411 0142 EB030000 		.4byte	0x3eb
 412 0146 08       		.uleb128 0x8
 413 0147 38000000 		.4byte	.LVL12
 414 014b F6030000 		.4byte	0x3f6
 415 014f 09       		.uleb128 0x9
 416 0150 3E000000 		.4byte	.LVL13
 417 0154 01040000 		.4byte	0x401
 418 0158 62010000 		.4byte	0x162
 419 015c 0A       		.uleb128 0xa
 420 015d 01       		.uleb128 0x1
 421 015e 50       		.byte	0x50
 422 015f 01       		.uleb128 0x1
 423 0160 30       		.byte	0x30
ARM GAS  C:\Users\Joshua\AppData\Local\Temp\ccNZkcxY.s 			page 10


 424 0161 00       		.byte	0
 425 0162 09       		.uleb128 0x9
 426 0163 44000000 		.4byte	.LVL14
 427 0167 0C040000 		.4byte	0x40c
 428 016b 75010000 		.4byte	0x175
 429 016f 0A       		.uleb128 0xa
 430 0170 01       		.uleb128 0x1
 431 0171 50       		.byte	0x50
 432 0172 01       		.uleb128 0x1
 433 0173 30       		.byte	0x30
 434 0174 00       		.byte	0
 435 0175 09       		.uleb128 0x9
 436 0176 4A000000 		.4byte	.LVL15
 437 017a 17040000 		.4byte	0x417
 438 017e 88010000 		.4byte	0x188
 439 0182 0A       		.uleb128 0xa
 440 0183 01       		.uleb128 0x1
 441 0184 50       		.byte	0x50
 442 0185 01       		.uleb128 0x1
 443 0186 30       		.byte	0x30
 444 0187 00       		.byte	0
 445 0188 09       		.uleb128 0x9
 446 0189 50000000 		.4byte	.LVL16
 447 018d 22040000 		.4byte	0x422
 448 0191 9B010000 		.4byte	0x19b
 449 0195 0A       		.uleb128 0xa
 450 0196 01       		.uleb128 0x1
 451 0197 50       		.byte	0x50
 452 0198 01       		.uleb128 0x1
 453 0199 30       		.byte	0x30
 454 019a 00       		.byte	0
 455 019b 08       		.uleb128 0x8
 456 019c 60000000 		.4byte	.LVL17
 457 01a0 2D040000 		.4byte	0x42d
 458 01a4 08       		.uleb128 0x8
 459 01a5 68000000 		.4byte	.LVL18
 460 01a9 38040000 		.4byte	0x438
 461 01ad 09       		.uleb128 0x9
 462 01ae 78000000 		.4byte	.LVL19
 463 01b2 43040000 		.4byte	0x443
 464 01b6 C2010000 		.4byte	0x1c2
 465 01ba 0A       		.uleb128 0xa
 466 01bb 01       		.uleb128 0x1
 467 01bc 50       		.byte	0x50
 468 01bd 03       		.uleb128 0x3
 469 01be 0A       		.byte	0xa
 470 01bf 1027     		.2byte	0x2710
 471 01c1 00       		.byte	0
 472 01c2 08       		.uleb128 0x8
 473 01c3 80000000 		.4byte	.LVL20
 474 01c7 4E040000 		.4byte	0x44e
 475 01cb 09       		.uleb128 0x9
 476 01cc 8E000000 		.4byte	.LVL21
 477 01d0 22040000 		.4byte	0x422
 478 01d4 DE010000 		.4byte	0x1de
 479 01d8 0A       		.uleb128 0xa
 480 01d9 01       		.uleb128 0x1
ARM GAS  C:\Users\Joshua\AppData\Local\Temp\ccNZkcxY.s 			page 11


 481 01da 50       		.byte	0x50
 482 01db 01       		.uleb128 0x1
 483 01dc 31       		.byte	0x31
 484 01dd 00       		.byte	0
 485 01de 09       		.uleb128 0x9
 486 01df 96000000 		.4byte	.LVL22
 487 01e3 22040000 		.4byte	0x422
 488 01e7 F1010000 		.4byte	0x1f1
 489 01eb 0A       		.uleb128 0xa
 490 01ec 01       		.uleb128 0x1
 491 01ed 50       		.byte	0x50
 492 01ee 01       		.uleb128 0x1
 493 01ef 30       		.byte	0x30
 494 01f0 00       		.byte	0
 495 01f1 08       		.uleb128 0x8
 496 01f2 9E000000 		.4byte	.LVL23
 497 01f6 59040000 		.4byte	0x459
 498 01fa 08       		.uleb128 0x8
 499 01fb A4000000 		.4byte	.LVL24
 500 01ff 2D040000 		.4byte	0x42d
 501 0203 09       		.uleb128 0x9
 502 0204 AC000000 		.4byte	.LVL25
 503 0208 64040000 		.4byte	0x464
 504 020c 18020000 		.4byte	0x218
 505 0210 0A       		.uleb128 0xa
 506 0211 01       		.uleb128 0x1
 507 0212 50       		.byte	0x50
 508 0213 03       		.uleb128 0x3
 509 0214 0A       		.byte	0xa
 510 0215 400D     		.2byte	0xd40
 511 0217 00       		.byte	0
 512 0218 08       		.uleb128 0x8
 513 0219 B4000000 		.4byte	.LVL26
 514 021d 38040000 		.4byte	0x438
 515 0221 08       		.uleb128 0x8
 516 0222 C4000000 		.4byte	.LVL27
 517 0226 4E040000 		.4byte	0x44e
 518 022a 09       		.uleb128 0x9
 519 022b CA000000 		.4byte	.LVL28
 520 022f 22040000 		.4byte	0x422
 521 0233 3D020000 		.4byte	0x23d
 522 0237 0A       		.uleb128 0xa
 523 0238 01       		.uleb128 0x1
 524 0239 50       		.byte	0x50
 525 023a 01       		.uleb128 0x1
 526 023b 31       		.byte	0x31
 527 023c 00       		.byte	0
 528 023d 08       		.uleb128 0x8
 529 023e D2000000 		.4byte	.LVL29
 530 0242 59040000 		.4byte	0x459
 531 0246 00       		.byte	0
 532 0247 0B       		.uleb128 0xb
 533 0248 F0010000 		.4byte	.LASF18
 534 024c 05       		.byte	0x5
 535 024d 1207     		.2byte	0x712
 536 024f 53020000 		.4byte	0x253
 537 0253 06       		.uleb128 0x6
ARM GAS  C:\Users\Joshua\AppData\Local\Temp\ccNZkcxY.s 			page 12


 538 0254 76000000 		.4byte	0x76
 539 0258 0C       		.uleb128 0xc
 540 0259 13000000 		.4byte	.LASF19
 541 025d 01       		.byte	0x1
 542 025e 10       		.byte	0x10
 543 025f AE000000 		.4byte	0xae
 544 0263 05       		.uleb128 0x5
 545 0264 03       		.byte	0x3
 546 0265 00000000 		.4byte	readperiod
 547 0269 0C       		.uleb128 0xc
 548 026a 40030000 		.4byte	.LASF20
 549 026e 01       		.byte	0x1
 550 026f 11       		.byte	0x11
 551 0270 7A020000 		.4byte	0x27a
 552 0274 05       		.uleb128 0x5
 553 0275 03       		.byte	0x3
 554 0276 00000000 		.4byte	freq
 555 027a 06       		.uleb128 0x6
 556 027b 99000000 		.4byte	0x99
 557 027f 0D       		.uleb128 0xd
 558 0280 52504D00 		.ascii	"RPM\000"
 559 0284 01       		.byte	0x1
 560 0285 14       		.byte	0x14
 561 0286 7A020000 		.4byte	0x27a
 562 028a 05       		.uleb128 0x5
 563 028b 03       		.byte	0x3
 564 028c 00000000 		.4byte	RPM
 565 0290 0C       		.uleb128 0xc
 566 0291 79010000 		.4byte	.LASF21
 567 0295 01       		.byte	0x1
 568 0296 15       		.byte	0x15
 569 0297 A1020000 		.4byte	0x2a1
 570 029b 05       		.uleb128 0x5
 571 029c 03       		.byte	0x3
 572 029d 00000000 		.4byte	cold_advance
 573 02a1 06       		.uleb128 0x6
 574 02a2 68000000 		.4byte	0x68
 575 02a6 0C       		.uleb128 0xc
 576 02a7 EA020000 		.4byte	.LASF22
 577 02ab 01       		.byte	0x1
 578 02ac 16       		.byte	0x16
 579 02ad A1020000 		.4byte	0x2a1
 580 02b1 05       		.uleb128 0x5
 581 02b2 03       		.byte	0x3
 582 02b3 00000000 		.4byte	mass_air_voltage
 583 02b7 0C       		.uleb128 0xc
 584 02b8 62020000 		.4byte	.LASF23
 585 02bc 01       		.byte	0x1
 586 02bd 17       		.byte	0x17
 587 02be 7A020000 		.4byte	0x27a
 588 02c2 05       		.uleb128 0x5
 589 02c3 03       		.byte	0x3
 590 02c4 00000000 		.4byte	mass_air_variable
 591 02c8 0C       		.uleb128 0xc
 592 02c9 CE000000 		.4byte	.LASF24
 593 02cd 01       		.byte	0x1
 594 02ce 18       		.byte	0x18
ARM GAS  C:\Users\Joshua\AppData\Local\Temp\ccNZkcxY.s 			page 13


 595 02cf A1020000 		.4byte	0x2a1
 596 02d3 05       		.uleb128 0x5
 597 02d4 03       		.byte	0x3
 598 02d5 00000000 		.4byte	counter
 599 02d9 0C       		.uleb128 0xc
 600 02da BD000000 		.4byte	.LASF25
 601 02de 01       		.byte	0x1
 602 02df 19       		.byte	0x19
 603 02e0 A1020000 		.4byte	0x2a1
 604 02e4 05       		.uleb128 0x5
 605 02e5 03       		.byte	0x3
 606 02e6 00000000 		.4byte	Not_runing
 607 02ea 0C       		.uleb128 0xc
 608 02eb D6000000 		.4byte	.LASF26
 609 02ef 01       		.byte	0x1
 610 02f0 1A       		.byte	0x1a
 611 02f1 A1020000 		.4byte	0x2a1
 612 02f5 05       		.uleb128 0x5
 613 02f6 03       		.byte	0x3
 614 02f7 00000000 		.4byte	cycles
 615 02fb 0C       		.uleb128 0xc
 616 02fc A3000000 		.4byte	.LASF27
 617 0300 01       		.byte	0x1
 618 0301 1B       		.byte	0x1b
 619 0302 A1020000 		.4byte	0x2a1
 620 0306 05       		.uleb128 0x5
 621 0307 03       		.byte	0x3
 622 0308 00000000 		.4byte	LowTemp
 623 030c 0C       		.uleb128 0xc
 624 030d AB000000 		.4byte	.LASF28
 625 0311 01       		.byte	0x1
 626 0312 1C       		.byte	0x1c
 627 0313 A1020000 		.4byte	0x2a1
 628 0317 05       		.uleb128 0x5
 629 0318 03       		.byte	0x3
 630 0319 00000000 		.4byte	fanSPEED1
 631 031d 0C       		.uleb128 0xc
 632 031e 94030000 		.4byte	.LASF29
 633 0322 01       		.byte	0x1
 634 0323 1D       		.byte	0x1d
 635 0324 A1020000 		.4byte	0x2a1
 636 0328 05       		.uleb128 0x5
 637 0329 03       		.byte	0x3
 638 032a 00000000 		.4byte	GlowPlugsCycle
 639 032e 0C       		.uleb128 0xc
 640 032f FB020000 		.4byte	.LASF30
 641 0333 01       		.byte	0x1
 642 0334 1E       		.byte	0x1e
 643 0335 A1020000 		.4byte	0x2a1
 644 0339 05       		.uleb128 0x5
 645 033a 03       		.byte	0x3
 646 033b 00000000 		.4byte	Temp
 647 033f 0C       		.uleb128 0xc
 648 0340 DC030000 		.4byte	.LASF31
 649 0344 01       		.byte	0x1
 650 0345 1F       		.byte	0x1f
 651 0346 A1020000 		.4byte	0x2a1
ARM GAS  C:\Users\Joshua\AppData\Local\Temp\ccNZkcxY.s 			page 14


 652 034a 05       		.uleb128 0x5
 653 034b 03       		.byte	0x3
 654 034c 00000000 		.4byte	mass_voltage
 655 0350 0C       		.uleb128 0xc
 656 0351 CC020000 		.4byte	.LASF32
 657 0355 01       		.byte	0x1
 658 0356 20       		.byte	0x20
 659 0357 A1020000 		.4byte	0x2a1
 660 035b 05       		.uleb128 0x5
 661 035c 03       		.byte	0x3
 662 035d 00000000 		.4byte	RPM_Count
 663 0361 0C       		.uleb128 0xc
 664 0362 AF030000 		.4byte	.LASF33
 665 0366 01       		.byte	0x1
 666 0367 21       		.byte	0x21
 667 0368 A1020000 		.4byte	0x2a1
 668 036c 05       		.uleb128 0x5
 669 036d 03       		.byte	0x3
 670 036e 00000000 		.4byte	fan_state
 671 0372 0E       		.uleb128 0xe
 672 0373 36000000 		.4byte	.LASF34
 673 0377 36000000 		.4byte	.LASF34
 674 037b 06       		.byte	0x6
 675 037c 33       		.byte	0x33
 676 037d 0E       		.uleb128 0xe
 677 037e 75000000 		.4byte	.LASF35
 678 0382 75000000 		.4byte	.LASF35
 679 0386 07       		.byte	0x7
 680 0387 17       		.byte	0x17
 681 0388 0E       		.uleb128 0xe
 682 0389 86010000 		.4byte	.LASF36
 683 038d 86010000 		.4byte	.LASF36
 684 0391 08       		.byte	0x8
 685 0392 17       		.byte	0x17
 686 0393 0E       		.uleb128 0xe
 687 0394 50020000 		.4byte	.LASF37
 688 0398 50020000 		.4byte	.LASF37
 689 039c 09       		.byte	0x9
 690 039d 5A       		.byte	0x5a
 691 039e 0E       		.uleb128 0xe
 692 039f 23030000 		.4byte	.LASF38
 693 03a3 23030000 		.4byte	.LASF38
 694 03a7 0A       		.byte	0xa
 695 03a8 5A       		.byte	0x5a
 696 03a9 0E       		.uleb128 0xe
 697 03aa AB020000 		.4byte	.LASF39
 698 03ae AB020000 		.4byte	.LASF39
 699 03b2 0B       		.byte	0xb
 700 03b3 67       		.byte	0x67
 701 03b4 0E       		.uleb128 0xe
 702 03b5 8B000000 		.4byte	.LASF40
 703 03b9 8B000000 		.4byte	.LASF40
 704 03bd 0C       		.byte	0xc
 705 03be 67       		.byte	0x67
 706 03bf 0E       		.uleb128 0xe
 707 03c0 74020000 		.4byte	.LASF41
 708 03c4 74020000 		.4byte	.LASF41
ARM GAS  C:\Users\Joshua\AppData\Local\Temp\ccNZkcxY.s 			page 15


 709 03c8 0D       		.byte	0xd
 710 03c9 3A       		.byte	0x3a
 711 03ca 0E       		.uleb128 0xe
 712 03cb 7A030000 		.4byte	.LASF42
 713 03cf 7A030000 		.4byte	.LASF42
 714 03d3 0D       		.byte	0xd
 715 03d4 3D       		.byte	0x3d
 716 03d5 0E       		.uleb128 0xe
 717 03d6 35020000 		.4byte	.LASF43
 718 03da 35020000 		.4byte	.LASF43
 719 03de 0E       		.byte	0xe
 720 03df 25       		.byte	0x25
 721 03e0 0E       		.uleb128 0xe
 722 03e1 67000000 		.4byte	.LASF44
 723 03e5 67000000 		.4byte	.LASF44
 724 03e9 0F       		.byte	0xf
 725 03ea 33       		.byte	0x33
 726 03eb 0E       		.uleb128 0xe
 727 03ec FD010000 		.4byte	.LASF45
 728 03f0 FD010000 		.4byte	.LASF45
 729 03f4 10       		.byte	0x10
 730 03f5 33       		.byte	0x33
 731 03f6 0E       		.uleb128 0xe
 732 03f7 B9030000 		.4byte	.LASF46
 733 03fb B9030000 		.4byte	.LASF46
 734 03ff 11       		.byte	0x11
 735 0400 DB       		.byte	0xdb
 736 0401 0E       		.uleb128 0xe
 737 0402 1E000000 		.4byte	.LASF47
 738 0406 1E000000 		.4byte	.LASF47
 739 040a 12       		.byte	0x12
 740 040b 26       		.byte	0x26
 741 040c 0E       		.uleb128 0xe
 742 040d 45030000 		.4byte	.LASF48
 743 0411 45030000 		.4byte	.LASF48
 744 0415 13       		.byte	0x13
 745 0416 26       		.byte	0x26
 746 0417 0E       		.uleb128 0xe
 747 0418 D6020000 		.4byte	.LASF49
 748 041c D6020000 		.4byte	.LASF49
 749 0420 14       		.byte	0x14
 750 0421 26       		.byte	0x26
 751 0422 0E       		.uleb128 0xe
 752 0423 00000000 		.4byte	.LASF50
 753 0427 00000000 		.4byte	.LASF50
 754 042b 15       		.byte	0x15
 755 042c 26       		.byte	0x26
 756 042d 0E       		.uleb128 0xe
 757 042e 5F030000 		.4byte	.LASF51
 758 0432 5F030000 		.4byte	.LASF51
 759 0436 16       		.byte	0x16
 760 0437 11       		.byte	0x11
 761 0438 0E       		.uleb128 0xe
 762 0439 36030000 		.4byte	.LASF52
 763 043d 36030000 		.4byte	.LASF52
 764 0441 16       		.byte	0x16
 765 0442 14       		.byte	0x14
ARM GAS  C:\Users\Joshua\AppData\Local\Temp\ccNZkcxY.s 			page 16


 766 0443 0E       		.uleb128 0xe
 767 0444 D4030000 		.4byte	.LASF53
 768 0448 D4030000 		.4byte	.LASF53
 769 044c 17       		.byte	0x17
 770 044d 76       		.byte	0x76
 771 044e 0E       		.uleb128 0xe
 772 044f BE020000 		.4byte	.LASF54
 773 0453 BE020000 		.4byte	.LASF54
 774 0457 18       		.byte	0x18
 775 0458 10       		.byte	0x10
 776 0459 0E       		.uleb128 0xe
 777 045a 1D020000 		.4byte	.LASF55
 778 045e 1D020000 		.4byte	.LASF55
 779 0462 16       		.byte	0x16
 780 0463 18       		.byte	0x18
 781 0464 0E       		.uleb128 0xe
 782 0465 49000000 		.4byte	.LASF56
 783 0469 49000000 		.4byte	.LASF56
 784 046d 0A       		.byte	0xa
 785 046e 68       		.byte	0x68
 786 046f 00       		.byte	0
 787              		.section	.debug_abbrev,"",%progbits
 788              	.Ldebug_abbrev0:
 789 0000 01       		.uleb128 0x1
 790 0001 11       		.uleb128 0x11
 791 0002 01       		.byte	0x1
 792 0003 25       		.uleb128 0x25
 793 0004 0E       		.uleb128 0xe
 794 0005 13       		.uleb128 0x13
 795 0006 0B       		.uleb128 0xb
 796 0007 03       		.uleb128 0x3
 797 0008 0E       		.uleb128 0xe
 798 0009 1B       		.uleb128 0x1b
 799 000a 0E       		.uleb128 0xe
 800 000b 55       		.uleb128 0x55
 801 000c 17       		.uleb128 0x17
 802 000d 11       		.uleb128 0x11
 803 000e 01       		.uleb128 0x1
 804 000f 10       		.uleb128 0x10
 805 0010 17       		.uleb128 0x17
 806 0011 00       		.byte	0
 807 0012 00       		.byte	0
 808 0013 02       		.uleb128 0x2
 809 0014 24       		.uleb128 0x24
 810 0015 00       		.byte	0
 811 0016 0B       		.uleb128 0xb
 812 0017 0B       		.uleb128 0xb
 813 0018 3E       		.uleb128 0x3e
 814 0019 0B       		.uleb128 0xb
 815 001a 03       		.uleb128 0x3
 816 001b 0E       		.uleb128 0xe
 817 001c 00       		.byte	0
 818 001d 00       		.byte	0
 819 001e 03       		.uleb128 0x3
 820 001f 16       		.uleb128 0x16
 821 0020 00       		.byte	0
 822 0021 03       		.uleb128 0x3
ARM GAS  C:\Users\Joshua\AppData\Local\Temp\ccNZkcxY.s 			page 17


 823 0022 0E       		.uleb128 0xe
 824 0023 3A       		.uleb128 0x3a
 825 0024 0B       		.uleb128 0xb
 826 0025 3B       		.uleb128 0x3b
 827 0026 0B       		.uleb128 0xb
 828 0027 49       		.uleb128 0x49
 829 0028 13       		.uleb128 0x13
 830 0029 00       		.byte	0
 831 002a 00       		.byte	0
 832 002b 04       		.uleb128 0x4
 833 002c 24       		.uleb128 0x24
 834 002d 00       		.byte	0
 835 002e 0B       		.uleb128 0xb
 836 002f 0B       		.uleb128 0xb
 837 0030 3E       		.uleb128 0x3e
 838 0031 0B       		.uleb128 0xb
 839 0032 03       		.uleb128 0x3
 840 0033 08       		.uleb128 0x8
 841 0034 00       		.byte	0
 842 0035 00       		.byte	0
 843 0036 05       		.uleb128 0x5
 844 0037 16       		.uleb128 0x16
 845 0038 00       		.byte	0
 846 0039 03       		.uleb128 0x3
 847 003a 0E       		.uleb128 0xe
 848 003b 3A       		.uleb128 0x3a
 849 003c 0B       		.uleb128 0xb
 850 003d 3B       		.uleb128 0x3b
 851 003e 05       		.uleb128 0x5
 852 003f 49       		.uleb128 0x49
 853 0040 13       		.uleb128 0x13
 854 0041 00       		.byte	0
 855 0042 00       		.byte	0
 856 0043 06       		.uleb128 0x6
 857 0044 35       		.uleb128 0x35
 858 0045 00       		.byte	0
 859 0046 49       		.uleb128 0x49
 860 0047 13       		.uleb128 0x13
 861 0048 00       		.byte	0
 862 0049 00       		.byte	0
 863 004a 07       		.uleb128 0x7
 864 004b 2E       		.uleb128 0x2e
 865 004c 01       		.byte	0x1
 866 004d 3F       		.uleb128 0x3f
 867 004e 19       		.uleb128 0x19
 868 004f 03       		.uleb128 0x3
 869 0050 0E       		.uleb128 0xe
 870 0051 3A       		.uleb128 0x3a
 871 0052 0B       		.uleb128 0xb
 872 0053 3B       		.uleb128 0x3b
 873 0054 0B       		.uleb128 0xb
 874 0055 27       		.uleb128 0x27
 875 0056 19       		.uleb128 0x19
 876 0057 49       		.uleb128 0x49
 877 0058 13       		.uleb128 0x13
 878 0059 8701     		.uleb128 0x87
 879 005b 19       		.uleb128 0x19
ARM GAS  C:\Users\Joshua\AppData\Local\Temp\ccNZkcxY.s 			page 18


 880 005c 11       		.uleb128 0x11
 881 005d 01       		.uleb128 0x1
 882 005e 12       		.uleb128 0x12
 883 005f 06       		.uleb128 0x6
 884 0060 40       		.uleb128 0x40
 885 0061 18       		.uleb128 0x18
 886 0062 9742     		.uleb128 0x2117
 887 0064 19       		.uleb128 0x19
 888 0065 01       		.uleb128 0x1
 889 0066 13       		.uleb128 0x13
 890 0067 00       		.byte	0
 891 0068 00       		.byte	0
 892 0069 08       		.uleb128 0x8
 893 006a 898201   		.uleb128 0x4109
 894 006d 00       		.byte	0
 895 006e 11       		.uleb128 0x11
 896 006f 01       		.uleb128 0x1
 897 0070 31       		.uleb128 0x31
 898 0071 13       		.uleb128 0x13
 899 0072 00       		.byte	0
 900 0073 00       		.byte	0
 901 0074 09       		.uleb128 0x9
 902 0075 898201   		.uleb128 0x4109
 903 0078 01       		.byte	0x1
 904 0079 11       		.uleb128 0x11
 905 007a 01       		.uleb128 0x1
 906 007b 31       		.uleb128 0x31
 907 007c 13       		.uleb128 0x13
 908 007d 01       		.uleb128 0x1
 909 007e 13       		.uleb128 0x13
 910 007f 00       		.byte	0
 911 0080 00       		.byte	0
 912 0081 0A       		.uleb128 0xa
 913 0082 8A8201   		.uleb128 0x410a
 914 0085 00       		.byte	0
 915 0086 02       		.uleb128 0x2
 916 0087 18       		.uleb128 0x18
 917 0088 9142     		.uleb128 0x2111
 918 008a 18       		.uleb128 0x18
 919 008b 00       		.byte	0
 920 008c 00       		.byte	0
 921 008d 0B       		.uleb128 0xb
 922 008e 34       		.uleb128 0x34
 923 008f 00       		.byte	0
 924 0090 03       		.uleb128 0x3
 925 0091 0E       		.uleb128 0xe
 926 0092 3A       		.uleb128 0x3a
 927 0093 0B       		.uleb128 0xb
 928 0094 3B       		.uleb128 0x3b
 929 0095 05       		.uleb128 0x5
 930 0096 49       		.uleb128 0x49
 931 0097 13       		.uleb128 0x13
 932 0098 3F       		.uleb128 0x3f
 933 0099 19       		.uleb128 0x19
 934 009a 3C       		.uleb128 0x3c
 935 009b 19       		.uleb128 0x19
 936 009c 00       		.byte	0
ARM GAS  C:\Users\Joshua\AppData\Local\Temp\ccNZkcxY.s 			page 19


 937 009d 00       		.byte	0
 938 009e 0C       		.uleb128 0xc
 939 009f 34       		.uleb128 0x34
 940 00a0 00       		.byte	0
 941 00a1 03       		.uleb128 0x3
 942 00a2 0E       		.uleb128 0xe
 943 00a3 3A       		.uleb128 0x3a
 944 00a4 0B       		.uleb128 0xb
 945 00a5 3B       		.uleb128 0x3b
 946 00a6 0B       		.uleb128 0xb
 947 00a7 49       		.uleb128 0x49
 948 00a8 13       		.uleb128 0x13
 949 00a9 3F       		.uleb128 0x3f
 950 00aa 19       		.uleb128 0x19
 951 00ab 02       		.uleb128 0x2
 952 00ac 18       		.uleb128 0x18
 953 00ad 00       		.byte	0
 954 00ae 00       		.byte	0
 955 00af 0D       		.uleb128 0xd
 956 00b0 34       		.uleb128 0x34
 957 00b1 00       		.byte	0
 958 00b2 03       		.uleb128 0x3
 959 00b3 08       		.uleb128 0x8
 960 00b4 3A       		.uleb128 0x3a
 961 00b5 0B       		.uleb128 0xb
 962 00b6 3B       		.uleb128 0x3b
 963 00b7 0B       		.uleb128 0xb
 964 00b8 49       		.uleb128 0x49
 965 00b9 13       		.uleb128 0x13
 966 00ba 3F       		.uleb128 0x3f
 967 00bb 19       		.uleb128 0x19
 968 00bc 02       		.uleb128 0x2
 969 00bd 18       		.uleb128 0x18
 970 00be 00       		.byte	0
 971 00bf 00       		.byte	0
 972 00c0 0E       		.uleb128 0xe
 973 00c1 2E       		.uleb128 0x2e
 974 00c2 00       		.byte	0
 975 00c3 3F       		.uleb128 0x3f
 976 00c4 19       		.uleb128 0x19
 977 00c5 3C       		.uleb128 0x3c
 978 00c6 19       		.uleb128 0x19
 979 00c7 6E       		.uleb128 0x6e
 980 00c8 0E       		.uleb128 0xe
 981 00c9 03       		.uleb128 0x3
 982 00ca 0E       		.uleb128 0xe
 983 00cb 3A       		.uleb128 0x3a
 984 00cc 0B       		.uleb128 0xb
 985 00cd 3B       		.uleb128 0x3b
 986 00ce 0B       		.uleb128 0xb
 987 00cf 00       		.byte	0
 988 00d0 00       		.byte	0
 989 00d1 00       		.byte	0
 990              		.section	.debug_aranges,"",%progbits
 991 0000 1C000000 		.4byte	0x1c
 992 0004 0200     		.2byte	0x2
 993 0006 00000000 		.4byte	.Ldebug_info0
ARM GAS  C:\Users\Joshua\AppData\Local\Temp\ccNZkcxY.s 			page 20


 994 000a 04       		.byte	0x4
 995 000b 00       		.byte	0
 996 000c 0000     		.2byte	0
 997 000e 0000     		.2byte	0
 998 0010 00000000 		.4byte	.LFB64
 999 0014 E4000000 		.4byte	.LFE64-.LFB64
 1000 0018 00000000 		.4byte	0
 1001 001c 00000000 		.4byte	0
 1002              		.section	.debug_ranges,"",%progbits
 1003              	.Ldebug_ranges0:
 1004 0000 00000000 		.4byte	.LFB64
 1005 0004 E4000000 		.4byte	.LFE64
 1006 0008 00000000 		.4byte	0
 1007 000c 00000000 		.4byte	0
 1008              		.section	.debug_line,"",%progbits
 1009              	.Ldebug_line0:
 1010 0000 E1020000 		.section	.debug_str,"MS",%progbits,1
 1010      0200A702 
 1010      00000201 
 1010      FB0E0D00 
 1010      01010101 
 1011              	.LASF50:
 1012 0000 436F6C64 		.ascii	"Cold_Advance_Write\000"
 1012      5F416476 
 1012      616E6365 
 1012      5F577269 
 1012      746500
 1013              	.LASF19:
 1014 0013 72656164 		.ascii	"readperiod\000"
 1014      70657269 
 1014      6F6400
 1015              	.LASF47:
 1016 001e 42617474 		.ascii	"Battery_interlock_Write\000"
 1016      6572795F 
 1016      696E7465 
 1016      726C6F63 
 1016      6B5F5772 
 1017              	.LASF34:
 1018 0036 4D415353 		.ascii	"MASS_AIRFLOW_Start\000"
 1018      5F414952 
 1018      464C4F57 
 1018      5F537461 
 1018      727400
 1019              	.LASF56:
 1020 0049 54696D65 		.ascii	"Timer_1_WritePeriod\000"
 1020      725F315F 
 1020      57726974 
 1020      65506572 
 1020      696F6400 
 1021              	.LASF9:
 1022 005d 5F5F696E 		.ascii	"__int32_t\000"
 1022      7433325F 
 1022      7400
 1023              	.LASF44:
 1024 0067 4F70616D 		.ascii	"Opamp_1_Start\000"
 1024      705F315F 
 1024      53746172 
ARM GAS  C:\Users\Joshua\AppData\Local\Temp\ccNZkcxY.s 			page 21


 1024      7400
 1025              	.LASF35:
 1026 0075 6973725F 		.ascii	"isr_CKP_counter_Start\000"
 1026      434B505F 
 1026      636F756E 
 1026      7465725F 
 1026      53746172 
 1027              	.LASF40:
 1028 008b 43616D5F 		.ascii	"Cam_signal_Start\000"
 1028      7369676E 
 1028      616C5F53 
 1028      74617274 
 1028      00
 1029              	.LASF14:
 1030 009c 646F7562 		.ascii	"double\000"
 1030      6C6500
 1031              	.LASF27:
 1032 00a3 4C6F7754 		.ascii	"LowTemp\000"
 1032      656D7000 
 1033              	.LASF28:
 1034 00ab 66616E53 		.ascii	"fanSPEED1\000"
 1034      50454544 
 1034      3100
 1035              	.LASF10:
 1036 00b5 696E7433 		.ascii	"int32_t\000"
 1036      325F7400 
 1037              	.LASF25:
 1038 00bd 4E6F745F 		.ascii	"Not_runing\000"
 1038      72756E69 
 1038      6E6700
 1039              	.LASF13:
 1040 00c8 666C6F61 		.ascii	"float\000"
 1040      7400
 1041              	.LASF24:
 1042 00ce 636F756E 		.ascii	"counter\000"
 1042      74657200 
 1043              	.LASF26:
 1044 00d6 6379636C 		.ascii	"cycles\000"
 1044      657300
 1045              	.LASF1:
 1046 00dd 756E7369 		.ascii	"unsigned char\000"
 1046      676E6564 
 1046      20636861 
 1046      7200
 1047              	.LASF57:
 1048 00eb 474E5520 		.ascii	"GNU C11 5.4.1 20160609 (release) [ARM/embedded-5-br"
 1048      43313120 
 1048      352E342E 
 1048      31203230 
 1048      31363036 
 1049 011e 616E6368 		.ascii	"anch revision 237715] -mcpu=cortex-m3 -mthumb -g -O"
 1049      20726576 
 1049      6973696F 
 1049      6E203233 
 1049      37373135 
 1050 0151 67202D66 		.ascii	"g -ffunction-sections -ffat-lto-objects\000"
 1050      66756E63 
ARM GAS  C:\Users\Joshua\AppData\Local\Temp\ccNZkcxY.s 			page 22


 1050      74696F6E 
 1050      2D736563 
 1050      74696F6E 
 1051              	.LASF21:
 1052 0179 636F6C64 		.ascii	"cold_advance\000"
 1052      5F616476 
 1052      616E6365 
 1052      00
 1053              	.LASF36:
 1054 0186 6973725F 		.ascii	"isr_Not_Runing_Start\000"
 1054      4E6F745F 
 1054      52756E69 
 1054      6E675F53 
 1054      74617274 
 1055              	.LASF3:
 1056 019b 73686F72 		.ascii	"short unsigned int\000"
 1056      7420756E 
 1056      7369676E 
 1056      65642069 
 1056      6E7400
 1057              	.LASF59:
 1058 01ae 433A5C55 		.ascii	"C:\\Users\\Joshua\\Documents\\PSoC Creator\\Workspa"
 1058      73657273 
 1058      5C4A6F73 
 1058      6875615C 
 1058      446F6375 
 1059 01dc 63653031 		.ascii	"ce01\\Design01.cydsn\000"
 1059      5C446573 
 1059      69676E30 
 1059      312E6379 
 1059      64736E00 
 1060              	.LASF18:
 1061 01f0 49544D5F 		.ascii	"ITM_RxBuffer\000"
 1061      52784275 
 1061      66666572 
 1061      00
 1062              	.LASF45:
 1063 01fd 56444143 		.ascii	"VDAC8_1_Start\000"
 1063      385F315F 
 1063      53746172 
 1063      7400
 1064              	.LASF5:
 1065 020b 6C6F6E67 		.ascii	"long unsigned int\000"
 1065      20756E73 
 1065      69676E65 
 1065      6420696E 
 1065      7400
 1066              	.LASF55:
 1067 021d 47657446 		.ascii	"GetFanSpeed\000"
 1067      616E5370 
 1067      65656400 
 1068              	.LASF16:
 1069 0229 6C6F6E67 		.ascii	"long double\000"
 1069      20646F75 
 1069      626C6500 
 1070              	.LASF43:
 1071 0235 414D7578 		.ascii	"AMux_1_Start\000"
ARM GAS  C:\Users\Joshua\AppData\Local\Temp\ccNZkcxY.s 			page 23


 1071      5F315F53 
 1071      74617274 
 1071      00
 1072              	.LASF11:
 1073 0242 75696E74 		.ascii	"uint16\000"
 1073      313600
 1074              	.LASF12:
 1075 0249 75696E74 		.ascii	"uint32\000"
 1075      333200
 1076              	.LASF37:
 1077 0250 54696D65 		.ascii	"Timer_Sytem_Start\000"
 1077      725F5379 
 1077      74656D5F 
 1077      53746172 
 1077      7400
 1078              	.LASF23:
 1079 0262 6D617373 		.ascii	"mass_air_variable\000"
 1079      5F616972 
 1079      5F766172 
 1079      6961626C 
 1079      6500
 1080              	.LASF41:
 1081 0274 4144435F 		.ascii	"ADC_DelSig_1_Start\000"
 1081      44656C53 
 1081      69675F31 
 1081      5F537461 
 1081      727400
 1082              	.LASF8:
 1083 0287 756E7369 		.ascii	"unsigned int\000"
 1083      676E6564 
 1083      20696E74 
 1083      00
 1084              	.LASF7:
 1085 0294 6C6F6E67 		.ascii	"long long unsigned int\000"
 1085      206C6F6E 
 1085      6720756E 
 1085      7369676E 
 1085      65642069 
 1086              	.LASF39:
 1087 02ab 4372616E 		.ascii	"Crank_Signal_Start\000"
 1087      6B5F5369 
 1087      676E616C 
 1087      5F537461 
 1087      727400
 1088              	.LASF54:
 1089 02be 476C6F77 		.ascii	"Glowglowplugs\000"
 1089      676C6F77 
 1089      706C7567 
 1089      7300
 1090              	.LASF32:
 1091 02cc 52504D5F 		.ascii	"RPM_Count\000"
 1091      436F756E 
 1091      7400
 1092              	.LASF49:
 1093 02d6 476C6F77 		.ascii	"Glow_Plug_pin_Write\000"
 1093      5F506C75 
 1093      675F7069 
ARM GAS  C:\Users\Joshua\AppData\Local\Temp\ccNZkcxY.s 			page 24


 1093      6E5F5772 
 1093      69746500 
 1094              	.LASF22:
 1095 02ea 6D617373 		.ascii	"mass_air_voltage\000"
 1095      5F616972 
 1095      5F766F6C 
 1095      74616765 
 1095      00
 1096              	.LASF30:
 1097 02fb 54656D70 		.ascii	"Temp\000"
 1097      00
 1098              	.LASF17:
 1099 0300 73697A65 		.ascii	"sizetype\000"
 1099      74797065 
 1099      00
 1100              	.LASF6:
 1101 0309 6C6F6E67 		.ascii	"long long int\000"
 1101      206C6F6E 
 1101      6720696E 
 1101      7400
 1102              	.LASF58:
 1103 0317 6D61696E 		.ascii	"main.c\000"
 1103      2E6300
 1104              	.LASF15:
 1105 031e 63686172 		.ascii	"char\000"
 1105      00
 1106              	.LASF38:
 1107 0323 54696D65 		.ascii	"Timer_1_Start\000"
 1107      725F315F 
 1107      53746172 
 1107      7400
 1108              	.LASF60:
 1109 0331 6D61696E 		.ascii	"main\000"
 1109      00
 1110              	.LASF52:
 1111 0336 43686563 		.ascii	"CheckTemp\000"
 1111      6B54656D 
 1111      7000
 1112              	.LASF20:
 1113 0340 66726571 		.ascii	"freq\000"
 1113      00
 1114              	.LASF48:
 1115 0345 476C6F77 		.ascii	"Glow_plug_indicator_Write\000"
 1115      5F706C75 
 1115      675F696E 
 1115      64696361 
 1115      746F725F 
 1116              	.LASF51:
 1117 035f 47657454 		.ascii	"GetTemp\000"
 1117      656D7000 
 1118              	.LASF2:
 1119 0367 73686F72 		.ascii	"short int\000"
 1119      7420696E 
 1119      7400
 1120              	.LASF4:
 1121 0371 6C6F6E67 		.ascii	"long int\000"
 1121      20696E74 
ARM GAS  C:\Users\Joshua\AppData\Local\Temp\ccNZkcxY.s 			page 25


 1121      00
 1122              	.LASF42:
 1123 037a 4144435F 		.ascii	"ADC_DelSig_1_StartConvert\000"
 1123      44656C53 
 1123      69675F31 
 1123      5F537461 
 1123      7274436F 
 1124              	.LASF29:
 1125 0394 476C6F77 		.ascii	"GlowPlugsCycle\000"
 1125      506C7567 
 1125      73437963 
 1125      6C6500
 1126              	.LASF0:
 1127 03a3 7369676E 		.ascii	"signed char\000"
 1127      65642063 
 1127      68617200 
 1128              	.LASF33:
 1129 03af 66616E5F 		.ascii	"fan_state\000"
 1129      73746174 
 1129      6500
 1130              	.LASF46:
 1131 03b9 50574D5F 		.ascii	"PWM_1_FANCONTROLLER_Enable\000"
 1131      315F4641 
 1131      4E434F4E 
 1131      54524F4C 
 1131      4C45525F 
 1132              	.LASF53:
 1133 03d4 43794465 		.ascii	"CyDelay\000"
 1133      6C617900 
 1134              	.LASF31:
 1135 03dc 6D617373 		.ascii	"mass_voltage\000"
 1135      5F766F6C 
 1135      74616765 
 1135      00
 1136              		.ident	"GCC: (GNU Tools for ARM Embedded Processors) 5.4.1 20160609 (release) [ARM/embedded-5-bran
