ARM GAS  C:\Users\Joshua\AppData\Local\Temp\ccWvVS24.s 			page 1


   1              		.syntax unified
   2              		.cpu cortex-m3
   3              		.fpu softvfp
   4              		.eabi_attribute 20, 1
   5              		.eabi_attribute 21, 1
   6              		.eabi_attribute 23, 3
   7              		.eabi_attribute 24, 1
   8              		.eabi_attribute 25, 1
   9              		.eabi_attribute 26, 1
  10              		.eabi_attribute 30, 1
  11              		.eabi_attribute 34, 1
  12              		.eabi_attribute 18, 4
  13              		.thumb
  14              		.syntax unified
  15              		.file	"measurement.c"
  16              		.text
  17              	.Ltext0:
  18              		.cfi_sections	.debug_frame
  19              		.section	.text.MeasureResistorVoltage,"ax",%progbits
  20              		.align	2
  21              		.global	MeasureResistorVoltage
  22              		.thumb
  23              		.thumb_func
  24              		.type	MeasureResistorVoltage, %function
  25              	MeasureResistorVoltage:
  26              	.LFB64:
  27              		.file 1 "measurement.c"
   1:measurement.c **** /* ========================================
   2:measurement.c ****  *
   3:measurement.c ****  * Copyright YOUR COMPANY, THE YEAR
   4:measurement.c ****  * All Rights Reserved
   5:measurement.c ****  * UNPUBLISHED, LICENSED SOFTWARE.
   6:measurement.c ****  *
   7:measurement.c ****  * CONFIDENTIAL AND PROPRIETARY INFORMATION
   8:measurement.c ****  * WHICH IS THE PROPERTY OF your company.
   9:measurement.c ****  *
  10:measurement.c ****  * ========================================
  11:measurement.c **** */
  12:measurement.c **** 
  13:measurement.c **** #include <macros.h>
  14:measurement.c **** int32 MeasureResistorVoltage(uint8 channel){
  28              		.loc 1 14 0
  29              		.cfi_startproc
  30              		@ args = 0, pretend = 0, frame = 0
  31              		@ frame_needed = 0, uses_anonymous_args = 0
  32              	.LVL0:
  33 0000 38B5     		push	{r3, r4, r5, lr}
  34              		.cfi_def_cfa_offset 16
  35              		.cfi_offset 3, -16
  36              		.cfi_offset 4, -12
  37              		.cfi_offset 5, -8
  38              		.cfi_offset 14, -4
  39 0002 0546     		mov	r5, r0
  15:measurement.c ****     //voltage across resistor
  16:measurement.c ****     int32 result;
  17:measurement.c ****     
  18:measurement.c ****     //offset voltage
ARM GAS  C:\Users\Joshua\AppData\Local\Temp\ccWvVS24.s 			page 2


  19:measurement.c ****     int32 offset;
  20:measurement.c ****     
  21:measurement.c ****     //select correct AMUX channel
  22:measurement.c ****     AMux_1_FastSelect(channel);
  40              		.loc 1 22 0
  41 0004 FFF7FEFF 		bl	AMux_1_FastSelect
  42              	.LVL1:
  23:measurement.c ****     
  24:measurement.c ****     //read voltage accross resistor
  25:measurement.c ****     ADC_DelSig_1_StartConvert();
  43              		.loc 1 25 0
  44 0008 FFF7FEFF 		bl	ADC_DelSig_1_StartConvert
  45              	.LVL2:
  26:measurement.c ****     
  27:measurement.c ****     ADC_DelSig_1_IsEndConversion(ADC_DelSig_1_WAIT_FOR_RESULT);
  46              		.loc 1 27 0
  47 000c 0020     		movs	r0, #0
  48 000e FFF7FEFF 		bl	ADC_DelSig_1_IsEndConversion
  49              	.LVL3:
  28:measurement.c ****     result = ADC_DelSig_1_GetResult32();
  50              		.loc 1 28 0
  51 0012 FFF7FEFF 		bl	ADC_DelSig_1_GetResult32
  52              	.LVL4:
  53 0016 0446     		mov	r4, r0
  54              	.LVL5:
  29:measurement.c ****     
  30:measurement.c ****     //get  the offset voltage
  31:measurement.c ****     offset=GetOffset();
  55              		.loc 1 31 0
  56 0018 FFF7FEFF 		bl	GetOffset
  57              	.LVL6:
  32:measurement.c ****     
  33:measurement.c ****     //get CDS differance
  34:measurement.c ****     result = result-offset;
  35:measurement.c ****     
  36:measurement.c ****     //filter the signal
  37:measurement.c ****     result = FilterSignal(result,channel);
  58              		.loc 1 37 0
  59 001c 2946     		mov	r1, r5
  60 001e 201A     		subs	r0, r4, r0
  61              	.LVL7:
  62 0020 FFF7FEFF 		bl	FilterSignal
  63              	.LVL8:
  38:measurement.c ****     
  39:measurement.c ****     return result;
  40:measurement.c **** }
  64              		.loc 1 40 0
  65 0024 38BD     		pop	{r3, r4, r5, pc}
  66              		.cfi_endproc
  67              	.LFE64:
  68              		.size	MeasureResistorVoltage, .-MeasureResistorVoltage
  69 0026 00BF     		.text
  70              	.Letext0:
  71              		.file 2 "c:\\program files (x86)\\cypress\\psoc creator\\4.1\\psoc creator\\import\\gnu\\arm\\5.4.
  72              		.file 3 "c:\\program files (x86)\\cypress\\psoc creator\\4.1\\psoc creator\\import\\gnu\\arm\\5.4.
  73              		.file 4 "Generated_Source\\PSoC5/cytypes.h"
  74              		.file 5 "Generated_Source\\PSoC5/AMux_1.h"
ARM GAS  C:\Users\Joshua\AppData\Local\Temp\ccWvVS24.s 			page 3


  75              		.file 6 "Generated_Source\\PSoC5/ADC_DelSig_1.h"
  76              		.file 7 "./removeOffsetNoise.h"
  77              		.file 8 "Generated_Source\\PSoC5/core_cm3.h"
  78              		.section	.debug_info,"",%progbits
  79              	.Ldebug_info0:
  80 0000 A5010000 		.4byte	0x1a5
  81 0004 0400     		.2byte	0x4
  82 0006 00000000 		.4byte	.Ldebug_abbrev0
  83 000a 04       		.byte	0x4
  84 000b 01       		.uleb128 0x1
  85 000c 64000000 		.4byte	.LASF26
  86 0010 0C       		.byte	0xc
  87 0011 3C000000 		.4byte	.LASF27
  88 0015 1C010000 		.4byte	.LASF28
  89 0019 00000000 		.4byte	.Ldebug_ranges0+0
  90 001d 00000000 		.4byte	0
  91 0021 00000000 		.4byte	.Ldebug_line0
  92 0025 02       		.uleb128 0x2
  93 0026 01       		.byte	0x1
  94 0027 06       		.byte	0x6
  95 0028 44020000 		.4byte	.LASF0
  96 002c 02       		.uleb128 0x2
  97 002d 01       		.byte	0x1
  98 002e 08       		.byte	0x8
  99 002f 56000000 		.4byte	.LASF1
 100 0033 02       		.uleb128 0x2
 101 0034 02       		.byte	0x2
 102 0035 05       		.byte	0x5
 103 0036 EE010000 		.4byte	.LASF2
 104 003a 02       		.uleb128 0x2
 105 003b 02       		.byte	0x2
 106 003c 07       		.byte	0x7
 107 003d 29000000 		.4byte	.LASF3
 108 0041 03       		.uleb128 0x3
 109 0042 1F000000 		.4byte	.LASF9
 110 0046 02       		.byte	0x2
 111 0047 3F       		.byte	0x3f
 112 0048 4C000000 		.4byte	0x4c
 113 004c 02       		.uleb128 0x2
 114 004d 04       		.byte	0x4
 115 004e 05       		.byte	0x5
 116 004f 15020000 		.4byte	.LASF4
 117 0053 02       		.uleb128 0x2
 118 0054 04       		.byte	0x4
 119 0055 07       		.byte	0x7
 120 0056 04010000 		.4byte	.LASF5
 121 005a 02       		.uleb128 0x2
 122 005b 08       		.byte	0x8
 123 005c 05       		.byte	0x5
 124 005d D4010000 		.4byte	.LASF6
 125 0061 02       		.uleb128 0x2
 126 0062 08       		.byte	0x8
 127 0063 07       		.byte	0x7
 128 0064 7F010000 		.4byte	.LASF7
 129 0068 04       		.uleb128 0x4
 130 0069 04       		.byte	0x4
 131 006a 05       		.byte	0x5
ARM GAS  C:\Users\Joshua\AppData\Local\Temp\ccWvVS24.s 			page 4


 132 006b 696E7400 		.ascii	"int\000"
 133 006f 02       		.uleb128 0x2
 134 0070 04       		.byte	0x4
 135 0071 07       		.byte	0x7
 136 0072 72010000 		.4byte	.LASF8
 137 0076 03       		.uleb128 0x3
 138 0077 C3010000 		.4byte	.LASF10
 139 007b 03       		.byte	0x3
 140 007c 2C       		.byte	0x2c
 141 007d 41000000 		.4byte	0x41
 142 0081 05       		.uleb128 0x5
 143 0082 50000000 		.4byte	.LASF11
 144 0086 04       		.byte	0x4
 145 0087 9201     		.2byte	0x192
 146 0089 2C000000 		.4byte	0x2c
 147 008d 05       		.uleb128 0x5
 148 008e 16010000 		.4byte	.LASF12
 149 0092 04       		.byte	0x4
 150 0093 9701     		.2byte	0x197
 151 0095 4C000000 		.4byte	0x4c
 152 0099 02       		.uleb128 0x2
 153 009a 04       		.byte	0x4
 154 009b 04       		.byte	0x4
 155 009c 4A000000 		.4byte	.LASF13
 156 00a0 02       		.uleb128 0x2
 157 00a1 08       		.byte	0x8
 158 00a2 04       		.byte	0x4
 159 00a3 6B010000 		.4byte	.LASF14
 160 00a7 02       		.uleb128 0x2
 161 00a8 01       		.byte	0x1
 162 00a9 08       		.byte	0x8
 163 00aa E2010000 		.4byte	.LASF15
 164 00ae 02       		.uleb128 0x2
 165 00af 08       		.byte	0x8
 166 00b0 04       		.byte	0x4
 167 00b1 38020000 		.4byte	.LASF16
 168 00b5 02       		.uleb128 0x2
 169 00b6 04       		.byte	0x4
 170 00b7 07       		.byte	0x7
 171 00b8 CB010000 		.4byte	.LASF17
 172 00bc 06       		.uleb128 0x6
 173 00bd 08000000 		.4byte	.LASF29
 174 00c1 01       		.byte	0x1
 175 00c2 0E       		.byte	0xe
 176 00c3 8D000000 		.4byte	0x8d
 177 00c7 00000000 		.4byte	.LFB64
 178 00cb 26000000 		.4byte	.LFE64-.LFB64
 179 00cf 01       		.uleb128 0x1
 180 00d0 9C       		.byte	0x9c
 181 00d1 55010000 		.4byte	0x155
 182 00d5 07       		.uleb128 0x7
 183 00d6 00000000 		.4byte	.LASF30
 184 00da 01       		.byte	0x1
 185 00db 0E       		.byte	0xe
 186 00dc 81000000 		.4byte	0x81
 187 00e0 00000000 		.4byte	.LLST0
 188 00e4 08       		.uleb128 0x8
ARM GAS  C:\Users\Joshua\AppData\Local\Temp\ccWvVS24.s 			page 5


 189 00e5 AF010000 		.4byte	.LASF18
 190 00e9 01       		.byte	0x1
 191 00ea 10       		.byte	0x10
 192 00eb 8D000000 		.4byte	0x8d
 193 00ef 21000000 		.4byte	.LLST1
 194 00f3 08       		.uleb128 0x8
 195 00f4 E7010000 		.4byte	.LASF19
 196 00f8 01       		.byte	0x1
 197 00f9 13       		.byte	0x13
 198 00fa 8D000000 		.4byte	0x8d
 199 00fe 65000000 		.4byte	.LLST2
 200 0102 09       		.uleb128 0x9
 201 0103 08000000 		.4byte	.LVL1
 202 0107 66010000 		.4byte	0x166
 203 010b 16010000 		.4byte	0x116
 204 010f 0A       		.uleb128 0xa
 205 0110 01       		.uleb128 0x1
 206 0111 50       		.byte	0x50
 207 0112 02       		.uleb128 0x2
 208 0113 75       		.byte	0x75
 209 0114 00       		.sleb128 0
 210 0115 00       		.byte	0
 211 0116 0B       		.uleb128 0xb
 212 0117 0C000000 		.4byte	.LVL2
 213 011b 71010000 		.4byte	0x171
 214 011f 09       		.uleb128 0x9
 215 0120 12000000 		.4byte	.LVL3
 216 0124 7C010000 		.4byte	0x17c
 217 0128 32010000 		.4byte	0x132
 218 012c 0A       		.uleb128 0xa
 219 012d 01       		.uleb128 0x1
 220 012e 50       		.byte	0x50
 221 012f 01       		.uleb128 0x1
 222 0130 30       		.byte	0x30
 223 0131 00       		.byte	0
 224 0132 0B       		.uleb128 0xb
 225 0133 16000000 		.4byte	.LVL4
 226 0137 87010000 		.4byte	0x187
 227 013b 0B       		.uleb128 0xb
 228 013c 1C000000 		.4byte	.LVL6
 229 0140 92010000 		.4byte	0x192
 230 0144 0C       		.uleb128 0xc
 231 0145 24000000 		.4byte	.LVL8
 232 0149 9D010000 		.4byte	0x19d
 233 014d 0A       		.uleb128 0xa
 234 014e 01       		.uleb128 0x1
 235 014f 51       		.byte	0x51
 236 0150 02       		.uleb128 0x2
 237 0151 75       		.byte	0x75
 238 0152 00       		.sleb128 0
 239 0153 00       		.byte	0
 240 0154 00       		.byte	0
 241 0155 0D       		.uleb128 0xd
 242 0156 5E010000 		.4byte	.LASF31
 243 015a 08       		.byte	0x8
 244 015b 1207     		.2byte	0x712
 245 015d 61010000 		.4byte	0x161
ARM GAS  C:\Users\Joshua\AppData\Local\Temp\ccWvVS24.s 			page 6


 246 0161 0E       		.uleb128 0xe
 247 0162 76000000 		.4byte	0x76
 248 0166 0F       		.uleb128 0xf
 249 0167 F2000000 		.4byte	.LASF20
 250 016b F2000000 		.4byte	.LASF20
 251 016f 05       		.byte	0x5
 252 0170 27       		.byte	0x27
 253 0171 0F       		.uleb128 0xf
 254 0172 1E020000 		.4byte	.LASF21
 255 0176 1E020000 		.4byte	.LASF21
 256 017a 06       		.byte	0x6
 257 017b 3D       		.byte	0x3d
 258 017c 0F       		.uleb128 0xf
 259 017d F8010000 		.4byte	.LASF22
 260 0181 F8010000 		.4byte	.LASF22
 261 0185 06       		.byte	0x6
 262 0186 3F       		.byte	0x3f
 263 0187 0F       		.uleb128 0xf
 264 0188 96010000 		.4byte	.LASF23
 265 018c 96010000 		.4byte	.LASF23
 266 0190 06       		.byte	0x6
 267 0191 42       		.byte	0x42
 268 0192 0F       		.uleb128 0xf
 269 0193 50020000 		.4byte	.LASF24
 270 0197 50020000 		.4byte	.LASF24
 271 019b 07       		.byte	0x7
 272 019c 16       		.byte	0x16
 273 019d 0F       		.uleb128 0xf
 274 019e B6010000 		.4byte	.LASF25
 275 01a2 B6010000 		.4byte	.LASF25
 276 01a6 07       		.byte	0x7
 277 01a7 12       		.byte	0x12
 278 01a8 00       		.byte	0
 279              		.section	.debug_abbrev,"",%progbits
 280              	.Ldebug_abbrev0:
 281 0000 01       		.uleb128 0x1
 282 0001 11       		.uleb128 0x11
 283 0002 01       		.byte	0x1
 284 0003 25       		.uleb128 0x25
 285 0004 0E       		.uleb128 0xe
 286 0005 13       		.uleb128 0x13
 287 0006 0B       		.uleb128 0xb
 288 0007 03       		.uleb128 0x3
 289 0008 0E       		.uleb128 0xe
 290 0009 1B       		.uleb128 0x1b
 291 000a 0E       		.uleb128 0xe
 292 000b 55       		.uleb128 0x55
 293 000c 17       		.uleb128 0x17
 294 000d 11       		.uleb128 0x11
 295 000e 01       		.uleb128 0x1
 296 000f 10       		.uleb128 0x10
 297 0010 17       		.uleb128 0x17
 298 0011 00       		.byte	0
 299 0012 00       		.byte	0
 300 0013 02       		.uleb128 0x2
 301 0014 24       		.uleb128 0x24
 302 0015 00       		.byte	0
ARM GAS  C:\Users\Joshua\AppData\Local\Temp\ccWvVS24.s 			page 7


 303 0016 0B       		.uleb128 0xb
 304 0017 0B       		.uleb128 0xb
 305 0018 3E       		.uleb128 0x3e
 306 0019 0B       		.uleb128 0xb
 307 001a 03       		.uleb128 0x3
 308 001b 0E       		.uleb128 0xe
 309 001c 00       		.byte	0
 310 001d 00       		.byte	0
 311 001e 03       		.uleb128 0x3
 312 001f 16       		.uleb128 0x16
 313 0020 00       		.byte	0
 314 0021 03       		.uleb128 0x3
 315 0022 0E       		.uleb128 0xe
 316 0023 3A       		.uleb128 0x3a
 317 0024 0B       		.uleb128 0xb
 318 0025 3B       		.uleb128 0x3b
 319 0026 0B       		.uleb128 0xb
 320 0027 49       		.uleb128 0x49
 321 0028 13       		.uleb128 0x13
 322 0029 00       		.byte	0
 323 002a 00       		.byte	0
 324 002b 04       		.uleb128 0x4
 325 002c 24       		.uleb128 0x24
 326 002d 00       		.byte	0
 327 002e 0B       		.uleb128 0xb
 328 002f 0B       		.uleb128 0xb
 329 0030 3E       		.uleb128 0x3e
 330 0031 0B       		.uleb128 0xb
 331 0032 03       		.uleb128 0x3
 332 0033 08       		.uleb128 0x8
 333 0034 00       		.byte	0
 334 0035 00       		.byte	0
 335 0036 05       		.uleb128 0x5
 336 0037 16       		.uleb128 0x16
 337 0038 00       		.byte	0
 338 0039 03       		.uleb128 0x3
 339 003a 0E       		.uleb128 0xe
 340 003b 3A       		.uleb128 0x3a
 341 003c 0B       		.uleb128 0xb
 342 003d 3B       		.uleb128 0x3b
 343 003e 05       		.uleb128 0x5
 344 003f 49       		.uleb128 0x49
 345 0040 13       		.uleb128 0x13
 346 0041 00       		.byte	0
 347 0042 00       		.byte	0
 348 0043 06       		.uleb128 0x6
 349 0044 2E       		.uleb128 0x2e
 350 0045 01       		.byte	0x1
 351 0046 3F       		.uleb128 0x3f
 352 0047 19       		.uleb128 0x19
 353 0048 03       		.uleb128 0x3
 354 0049 0E       		.uleb128 0xe
 355 004a 3A       		.uleb128 0x3a
 356 004b 0B       		.uleb128 0xb
 357 004c 3B       		.uleb128 0x3b
 358 004d 0B       		.uleb128 0xb
 359 004e 27       		.uleb128 0x27
ARM GAS  C:\Users\Joshua\AppData\Local\Temp\ccWvVS24.s 			page 8


 360 004f 19       		.uleb128 0x19
 361 0050 49       		.uleb128 0x49
 362 0051 13       		.uleb128 0x13
 363 0052 11       		.uleb128 0x11
 364 0053 01       		.uleb128 0x1
 365 0054 12       		.uleb128 0x12
 366 0055 06       		.uleb128 0x6
 367 0056 40       		.uleb128 0x40
 368 0057 18       		.uleb128 0x18
 369 0058 9742     		.uleb128 0x2117
 370 005a 19       		.uleb128 0x19
 371 005b 01       		.uleb128 0x1
 372 005c 13       		.uleb128 0x13
 373 005d 00       		.byte	0
 374 005e 00       		.byte	0
 375 005f 07       		.uleb128 0x7
 376 0060 05       		.uleb128 0x5
 377 0061 00       		.byte	0
 378 0062 03       		.uleb128 0x3
 379 0063 0E       		.uleb128 0xe
 380 0064 3A       		.uleb128 0x3a
 381 0065 0B       		.uleb128 0xb
 382 0066 3B       		.uleb128 0x3b
 383 0067 0B       		.uleb128 0xb
 384 0068 49       		.uleb128 0x49
 385 0069 13       		.uleb128 0x13
 386 006a 02       		.uleb128 0x2
 387 006b 17       		.uleb128 0x17
 388 006c 00       		.byte	0
 389 006d 00       		.byte	0
 390 006e 08       		.uleb128 0x8
 391 006f 34       		.uleb128 0x34
 392 0070 00       		.byte	0
 393 0071 03       		.uleb128 0x3
 394 0072 0E       		.uleb128 0xe
 395 0073 3A       		.uleb128 0x3a
 396 0074 0B       		.uleb128 0xb
 397 0075 3B       		.uleb128 0x3b
 398 0076 0B       		.uleb128 0xb
 399 0077 49       		.uleb128 0x49
 400 0078 13       		.uleb128 0x13
 401 0079 02       		.uleb128 0x2
 402 007a 17       		.uleb128 0x17
 403 007b 00       		.byte	0
 404 007c 00       		.byte	0
 405 007d 09       		.uleb128 0x9
 406 007e 898201   		.uleb128 0x4109
 407 0081 01       		.byte	0x1
 408 0082 11       		.uleb128 0x11
 409 0083 01       		.uleb128 0x1
 410 0084 31       		.uleb128 0x31
 411 0085 13       		.uleb128 0x13
 412 0086 01       		.uleb128 0x1
 413 0087 13       		.uleb128 0x13
 414 0088 00       		.byte	0
 415 0089 00       		.byte	0
 416 008a 0A       		.uleb128 0xa
ARM GAS  C:\Users\Joshua\AppData\Local\Temp\ccWvVS24.s 			page 9


 417 008b 8A8201   		.uleb128 0x410a
 418 008e 00       		.byte	0
 419 008f 02       		.uleb128 0x2
 420 0090 18       		.uleb128 0x18
 421 0091 9142     		.uleb128 0x2111
 422 0093 18       		.uleb128 0x18
 423 0094 00       		.byte	0
 424 0095 00       		.byte	0
 425 0096 0B       		.uleb128 0xb
 426 0097 898201   		.uleb128 0x4109
 427 009a 00       		.byte	0
 428 009b 11       		.uleb128 0x11
 429 009c 01       		.uleb128 0x1
 430 009d 31       		.uleb128 0x31
 431 009e 13       		.uleb128 0x13
 432 009f 00       		.byte	0
 433 00a0 00       		.byte	0
 434 00a1 0C       		.uleb128 0xc
 435 00a2 898201   		.uleb128 0x4109
 436 00a5 01       		.byte	0x1
 437 00a6 11       		.uleb128 0x11
 438 00a7 01       		.uleb128 0x1
 439 00a8 31       		.uleb128 0x31
 440 00a9 13       		.uleb128 0x13
 441 00aa 00       		.byte	0
 442 00ab 00       		.byte	0
 443 00ac 0D       		.uleb128 0xd
 444 00ad 34       		.uleb128 0x34
 445 00ae 00       		.byte	0
 446 00af 03       		.uleb128 0x3
 447 00b0 0E       		.uleb128 0xe
 448 00b1 3A       		.uleb128 0x3a
 449 00b2 0B       		.uleb128 0xb
 450 00b3 3B       		.uleb128 0x3b
 451 00b4 05       		.uleb128 0x5
 452 00b5 49       		.uleb128 0x49
 453 00b6 13       		.uleb128 0x13
 454 00b7 3F       		.uleb128 0x3f
 455 00b8 19       		.uleb128 0x19
 456 00b9 3C       		.uleb128 0x3c
 457 00ba 19       		.uleb128 0x19
 458 00bb 00       		.byte	0
 459 00bc 00       		.byte	0
 460 00bd 0E       		.uleb128 0xe
 461 00be 35       		.uleb128 0x35
 462 00bf 00       		.byte	0
 463 00c0 49       		.uleb128 0x49
 464 00c1 13       		.uleb128 0x13
 465 00c2 00       		.byte	0
 466 00c3 00       		.byte	0
 467 00c4 0F       		.uleb128 0xf
 468 00c5 2E       		.uleb128 0x2e
 469 00c6 00       		.byte	0
 470 00c7 3F       		.uleb128 0x3f
 471 00c8 19       		.uleb128 0x19
 472 00c9 3C       		.uleb128 0x3c
 473 00ca 19       		.uleb128 0x19
ARM GAS  C:\Users\Joshua\AppData\Local\Temp\ccWvVS24.s 			page 10


 474 00cb 6E       		.uleb128 0x6e
 475 00cc 0E       		.uleb128 0xe
 476 00cd 03       		.uleb128 0x3
 477 00ce 0E       		.uleb128 0xe
 478 00cf 3A       		.uleb128 0x3a
 479 00d0 0B       		.uleb128 0xb
 480 00d1 3B       		.uleb128 0x3b
 481 00d2 0B       		.uleb128 0xb
 482 00d3 00       		.byte	0
 483 00d4 00       		.byte	0
 484 00d5 00       		.byte	0
 485              		.section	.debug_loc,"",%progbits
 486              	.Ldebug_loc0:
 487              	.LLST0:
 488 0000 00000000 		.4byte	.LVL0
 489 0004 07000000 		.4byte	.LVL1-1
 490 0008 0100     		.2byte	0x1
 491 000a 50       		.byte	0x50
 492 000b 07000000 		.4byte	.LVL1-1
 493 000f 26000000 		.4byte	.LFE64
 494 0013 0400     		.2byte	0x4
 495 0015 F3       		.byte	0xf3
 496 0016 01       		.uleb128 0x1
 497 0017 50       		.byte	0x50
 498 0018 9F       		.byte	0x9f
 499 0019 00000000 		.4byte	0
 500 001d 00000000 		.4byte	0
 501              	.LLST1:
 502 0021 18000000 		.4byte	.LVL5
 503 0025 1B000000 		.4byte	.LVL6-1
 504 0029 0100     		.2byte	0x1
 505 002b 50       		.byte	0x50
 506 002c 1B000000 		.4byte	.LVL6-1
 507 0030 1C000000 		.4byte	.LVL6
 508 0034 0100     		.2byte	0x1
 509 0036 54       		.byte	0x54
 510 0037 1C000000 		.4byte	.LVL6
 511 003b 20000000 		.4byte	.LVL7
 512 003f 0600     		.2byte	0x6
 513 0041 74       		.byte	0x74
 514 0042 00       		.sleb128 0
 515 0043 70       		.byte	0x70
 516 0044 00       		.sleb128 0
 517 0045 1C       		.byte	0x1c
 518 0046 9F       		.byte	0x9f
 519 0047 20000000 		.4byte	.LVL7
 520 004b 23000000 		.4byte	.LVL8-1
 521 004f 0100     		.2byte	0x1
 522 0051 50       		.byte	0x50
 523 0052 24000000 		.4byte	.LVL8
 524 0056 26000000 		.4byte	.LFE64
 525 005a 0100     		.2byte	0x1
 526 005c 50       		.byte	0x50
 527 005d 00000000 		.4byte	0
 528 0061 00000000 		.4byte	0
 529              	.LLST2:
 530 0065 1C000000 		.4byte	.LVL6
ARM GAS  C:\Users\Joshua\AppData\Local\Temp\ccWvVS24.s 			page 11


 531 0069 20000000 		.4byte	.LVL7
 532 006d 0100     		.2byte	0x1
 533 006f 50       		.byte	0x50
 534 0070 00000000 		.4byte	0
 535 0074 00000000 		.4byte	0
 536              		.section	.debug_aranges,"",%progbits
 537 0000 1C000000 		.4byte	0x1c
 538 0004 0200     		.2byte	0x2
 539 0006 00000000 		.4byte	.Ldebug_info0
 540 000a 04       		.byte	0x4
 541 000b 00       		.byte	0
 542 000c 0000     		.2byte	0
 543 000e 0000     		.2byte	0
 544 0010 00000000 		.4byte	.LFB64
 545 0014 26000000 		.4byte	.LFE64-.LFB64
 546 0018 00000000 		.4byte	0
 547 001c 00000000 		.4byte	0
 548              		.section	.debug_ranges,"",%progbits
 549              	.Ldebug_ranges0:
 550 0000 00000000 		.4byte	.LFB64
 551 0004 26000000 		.4byte	.LFE64
 552 0008 00000000 		.4byte	0
 553 000c 00000000 		.4byte	0
 554              		.section	.debug_line,"",%progbits
 555              	.Ldebug_line0:
 556 0000 A6010000 		.section	.debug_str,"MS",%progbits,1
 556      02008A01 
 556      00000201 
 556      FB0E0D00 
 556      01010101 
 557              	.LASF30:
 558 0000 6368616E 		.ascii	"channel\000"
 558      6E656C00 
 559              	.LASF29:
 560 0008 4D656173 		.ascii	"MeasureResistorVoltage\000"
 560      75726552 
 560      65736973 
 560      746F7256 
 560      6F6C7461 
 561              	.LASF9:
 562 001f 5F5F696E 		.ascii	"__int32_t\000"
 562      7433325F 
 562      7400
 563              	.LASF3:
 564 0029 73686F72 		.ascii	"short unsigned int\000"
 564      7420756E 
 564      7369676E 
 564      65642069 
 564      6E7400
 565              	.LASF27:
 566 003c 6D656173 		.ascii	"measurement.c\000"
 566      7572656D 
 566      656E742E 
 566      6300
 567              	.LASF13:
 568 004a 666C6F61 		.ascii	"float\000"
 568      7400
ARM GAS  C:\Users\Joshua\AppData\Local\Temp\ccWvVS24.s 			page 12


 569              	.LASF11:
 570 0050 75696E74 		.ascii	"uint8\000"
 570      3800
 571              	.LASF1:
 572 0056 756E7369 		.ascii	"unsigned char\000"
 572      676E6564 
 572      20636861 
 572      7200
 573              	.LASF26:
 574 0064 474E5520 		.ascii	"GNU C11 5.4.1 20160609 (release) [ARM/embedded-5-br"
 574      43313120 
 574      352E342E 
 574      31203230 
 574      31363036 
 575 0097 616E6368 		.ascii	"anch revision 237715] -mcpu=cortex-m3 -mthumb -g -O"
 575      20726576 
 575      6973696F 
 575      6E203233 
 575      37373135 
 576 00ca 67202D66 		.ascii	"g -ffunction-sections -ffat-lto-objects\000"
 576      66756E63 
 576      74696F6E 
 576      2D736563 
 576      74696F6E 
 577              	.LASF20:
 578 00f2 414D7578 		.ascii	"AMux_1_FastSelect\000"
 578      5F315F46 
 578      61737453 
 578      656C6563 
 578      7400
 579              	.LASF5:
 580 0104 6C6F6E67 		.ascii	"long unsigned int\000"
 580      20756E73 
 580      69676E65 
 580      6420696E 
 580      7400
 581              	.LASF12:
 582 0116 696E7433 		.ascii	"int32\000"
 582      3200
 583              	.LASF28:
 584 011c 433A5C55 		.ascii	"C:\\Users\\Joshua\\Documents\\PSoC Creator\\Workspa"
 584      73657273 
 584      5C4A6F73 
 584      6875615C 
 584      446F6375 
 585 014a 63653031 		.ascii	"ce01\\Design01.cydsn\000"
 585      5C446573 
 585      69676E30 
 585      312E6379 
 585      64736E00 
 586              	.LASF31:
 587 015e 49544D5F 		.ascii	"ITM_RxBuffer\000"
 587      52784275 
 587      66666572 
 587      00
 588              	.LASF14:
 589 016b 646F7562 		.ascii	"double\000"
ARM GAS  C:\Users\Joshua\AppData\Local\Temp\ccWvVS24.s 			page 13


 589      6C6500
 590              	.LASF8:
 591 0172 756E7369 		.ascii	"unsigned int\000"
 591      676E6564 
 591      20696E74 
 591      00
 592              	.LASF7:
 593 017f 6C6F6E67 		.ascii	"long long unsigned int\000"
 593      206C6F6E 
 593      6720756E 
 593      7369676E 
 593      65642069 
 594              	.LASF23:
 595 0196 4144435F 		.ascii	"ADC_DelSig_1_GetResult32\000"
 595      44656C53 
 595      69675F31 
 595      5F476574 
 595      52657375 
 596              	.LASF18:
 597 01af 72657375 		.ascii	"result\000"
 597      6C7400
 598              	.LASF25:
 599 01b6 46696C74 		.ascii	"FilterSignal\000"
 599      65725369 
 599      676E616C 
 599      00
 600              	.LASF10:
 601 01c3 696E7433 		.ascii	"int32_t\000"
 601      325F7400 
 602              	.LASF17:
 603 01cb 73697A65 		.ascii	"sizetype\000"
 603      74797065 
 603      00
 604              	.LASF6:
 605 01d4 6C6F6E67 		.ascii	"long long int\000"
 605      206C6F6E 
 605      6720696E 
 605      7400
 606              	.LASF15:
 607 01e2 63686172 		.ascii	"char\000"
 607      00
 608              	.LASF19:
 609 01e7 6F666673 		.ascii	"offset\000"
 609      657400
 610              	.LASF2:
 611 01ee 73686F72 		.ascii	"short int\000"
 611      7420696E 
 611      7400
 612              	.LASF22:
 613 01f8 4144435F 		.ascii	"ADC_DelSig_1_IsEndConversion\000"
 613      44656C53 
 613      69675F31 
 613      5F497345 
 613      6E64436F 
 614              	.LASF4:
 615 0215 6C6F6E67 		.ascii	"long int\000"
 615      20696E74 
ARM GAS  C:\Users\Joshua\AppData\Local\Temp\ccWvVS24.s 			page 14


 615      00
 616              	.LASF21:
 617 021e 4144435F 		.ascii	"ADC_DelSig_1_StartConvert\000"
 617      44656C53 
 617      69675F31 
 617      5F537461 
 617      7274436F 
 618              	.LASF16:
 619 0238 6C6F6E67 		.ascii	"long double\000"
 619      20646F75 
 619      626C6500 
 620              	.LASF0:
 621 0244 7369676E 		.ascii	"signed char\000"
 621      65642063 
 621      68617200 
 622              	.LASF24:
 623 0250 4765744F 		.ascii	"GetOffset\000"
 623      66667365 
 623      7400
 624              		.ident	"GCC: (GNU Tools for ARM Embedded Processors) 5.4.1 20160609 (release) [ARM/embedded-5-bran
