ARM GAS  C:\Users\Joshua\AppData\Local\Temp\ccDFzUka.s 			page 1


   1              		.syntax unified
   2              		.cpu cortex-m3
   3              		.fpu softvfp
   4              		.eabi_attribute 20, 1
   5              		.eabi_attribute 21, 1
   6              		.eabi_attribute 23, 3
   7              		.eabi_attribute 24, 1
   8              		.eabi_attribute 25, 1
   9              		.eabi_attribute 26, 1
  10              		.eabi_attribute 30, 1
  11              		.eabi_attribute 34, 1
  12              		.eabi_attribute 18, 4
  13              		.thumb
  14              		.syntax unified
  15              		.file	"removeOffsetNoise.c"
  16              		.text
  17              	.Ltext0:
  18              		.cfi_sections	.debug_frame
  19              		.section	.text.FilterSignal,"ax",%progbits
  20              		.align	2
  21              		.global	FilterSignal
  22              		.thumb
  23              		.thumb_func
  24              		.type	FilterSignal, %function
  25              	FilterSignal:
  26              	.LFB64:
  27              		.file 1 "removeOffsetNoise.c"
   1:removeOffsetNoise.c **** /* ========================================
   2:removeOffsetNoise.c ****  *
   3:removeOffsetNoise.c ****  * Copyright YOUR COMPANY, THE YEAR
   4:removeOffsetNoise.c ****  * All Rights Reserved
   5:removeOffsetNoise.c ****  * UNPUBLISHED, LICENSED SOFTWARE.
   6:removeOffsetNoise.c ****  *
   7:removeOffsetNoise.c ****  * CONFIDENTIAL AND PROPRIETARY INFORMATION
   8:removeOffsetNoise.c ****  * WHICH IS THE PROPERTY OF your company.
   9:removeOffsetNoise.c ****  *
  10:removeOffsetNoise.c ****  * ========================================
  11:removeOffsetNoise.c **** */
  12:removeOffsetNoise.c **** 
  13:removeOffsetNoise.c **** #include <removeOffsetNoise.h>
  14:removeOffsetNoise.c **** #include <measurement.h>
  15:removeOffsetNoise.c **** #include <device.h>
  16:removeOffsetNoise.c **** #include <macros.h>
  17:removeOffsetNoise.c **** 
  18:removeOffsetNoise.c **** int32 FilterSignal(int32 ADCSample , uint8 sensor){
  28              		.loc 1 18 0
  29              		.cfi_startproc
  30              		@ args = 0, pretend = 0, frame = 0
  31              		@ frame_needed = 0, uses_anonymous_args = 0
  32              		@ link register save eliminated.
  33              	.LVL0:
  19:removeOffsetNoise.c ****     static int32 filteredValue[NUM_SENSORS] = {0,0};
  20:removeOffsetNoise.c ****     int32 filValueRounded;
  21:removeOffsetNoise.c ****     ADCSample <<= MAX_FILTER_COEFF_SHIFT;
  34              		.loc 1 21 0
  35 0000 0002     		lsls	r0, r0, #8
  36              	.LVL1:
ARM GAS  C:\Users\Joshua\AppData\Local\Temp\ccDFzUka.s 			page 2


  22:removeOffsetNoise.c ****     if ((ADCSample > (filteredValue[sensor]+FILTER_FEEDFORWARD)) || (ADCSample<(filteredValue[senso
  37              		.loc 1 22 0
  38 0002 0D4B     		ldr	r3, .L5
  39 0004 53F82130 		ldr	r3, [r3, r1, lsl #2]
  40 0008 03F54852 		add	r2, r3, #12800
  41 000c 9042     		cmp	r0, r2
  42 000e 03DC     		bgt	.L2
  43              		.loc 1 22 0 is_stmt 0 discriminator 1
  44 0010 A3F54853 		sub	r3, r3, #12800
  45 0014 9842     		cmp	r0, r3
  46 0016 03DA     		bge	.L3
  47              	.L2:
  23:removeOffsetNoise.c ****         filteredValue[sensor]=ADCSample;
  48              		.loc 1 23 0 is_stmt 1
  49 0018 074B     		ldr	r3, .L5
  50 001a 43F82100 		str	r0, [r3, r1, lsl #2]
  51 001e 02E0     		b	.L4
  52              	.L3:
  24:removeOffsetNoise.c ****     }
  25:removeOffsetNoise.c ****    else{
  26:removeOffsetNoise.c ****     filteredValue[sensor]=filteredValue[sensor]+((ADCSample - filteredValue[sensor]) >> (RTD_FILTER
  53              		.loc 1 26 0
  54 0020 054B     		ldr	r3, .L5
  55 0022 43F82100 		str	r0, [r3, r1, lsl #2]
  56              	.L4:
  27:removeOffsetNoise.c **** }
  28:removeOffsetNoise.c ****    filValueRounded=(filteredValue[sensor]>>MAX_FILTER_COEFF_SHIFT)+((filteredValue[sensor] & 0x0000
  57              		.loc 1 28 0
  58 0026 044B     		ldr	r3, .L5
  59 0028 53F82130 		ldr	r3, [r3, r1, lsl #2]
  60 002c C3F3C010 		ubfx	r0, r3, #7, #1
  61              	.LVL2:
  29:removeOffsetNoise.c ****     return filValueRounded;
  30:removeOffsetNoise.c **** }
  62              		.loc 1 30 0
  63 0030 00EB2320 		add	r0, r0, r3, asr #8
  64              	.LVL3:
  65 0034 7047     		bx	lr
  66              	.L6:
  67 0036 00BF     		.align	2
  68              	.L5:
  69 0038 00000000 		.word	.LANCHOR0
  70              		.cfi_endproc
  71              	.LFE64:
  72              		.size	FilterSignal, .-FilterSignal
  73              		.section	.text.GetOffset,"ax",%progbits
  74              		.align	2
  75              		.global	GetOffset
  76              		.thumb
  77              		.thumb_func
  78              		.type	GetOffset, %function
  79              	GetOffset:
  80              	.LFB65:
  31:removeOffsetNoise.c **** 
  32:removeOffsetNoise.c **** int32 GetOffset(void){
  81              		.loc 1 32 0
  82              		.cfi_startproc
ARM GAS  C:\Users\Joshua\AppData\Local\Temp\ccDFzUka.s 			page 3


  83              		@ args = 0, pretend = 0, frame = 0
  84              		@ frame_needed = 0, uses_anonymous_args = 0
  85 0000 08B5     		push	{r3, lr}
  86              		.cfi_def_cfa_offset 8
  87              		.cfi_offset 3, -8
  88              		.cfi_offset 14, -4
  33:removeOffsetNoise.c ****     int32 result;
  34:removeOffsetNoise.c ****     AMux_1_FastSelect(AMUX_1_CDS);
  89              		.loc 1 34 0
  90 0002 0220     		movs	r0, #2
  91 0004 FFF7FEFF 		bl	AMux_1_FastSelect
  92              	.LVL4:
  35:removeOffsetNoise.c ****     ADC_DelSig_1_StartConvert();
  93              		.loc 1 35 0
  94 0008 FFF7FEFF 		bl	ADC_DelSig_1_StartConvert
  95              	.LVL5:
  36:removeOffsetNoise.c ****     ADC_DelSig_1_IsEndConversion(ADC_DelSig_1_WAIT_FOR_RESULT);
  96              		.loc 1 36 0
  97 000c 0020     		movs	r0, #0
  98 000e FFF7FEFF 		bl	ADC_DelSig_1_IsEndConversion
  99              	.LVL6:
  37:removeOffsetNoise.c ****     
  38:removeOffsetNoise.c ****     result = ADC_DelSig_1_GetResult32();
 100              		.loc 1 38 0
 101 0012 FFF7FEFF 		bl	ADC_DelSig_1_GetResult32
 102              	.LVL7:
  39:removeOffsetNoise.c ****     
  40:removeOffsetNoise.c ****     return result;
  41:removeOffsetNoise.c ****     
  42:removeOffsetNoise.c **** }
 103              		.loc 1 42 0
 104 0016 08BD     		pop	{r3, pc}
 105              		.cfi_endproc
 106              	.LFE65:
 107              		.size	GetOffset, .-GetOffset
 108              		.bss
 109              		.align	2
 110              		.set	.LANCHOR0,. + 0
 111              		.type	filteredValue.7854, %object
 112              		.size	filteredValue.7854, 8
 113              	filteredValue.7854:
 114 0000 00000000 		.space	8
 114      00000000 
 115              		.text
 116              	.Letext0:
 117              		.file 2 "c:\\program files (x86)\\cypress\\psoc creator\\4.1\\psoc creator\\import\\gnu\\arm\\5.4.
 118              		.file 3 "c:\\program files (x86)\\cypress\\psoc creator\\4.1\\psoc creator\\import\\gnu\\arm\\5.4.
 119              		.file 4 "Generated_Source\\PSoC5/cytypes.h"
 120              		.file 5 "Generated_Source\\PSoC5/AMux_1.h"
 121              		.file 6 "Generated_Source\\PSoC5/ADC_DelSig_1.h"
 122              		.file 7 "Generated_Source\\PSoC5/core_cm3.h"
 123              		.section	.debug_info,"",%progbits
 124              	.Ldebug_info0:
 125 0000 BB010000 		.4byte	0x1bb
 126 0004 0400     		.2byte	0x4
 127 0006 00000000 		.4byte	.Ldebug_abbrev0
 128 000a 04       		.byte	0x4
ARM GAS  C:\Users\Joshua\AppData\Local\Temp\ccDFzUka.s 			page 4


 129 000b 01       		.uleb128 0x1
 130 000c 3E000000 		.4byte	.LASF29
 131 0010 0C       		.byte	0xc
 132 0011 45010000 		.4byte	.LASF30
 133 0015 F6000000 		.4byte	.LASF31
 134 0019 00000000 		.4byte	.Ldebug_ranges0+0
 135 001d 00000000 		.4byte	0
 136 0021 00000000 		.4byte	.Ldebug_line0
 137 0025 02       		.uleb128 0x2
 138 0026 01       		.byte	0x1
 139 0027 06       		.byte	0x6
 140 0028 53020000 		.4byte	.LASF0
 141 002c 02       		.uleb128 0x2
 142 002d 01       		.byte	0x1
 143 002e 08       		.byte	0x8
 144 002f 30000000 		.4byte	.LASF1
 145 0033 02       		.uleb128 0x2
 146 0034 02       		.byte	0x2
 147 0035 05       		.byte	0x5
 148 0036 ED010000 		.4byte	.LASF2
 149 003a 02       		.uleb128 0x2
 150 003b 02       		.byte	0x2
 151 003c 07       		.byte	0x7
 152 003d 0A000000 		.4byte	.LASF3
 153 0041 03       		.uleb128 0x3
 154 0042 00000000 		.4byte	.LASF9
 155 0046 02       		.byte	0x2
 156 0047 3F       		.byte	0x3f
 157 0048 4C000000 		.4byte	0x4c
 158 004c 02       		.uleb128 0x2
 159 004d 04       		.byte	0x4
 160 004e 05       		.byte	0x5
 161 004f 24020000 		.4byte	.LASF4
 162 0053 02       		.uleb128 0x2
 163 0054 04       		.byte	0x4
 164 0055 07       		.byte	0x7
 165 0056 DE000000 		.4byte	.LASF5
 166 005a 02       		.uleb128 0x2
 167 005b 08       		.byte	0x8
 168 005c 05       		.byte	0x5
 169 005d C9010000 		.4byte	.LASF6
 170 0061 02       		.uleb128 0x2
 171 0062 08       		.byte	0x8
 172 0063 07       		.byte	0x7
 173 0064 74010000 		.4byte	.LASF7
 174 0068 04       		.uleb128 0x4
 175 0069 04       		.byte	0x4
 176 006a 05       		.byte	0x5
 177 006b 696E7400 		.ascii	"int\000"
 178 006f 02       		.uleb128 0x2
 179 0070 04       		.byte	0x4
 180 0071 07       		.byte	0x7
 181 0072 67010000 		.4byte	.LASF8
 182 0076 03       		.uleb128 0x3
 183 0077 B8010000 		.4byte	.LASF10
 184 007b 03       		.byte	0x3
 185 007c 2C       		.byte	0x2c
ARM GAS  C:\Users\Joshua\AppData\Local\Temp\ccDFzUka.s 			page 5


 186 007d 41000000 		.4byte	0x41
 187 0081 05       		.uleb128 0x5
 188 0082 2A000000 		.4byte	.LASF11
 189 0086 04       		.byte	0x4
 190 0087 9201     		.2byte	0x192
 191 0089 2C000000 		.4byte	0x2c
 192 008d 05       		.uleb128 0x5
 193 008e F0000000 		.4byte	.LASF12
 194 0092 04       		.byte	0x4
 195 0093 9701     		.2byte	0x197
 196 0095 4C000000 		.4byte	0x4c
 197 0099 02       		.uleb128 0x2
 198 009a 04       		.byte	0x4
 199 009b 04       		.byte	0x4
 200 009c 24000000 		.4byte	.LASF13
 201 00a0 02       		.uleb128 0x2
 202 00a1 08       		.byte	0x8
 203 00a2 04       		.byte	0x4
 204 00a3 1D000000 		.4byte	.LASF14
 205 00a7 02       		.uleb128 0x2
 206 00a8 01       		.byte	0x1
 207 00a9 08       		.byte	0x8
 208 00aa E1010000 		.4byte	.LASF15
 209 00ae 02       		.uleb128 0x2
 210 00af 08       		.byte	0x8
 211 00b0 04       		.byte	0x4
 212 00b1 47020000 		.4byte	.LASF16
 213 00b5 02       		.uleb128 0x2
 214 00b6 04       		.byte	0x4
 215 00b7 07       		.byte	0x7
 216 00b8 C0010000 		.4byte	.LASF17
 217 00bc 06       		.uleb128 0x6
 218 00bd AB010000 		.4byte	.LASF22
 219 00c1 01       		.byte	0x1
 220 00c2 12       		.byte	0x12
 221 00c3 8D000000 		.4byte	0x8d
 222 00c7 00000000 		.4byte	.LFB64
 223 00cb 3C000000 		.4byte	.LFE64-.LFB64
 224 00cf 01       		.uleb128 0x1
 225 00d0 9C       		.byte	0x9c
 226 00d1 12010000 		.4byte	0x112
 227 00d5 07       		.uleb128 0x7
 228 00d6 D7010000 		.4byte	.LASF18
 229 00da 01       		.byte	0x1
 230 00db 12       		.byte	0x12
 231 00dc 8D000000 		.4byte	0x8d
 232 00e0 00000000 		.4byte	.LLST0
 233 00e4 08       		.uleb128 0x8
 234 00e5 E6010000 		.4byte	.LASF19
 235 00e9 01       		.byte	0x1
 236 00ea 12       		.byte	0x12
 237 00eb 81000000 		.4byte	0x81
 238 00ef 01       		.uleb128 0x1
 239 00f0 51       		.byte	0x51
 240 00f1 09       		.uleb128 0x9
 241 00f2 59010000 		.4byte	.LASF20
 242 00f6 01       		.byte	0x1
ARM GAS  C:\Users\Joshua\AppData\Local\Temp\ccDFzUka.s 			page 6


 243 00f7 13       		.byte	0x13
 244 00f8 12010000 		.4byte	0x112
 245 00fc 05       		.uleb128 0x5
 246 00fd 03       		.byte	0x3
 247 00fe 00000000 		.4byte	filteredValue.7854
 248 0102 0A       		.uleb128 0xa
 249 0103 14020000 		.4byte	.LASF21
 250 0107 01       		.byte	0x1
 251 0108 14       		.byte	0x14
 252 0109 8D000000 		.4byte	0x8d
 253 010d 2E000000 		.4byte	.LLST1
 254 0111 00       		.byte	0
 255 0112 0B       		.uleb128 0xb
 256 0113 8D000000 		.4byte	0x8d
 257 0117 22010000 		.4byte	0x122
 258 011b 0C       		.uleb128 0xc
 259 011c B5000000 		.4byte	0xb5
 260 0120 01       		.byte	0x1
 261 0121 00       		.byte	0
 262 0122 06       		.uleb128 0x6
 263 0123 5F020000 		.4byte	.LASF23
 264 0127 01       		.byte	0x1
 265 0128 20       		.byte	0x20
 266 0129 8D000000 		.4byte	0x8d
 267 012d 00000000 		.4byte	.LFB65
 268 0131 18000000 		.4byte	.LFE65-.LFB65
 269 0135 01       		.uleb128 0x1
 270 0136 9C       		.byte	0x9c
 271 0137 81010000 		.4byte	0x181
 272 013b 09       		.uleb128 0x9
 273 013c A4010000 		.4byte	.LASF24
 274 0140 01       		.byte	0x1
 275 0141 21       		.byte	0x21
 276 0142 8D000000 		.4byte	0x8d
 277 0146 01       		.uleb128 0x1
 278 0147 50       		.byte	0x50
 279 0148 0D       		.uleb128 0xd
 280 0149 08000000 		.4byte	.LVL4
 281 014d 92010000 		.4byte	0x192
 282 0151 5B010000 		.4byte	0x15b
 283 0155 0E       		.uleb128 0xe
 284 0156 01       		.uleb128 0x1
 285 0157 50       		.byte	0x50
 286 0158 01       		.uleb128 0x1
 287 0159 32       		.byte	0x32
 288 015a 00       		.byte	0
 289 015b 0F       		.uleb128 0xf
 290 015c 0C000000 		.4byte	.LVL5
 291 0160 9D010000 		.4byte	0x19d
 292 0164 0D       		.uleb128 0xd
 293 0165 12000000 		.4byte	.LVL6
 294 0169 A8010000 		.4byte	0x1a8
 295 016d 77010000 		.4byte	0x177
 296 0171 0E       		.uleb128 0xe
 297 0172 01       		.uleb128 0x1
 298 0173 50       		.byte	0x50
 299 0174 01       		.uleb128 0x1
ARM GAS  C:\Users\Joshua\AppData\Local\Temp\ccDFzUka.s 			page 7


 300 0175 30       		.byte	0x30
 301 0176 00       		.byte	0
 302 0177 0F       		.uleb128 0xf
 303 0178 16000000 		.4byte	.LVL7
 304 017c B3010000 		.4byte	0x1b3
 305 0180 00       		.byte	0
 306 0181 10       		.uleb128 0x10
 307 0182 38010000 		.4byte	.LASF32
 308 0186 07       		.byte	0x7
 309 0187 1207     		.2byte	0x712
 310 0189 8D010000 		.4byte	0x18d
 311 018d 11       		.uleb128 0x11
 312 018e 76000000 		.4byte	0x76
 313 0192 12       		.uleb128 0x12
 314 0193 CC000000 		.4byte	.LASF25
 315 0197 CC000000 		.4byte	.LASF25
 316 019b 05       		.byte	0x5
 317 019c 27       		.byte	0x27
 318 019d 12       		.uleb128 0x12
 319 019e 2D020000 		.4byte	.LASF26
 320 01a2 2D020000 		.4byte	.LASF26
 321 01a6 06       		.byte	0x6
 322 01a7 3D       		.byte	0x3d
 323 01a8 12       		.uleb128 0x12
 324 01a9 F7010000 		.4byte	.LASF27
 325 01ad F7010000 		.4byte	.LASF27
 326 01b1 06       		.byte	0x6
 327 01b2 3F       		.byte	0x3f
 328 01b3 12       		.uleb128 0x12
 329 01b4 8B010000 		.4byte	.LASF28
 330 01b8 8B010000 		.4byte	.LASF28
 331 01bc 06       		.byte	0x6
 332 01bd 42       		.byte	0x42
 333 01be 00       		.byte	0
 334              		.section	.debug_abbrev,"",%progbits
 335              	.Ldebug_abbrev0:
 336 0000 01       		.uleb128 0x1
 337 0001 11       		.uleb128 0x11
 338 0002 01       		.byte	0x1
 339 0003 25       		.uleb128 0x25
 340 0004 0E       		.uleb128 0xe
 341 0005 13       		.uleb128 0x13
 342 0006 0B       		.uleb128 0xb
 343 0007 03       		.uleb128 0x3
 344 0008 0E       		.uleb128 0xe
 345 0009 1B       		.uleb128 0x1b
 346 000a 0E       		.uleb128 0xe
 347 000b 55       		.uleb128 0x55
 348 000c 17       		.uleb128 0x17
 349 000d 11       		.uleb128 0x11
 350 000e 01       		.uleb128 0x1
 351 000f 10       		.uleb128 0x10
 352 0010 17       		.uleb128 0x17
 353 0011 00       		.byte	0
 354 0012 00       		.byte	0
 355 0013 02       		.uleb128 0x2
 356 0014 24       		.uleb128 0x24
ARM GAS  C:\Users\Joshua\AppData\Local\Temp\ccDFzUka.s 			page 8


 357 0015 00       		.byte	0
 358 0016 0B       		.uleb128 0xb
 359 0017 0B       		.uleb128 0xb
 360 0018 3E       		.uleb128 0x3e
 361 0019 0B       		.uleb128 0xb
 362 001a 03       		.uleb128 0x3
 363 001b 0E       		.uleb128 0xe
 364 001c 00       		.byte	0
 365 001d 00       		.byte	0
 366 001e 03       		.uleb128 0x3
 367 001f 16       		.uleb128 0x16
 368 0020 00       		.byte	0
 369 0021 03       		.uleb128 0x3
 370 0022 0E       		.uleb128 0xe
 371 0023 3A       		.uleb128 0x3a
 372 0024 0B       		.uleb128 0xb
 373 0025 3B       		.uleb128 0x3b
 374 0026 0B       		.uleb128 0xb
 375 0027 49       		.uleb128 0x49
 376 0028 13       		.uleb128 0x13
 377 0029 00       		.byte	0
 378 002a 00       		.byte	0
 379 002b 04       		.uleb128 0x4
 380 002c 24       		.uleb128 0x24
 381 002d 00       		.byte	0
 382 002e 0B       		.uleb128 0xb
 383 002f 0B       		.uleb128 0xb
 384 0030 3E       		.uleb128 0x3e
 385 0031 0B       		.uleb128 0xb
 386 0032 03       		.uleb128 0x3
 387 0033 08       		.uleb128 0x8
 388 0034 00       		.byte	0
 389 0035 00       		.byte	0
 390 0036 05       		.uleb128 0x5
 391 0037 16       		.uleb128 0x16
 392 0038 00       		.byte	0
 393 0039 03       		.uleb128 0x3
 394 003a 0E       		.uleb128 0xe
 395 003b 3A       		.uleb128 0x3a
 396 003c 0B       		.uleb128 0xb
 397 003d 3B       		.uleb128 0x3b
 398 003e 05       		.uleb128 0x5
 399 003f 49       		.uleb128 0x49
 400 0040 13       		.uleb128 0x13
 401 0041 00       		.byte	0
 402 0042 00       		.byte	0
 403 0043 06       		.uleb128 0x6
 404 0044 2E       		.uleb128 0x2e
 405 0045 01       		.byte	0x1
 406 0046 3F       		.uleb128 0x3f
 407 0047 19       		.uleb128 0x19
 408 0048 03       		.uleb128 0x3
 409 0049 0E       		.uleb128 0xe
 410 004a 3A       		.uleb128 0x3a
 411 004b 0B       		.uleb128 0xb
 412 004c 3B       		.uleb128 0x3b
 413 004d 0B       		.uleb128 0xb
ARM GAS  C:\Users\Joshua\AppData\Local\Temp\ccDFzUka.s 			page 9


 414 004e 27       		.uleb128 0x27
 415 004f 19       		.uleb128 0x19
 416 0050 49       		.uleb128 0x49
 417 0051 13       		.uleb128 0x13
 418 0052 11       		.uleb128 0x11
 419 0053 01       		.uleb128 0x1
 420 0054 12       		.uleb128 0x12
 421 0055 06       		.uleb128 0x6
 422 0056 40       		.uleb128 0x40
 423 0057 18       		.uleb128 0x18
 424 0058 9742     		.uleb128 0x2117
 425 005a 19       		.uleb128 0x19
 426 005b 01       		.uleb128 0x1
 427 005c 13       		.uleb128 0x13
 428 005d 00       		.byte	0
 429 005e 00       		.byte	0
 430 005f 07       		.uleb128 0x7
 431 0060 05       		.uleb128 0x5
 432 0061 00       		.byte	0
 433 0062 03       		.uleb128 0x3
 434 0063 0E       		.uleb128 0xe
 435 0064 3A       		.uleb128 0x3a
 436 0065 0B       		.uleb128 0xb
 437 0066 3B       		.uleb128 0x3b
 438 0067 0B       		.uleb128 0xb
 439 0068 49       		.uleb128 0x49
 440 0069 13       		.uleb128 0x13
 441 006a 02       		.uleb128 0x2
 442 006b 17       		.uleb128 0x17
 443 006c 00       		.byte	0
 444 006d 00       		.byte	0
 445 006e 08       		.uleb128 0x8
 446 006f 05       		.uleb128 0x5
 447 0070 00       		.byte	0
 448 0071 03       		.uleb128 0x3
 449 0072 0E       		.uleb128 0xe
 450 0073 3A       		.uleb128 0x3a
 451 0074 0B       		.uleb128 0xb
 452 0075 3B       		.uleb128 0x3b
 453 0076 0B       		.uleb128 0xb
 454 0077 49       		.uleb128 0x49
 455 0078 13       		.uleb128 0x13
 456 0079 02       		.uleb128 0x2
 457 007a 18       		.uleb128 0x18
 458 007b 00       		.byte	0
 459 007c 00       		.byte	0
 460 007d 09       		.uleb128 0x9
 461 007e 34       		.uleb128 0x34
 462 007f 00       		.byte	0
 463 0080 03       		.uleb128 0x3
 464 0081 0E       		.uleb128 0xe
 465 0082 3A       		.uleb128 0x3a
 466 0083 0B       		.uleb128 0xb
 467 0084 3B       		.uleb128 0x3b
 468 0085 0B       		.uleb128 0xb
 469 0086 49       		.uleb128 0x49
 470 0087 13       		.uleb128 0x13
ARM GAS  C:\Users\Joshua\AppData\Local\Temp\ccDFzUka.s 			page 10


 471 0088 02       		.uleb128 0x2
 472 0089 18       		.uleb128 0x18
 473 008a 00       		.byte	0
 474 008b 00       		.byte	0
 475 008c 0A       		.uleb128 0xa
 476 008d 34       		.uleb128 0x34
 477 008e 00       		.byte	0
 478 008f 03       		.uleb128 0x3
 479 0090 0E       		.uleb128 0xe
 480 0091 3A       		.uleb128 0x3a
 481 0092 0B       		.uleb128 0xb
 482 0093 3B       		.uleb128 0x3b
 483 0094 0B       		.uleb128 0xb
 484 0095 49       		.uleb128 0x49
 485 0096 13       		.uleb128 0x13
 486 0097 02       		.uleb128 0x2
 487 0098 17       		.uleb128 0x17
 488 0099 00       		.byte	0
 489 009a 00       		.byte	0
 490 009b 0B       		.uleb128 0xb
 491 009c 01       		.uleb128 0x1
 492 009d 01       		.byte	0x1
 493 009e 49       		.uleb128 0x49
 494 009f 13       		.uleb128 0x13
 495 00a0 01       		.uleb128 0x1
 496 00a1 13       		.uleb128 0x13
 497 00a2 00       		.byte	0
 498 00a3 00       		.byte	0
 499 00a4 0C       		.uleb128 0xc
 500 00a5 21       		.uleb128 0x21
 501 00a6 00       		.byte	0
 502 00a7 49       		.uleb128 0x49
 503 00a8 13       		.uleb128 0x13
 504 00a9 2F       		.uleb128 0x2f
 505 00aa 0B       		.uleb128 0xb
 506 00ab 00       		.byte	0
 507 00ac 00       		.byte	0
 508 00ad 0D       		.uleb128 0xd
 509 00ae 898201   		.uleb128 0x4109
 510 00b1 01       		.byte	0x1
 511 00b2 11       		.uleb128 0x11
 512 00b3 01       		.uleb128 0x1
 513 00b4 31       		.uleb128 0x31
 514 00b5 13       		.uleb128 0x13
 515 00b6 01       		.uleb128 0x1
 516 00b7 13       		.uleb128 0x13
 517 00b8 00       		.byte	0
 518 00b9 00       		.byte	0
 519 00ba 0E       		.uleb128 0xe
 520 00bb 8A8201   		.uleb128 0x410a
 521 00be 00       		.byte	0
 522 00bf 02       		.uleb128 0x2
 523 00c0 18       		.uleb128 0x18
 524 00c1 9142     		.uleb128 0x2111
 525 00c3 18       		.uleb128 0x18
 526 00c4 00       		.byte	0
 527 00c5 00       		.byte	0
ARM GAS  C:\Users\Joshua\AppData\Local\Temp\ccDFzUka.s 			page 11


 528 00c6 0F       		.uleb128 0xf
 529 00c7 898201   		.uleb128 0x4109
 530 00ca 00       		.byte	0
 531 00cb 11       		.uleb128 0x11
 532 00cc 01       		.uleb128 0x1
 533 00cd 31       		.uleb128 0x31
 534 00ce 13       		.uleb128 0x13
 535 00cf 00       		.byte	0
 536 00d0 00       		.byte	0
 537 00d1 10       		.uleb128 0x10
 538 00d2 34       		.uleb128 0x34
 539 00d3 00       		.byte	0
 540 00d4 03       		.uleb128 0x3
 541 00d5 0E       		.uleb128 0xe
 542 00d6 3A       		.uleb128 0x3a
 543 00d7 0B       		.uleb128 0xb
 544 00d8 3B       		.uleb128 0x3b
 545 00d9 05       		.uleb128 0x5
 546 00da 49       		.uleb128 0x49
 547 00db 13       		.uleb128 0x13
 548 00dc 3F       		.uleb128 0x3f
 549 00dd 19       		.uleb128 0x19
 550 00de 3C       		.uleb128 0x3c
 551 00df 19       		.uleb128 0x19
 552 00e0 00       		.byte	0
 553 00e1 00       		.byte	0
 554 00e2 11       		.uleb128 0x11
 555 00e3 35       		.uleb128 0x35
 556 00e4 00       		.byte	0
 557 00e5 49       		.uleb128 0x49
 558 00e6 13       		.uleb128 0x13
 559 00e7 00       		.byte	0
 560 00e8 00       		.byte	0
 561 00e9 12       		.uleb128 0x12
 562 00ea 2E       		.uleb128 0x2e
 563 00eb 00       		.byte	0
 564 00ec 3F       		.uleb128 0x3f
 565 00ed 19       		.uleb128 0x19
 566 00ee 3C       		.uleb128 0x3c
 567 00ef 19       		.uleb128 0x19
 568 00f0 6E       		.uleb128 0x6e
 569 00f1 0E       		.uleb128 0xe
 570 00f2 03       		.uleb128 0x3
 571 00f3 0E       		.uleb128 0xe
 572 00f4 3A       		.uleb128 0x3a
 573 00f5 0B       		.uleb128 0xb
 574 00f6 3B       		.uleb128 0x3b
 575 00f7 0B       		.uleb128 0xb
 576 00f8 00       		.byte	0
 577 00f9 00       		.byte	0
 578 00fa 00       		.byte	0
 579              		.section	.debug_loc,"",%progbits
 580              	.Ldebug_loc0:
 581              	.LLST0:
 582 0000 00000000 		.4byte	.LVL0
 583 0004 02000000 		.4byte	.LVL1
 584 0008 0100     		.2byte	0x1
ARM GAS  C:\Users\Joshua\AppData\Local\Temp\ccDFzUka.s 			page 12


 585 000a 50       		.byte	0x50
 586 000b 02000000 		.4byte	.LVL1
 587 000f 30000000 		.4byte	.LVL2
 588 0013 0100     		.2byte	0x1
 589 0015 50       		.byte	0x50
 590 0016 30000000 		.4byte	.LVL2
 591 001a 3C000000 		.4byte	.LFE64
 592 001e 0600     		.2byte	0x6
 593 0020 F3       		.byte	0xf3
 594 0021 01       		.uleb128 0x1
 595 0022 50       		.byte	0x50
 596 0023 38       		.byte	0x38
 597 0024 24       		.byte	0x24
 598 0025 9F       		.byte	0x9f
 599 0026 00000000 		.4byte	0
 600 002a 00000000 		.4byte	0
 601              	.LLST1:
 602 002e 30000000 		.4byte	.LVL2
 603 0032 34000000 		.4byte	.LVL3
 604 0036 0800     		.2byte	0x8
 605 0038 73       		.byte	0x73
 606 0039 00       		.sleb128 0
 607 003a 38       		.byte	0x38
 608 003b 26       		.byte	0x26
 609 003c 70       		.byte	0x70
 610 003d 00       		.sleb128 0
 611 003e 22       		.byte	0x22
 612 003f 9F       		.byte	0x9f
 613 0040 34000000 		.4byte	.LVL3
 614 0044 3C000000 		.4byte	.LFE64
 615 0048 0100     		.2byte	0x1
 616 004a 50       		.byte	0x50
 617 004b 00000000 		.4byte	0
 618 004f 00000000 		.4byte	0
 619              		.section	.debug_aranges,"",%progbits
 620 0000 24000000 		.4byte	0x24
 621 0004 0200     		.2byte	0x2
 622 0006 00000000 		.4byte	.Ldebug_info0
 623 000a 04       		.byte	0x4
 624 000b 00       		.byte	0
 625 000c 0000     		.2byte	0
 626 000e 0000     		.2byte	0
 627 0010 00000000 		.4byte	.LFB64
 628 0014 3C000000 		.4byte	.LFE64-.LFB64
 629 0018 00000000 		.4byte	.LFB65
 630 001c 18000000 		.4byte	.LFE65-.LFB65
 631 0020 00000000 		.4byte	0
 632 0024 00000000 		.4byte	0
 633              		.section	.debug_ranges,"",%progbits
 634              	.Ldebug_ranges0:
 635 0000 00000000 		.4byte	.LFB64
 636 0004 3C000000 		.4byte	.LFE64
 637 0008 00000000 		.4byte	.LFB65
 638 000c 18000000 		.4byte	.LFE65
 639 0010 00000000 		.4byte	0
 640 0014 00000000 		.4byte	0
 641              		.section	.debug_line,"",%progbits
ARM GAS  C:\Users\Joshua\AppData\Local\Temp\ccDFzUka.s 			page 13


 642              	.Ldebug_line0:
 643 0000 AD010000 		.section	.debug_str,"MS",%progbits,1
 643      02007701 
 643      00000201 
 643      FB0E0D00 
 643      01010101 
 644              	.LASF9:
 645 0000 5F5F696E 		.ascii	"__int32_t\000"
 645      7433325F 
 645      7400
 646              	.LASF3:
 647 000a 73686F72 		.ascii	"short unsigned int\000"
 647      7420756E 
 647      7369676E 
 647      65642069 
 647      6E7400
 648              	.LASF14:
 649 001d 646F7562 		.ascii	"double\000"
 649      6C6500
 650              	.LASF13:
 651 0024 666C6F61 		.ascii	"float\000"
 651      7400
 652              	.LASF11:
 653 002a 75696E74 		.ascii	"uint8\000"
 653      3800
 654              	.LASF1:
 655 0030 756E7369 		.ascii	"unsigned char\000"
 655      676E6564 
 655      20636861 
 655      7200
 656              	.LASF29:
 657 003e 474E5520 		.ascii	"GNU C11 5.4.1 20160609 (release) [ARM/embedded-5-br"
 657      43313120 
 657      352E342E 
 657      31203230 
 657      31363036 
 658 0071 616E6368 		.ascii	"anch revision 237715] -mcpu=cortex-m3 -mthumb -g -O"
 658      20726576 
 658      6973696F 
 658      6E203233 
 658      37373135 
 659 00a4 67202D66 		.ascii	"g -ffunction-sections -ffat-lto-objects\000"
 659      66756E63 
 659      74696F6E 
 659      2D736563 
 659      74696F6E 
 660              	.LASF25:
 661 00cc 414D7578 		.ascii	"AMux_1_FastSelect\000"
 661      5F315F46 
 661      61737453 
 661      656C6563 
 661      7400
 662              	.LASF5:
 663 00de 6C6F6E67 		.ascii	"long unsigned int\000"
 663      20756E73 
 663      69676E65 
 663      6420696E 
ARM GAS  C:\Users\Joshua\AppData\Local\Temp\ccDFzUka.s 			page 14


 663      7400
 664              	.LASF12:
 665 00f0 696E7433 		.ascii	"int32\000"
 665      3200
 666              	.LASF31:
 667 00f6 433A5C55 		.ascii	"C:\\Users\\Joshua\\Documents\\PSoC Creator\\Workspa"
 667      73657273 
 667      5C4A6F73 
 667      6875615C 
 667      446F6375 
 668 0124 63653031 		.ascii	"ce01\\Design01.cydsn\000"
 668      5C446573 
 668      69676E30 
 668      312E6379 
 668      64736E00 
 669              	.LASF32:
 670 0138 49544D5F 		.ascii	"ITM_RxBuffer\000"
 670      52784275 
 670      66666572 
 670      00
 671              	.LASF30:
 672 0145 72656D6F 		.ascii	"removeOffsetNoise.c\000"
 672      76654F66 
 672      66736574 
 672      4E6F6973 
 672      652E6300 
 673              	.LASF20:
 674 0159 66696C74 		.ascii	"filteredValue\000"
 674      65726564 
 674      56616C75 
 674      6500
 675              	.LASF8:
 676 0167 756E7369 		.ascii	"unsigned int\000"
 676      676E6564 
 676      20696E74 
 676      00
 677              	.LASF7:
 678 0174 6C6F6E67 		.ascii	"long long unsigned int\000"
 678      206C6F6E 
 678      6720756E 
 678      7369676E 
 678      65642069 
 679              	.LASF28:
 680 018b 4144435F 		.ascii	"ADC_DelSig_1_GetResult32\000"
 680      44656C53 
 680      69675F31 
 680      5F476574 
 680      52657375 
 681              	.LASF24:
 682 01a4 72657375 		.ascii	"result\000"
 682      6C7400
 683              	.LASF22:
 684 01ab 46696C74 		.ascii	"FilterSignal\000"
 684      65725369 
 684      676E616C 
 684      00
 685              	.LASF10:
ARM GAS  C:\Users\Joshua\AppData\Local\Temp\ccDFzUka.s 			page 15


 686 01b8 696E7433 		.ascii	"int32_t\000"
 686      325F7400 
 687              	.LASF17:
 688 01c0 73697A65 		.ascii	"sizetype\000"
 688      74797065 
 688      00
 689              	.LASF6:
 690 01c9 6C6F6E67 		.ascii	"long long int\000"
 690      206C6F6E 
 690      6720696E 
 690      7400
 691              	.LASF18:
 692 01d7 41444353 		.ascii	"ADCSample\000"
 692      616D706C 
 692      6500
 693              	.LASF15:
 694 01e1 63686172 		.ascii	"char\000"
 694      00
 695              	.LASF19:
 696 01e6 73656E73 		.ascii	"sensor\000"
 696      6F7200
 697              	.LASF2:
 698 01ed 73686F72 		.ascii	"short int\000"
 698      7420696E 
 698      7400
 699              	.LASF27:
 700 01f7 4144435F 		.ascii	"ADC_DelSig_1_IsEndConversion\000"
 700      44656C53 
 700      69675F31 
 700      5F497345 
 700      6E64436F 
 701              	.LASF21:
 702 0214 66696C56 		.ascii	"filValueRounded\000"
 702      616C7565 
 702      526F756E 
 702      64656400 
 703              	.LASF4:
 704 0224 6C6F6E67 		.ascii	"long int\000"
 704      20696E74 
 704      00
 705              	.LASF26:
 706 022d 4144435F 		.ascii	"ADC_DelSig_1_StartConvert\000"
 706      44656C53 
 706      69675F31 
 706      5F537461 
 706      7274436F 
 707              	.LASF16:
 708 0247 6C6F6E67 		.ascii	"long double\000"
 708      20646F75 
 708      626C6500 
 709              	.LASF0:
 710 0253 7369676E 		.ascii	"signed char\000"
 710      65642063 
 710      68617200 
 711              	.LASF23:
 712 025f 4765744F 		.ascii	"GetOffset\000"
 712      66667365 
ARM GAS  C:\Users\Joshua\AppData\Local\Temp\ccDFzUka.s 			page 16


 712      7400
 713              		.ident	"GCC: (GNU Tools for ARM Embedded Processors) 5.4.1 20160609 (release) [ARM/embedded-5-bran
